HRLQ -138.8289 59.4924 5C
MM04 -134.5509 60.2400 7C
ANM -165.3732 64.5646 AK
BAGL -142.0915 60.4896 AK
BAL -142.3462 61.0360 AK
BARK -142.4931 60.4030 AK
BARN -141.6622 61.0595 AK
BCP -139.6369 59.9534 AK
BERG -143.7004 60.3932 AK
BESE -134.8559 58.5792 AK
BGLC -143.2841 60.1205 AK
BMR -144.6051 60.9677 AK
BPAW -150.9873 64.0997 AK
BRLK -150.9063 59.7511 AK
BRSE -150.7414 59.7417 AK
BWN -149.2991 64.1732 AK
CAPN -151.1539 60.7683 AK
CAST -152.0844 63.4188 AK
CCB -147.8053 64.6453 AK
CHI -155.6225 55.8218 AK
CHN -159.5895 54.8310 AK
CHUM -152.3152 63.8827 AK
CNP -151.2373 59.5251 AK
COLD -150.2038 67.2269 AK
CRQ -143.0926 60.7523 AK
CTG -141.3401 60.9649 AK
CUT -150.2625 62.4058 AK
CYK -142.4872 60.0823 AK
DCPH -138.2154 59.0906 AK
DHY -147.3759 63.0753 AK
DIV -145.7749 61.1292 AK
DOT -144.0697 63.6482 AK
EYAK -145.7500 60.5487 AK
FALS -163.4176 54.8564 AK
FID -146.5987 60.7277 AK
FIRE -150.2164 61.1426 AK
FYU -145.2342 66.5657 AK
GAMB -171.7036 63.7758 AK
GCSA -156.8792 64.7461 AK
GHO -148.9260 61.7710 AK
GLB -143.8123 61.4417 AK
GLI -147.0959 60.8792 AK
GOAT -144.7292 60.5805 AK
GRIN -143.3210 60.2805 AK
GRNC -141.7558 60.7315 AK
HDA -146.9482 64.4091 AK
HIN -146.5035 60.3960 AK
HMT -144.2623 60.3351 AK
HOM -151.6515 59.6572 AK
ISLE -142.3406 60.6024 AK
JIS -134.3848 58.2758 AK
KAI -144.4188 59.9268 AK
KHIT -143.2510 60.4427 AK
KIAG -142.3605 60.9231 AK
KLU -145.9227 61.4924 AK
KNK -148.4585 61.4131 AK
KOTZ -162.6000 66.8951 AK
KTH -150.9233 63.5527 AK
KULT -142.7234 60.2474 AK
LOGN -141.0048 60.8240 AK
MCAR -143.0240 61.3836 AK
MCK -148.9373 63.7318 AK
MDM -148.2319 64.9602 AK
MESA -141.9505 60.1785 AK
MLY -150.7442 65.0304 AK
NEA -149.0706 64.5922 AK
NEA2 -149.0694 64.5928 AK
NICH -143.9692 60.2361 AK
NIKH -168.8550 52.9721 AK
NOTK -162.9714 67.5795 AK
PAX -145.4699 62.9699 AK
PIN -140.2525 60.0959 AK
PNL -139.4014 59.6670 AK
PPD -145.5246 65.5174 AK
PPLA -152.1894 62.8962 AK
PTPK -142.4672 61.1871 AK
PWL -148.3334 60.8584 AK
RAG -144.6773 60.3863 AK
RC01 -149.7390 61.0889 AK
RDOG -162.9080 68.0541 AK
RIDG -144.8462 63.7399 AK
RKAV -141.3478 60.2994 AK
RND -148.8602 63.4056 AK
SAMH -140.7828 60.1294 AK
SAW -148.3316 61.8070 AK
SCM -147.3290 61.8320 AK
SCRK -143.9905 63.9761 AK
SGA -145.2082 60.5341 AK
SII -154.1842 56.5593 AK
SKN -151.5317 61.9800 AK
SLK -150.2231 60.5117 AK
SPIA -170.2477 57.1766 AK
SSN -150.7467 61.4636 AK
SSP -142.8388 60.1791 AK
SUCK -143.7790 60.0720 AK
SWD -149.4526 60.1043 AK
TABL -141.1443 60.4399 AK
TGL -142.8292 60.7541 AK
TNA -167.9267 65.5598 AK
TRF -150.2893 63.4502 AK
UNV -166.5045 53.8452 AK
VRDI -143.4545 61.2275 AK
WAT1 -148.5509 62.8295 AK
WAT2 -148.5855 62.9628 AK
WAT3 -148.5377 62.6812 AK
WAT4 -147.9421 62.8349 AK
WAT5 -148.2286 63.0624 AK
WAT6 -147.7400 62.5808 AK
WAT7 -148.8476 62.8331 AK
WAX -142.8529 60.4480 AK
WRH -148.0918 64.4716 AK
YAH -141.7510 60.3583 AK
PMR -149.1308 61.5922 AT
SIT -135.3244 57.0569 AT
BBB -128.1133 52.1847 CN
INK -133.5254 68.3065 CN
COL -147.7933 64.9000 DW
KDAK -152.5835 57.7828 II
COL -147.7933 64.9000 IU
COLA -147.8616 64.8736 IU
A19K -161.0713 70.2043 TA
A21K -156.6175 71.3221 TA
A22K -154.9742 71.0033 TA
A36M -125.2472 71.9871 TA
B18K -161.8016 69.3641 TA
B20K -157.1599 70.0079 TA
B21K -154.6128 69.6211 TA
B22K -153.4196 70.3400 TA
C16K -165.3436 68.2746 TA
C17K -163.1776 68.4753 TA
C18K -161.1943 68.6483 TA
C19K -159.5874 69.1049 TA
C21K -154.7833 69.1565 TA
C23K -150.6126 69.8360 TA
C24K -148.7009 69.7200 TA
C26K -144.9122 69.9175 TA
C27K -143.7114 69.6260 TA
C36M -124.0703 69.3475 TA
D17K -163.0831 67.6988 TA
D19K -158.1151 68.4946 TA
D20K -156.6132 68.7132 TA
D22K -152.6821 68.8799 TA
D23K -150.6807 68.9656 TA
D24K -148.8233 69.1532 TA
D25K -146.3751 69.3220 TA
D27M -140.9648 69.2430 TA
D28M -138.7367 69.3286 TA
E17K -161.8262 67.0820 TA
E18K -160.6027 67.4213 TA
E19K -157.2316 67.4572 TA
E20K -156.1885 68.2575 TA
E21K -153.9721 68.4414 TA
E22K -151.8132 68.1343 TA
E23K -149.6163 68.0584 TA
E24K -148.4868 68.0748 TA
E25K -145.5680 68.1207 TA
E27K -141.5951 68.1861 TA
E28M -139.5349 68.6043 TA
E29M -137.8969 68.3889 TA
EPYK -136.7191 66.3701 TA
F14K -166.3288 65.4742 TA
F15K -164.6483 65.7077 TA
F17K -161.2502 66.4420 TA
F18K -159.6514 66.6001 TA
F19K -157.7728 66.8332 TA
F20K -155.7251 67.0486 TA
F21K -153.4830 67.2221 TA
F22K -152.1790 67.5076 TA
F24K -147.8871 67.5187 TA
F25K -145.6430 67.5933 TA
F26K -144.1455 67.6946 TA
F28M -139.8717 67.6136 TA
F30M -135.7863 67.6106 TA
F31M -133.7420 67.4410 TA
G15K -164.0386 64.9941 TA
G16K -162.3547 65.3936 TA
G17K -160.6514 65.5011 TA
G18K -158.6540 65.8950 TA
G19K -157.0870 66.1434 TA
G21K -153.5058 66.5156 TA
G22K -151.5073 66.9214 TA
G23K -150.0239 66.7108 TA
G24K -147.4754 66.7004 TA
G25K -146.1013 66.7653 TA
G26K -143.7848 66.9498 TA
G27K -141.6549 66.8088 TA
G29M -138.0223 66.9116 TA
G30M -136.2216 66.9808 TA
G31M -134.2708 66.9227 TA
H16K -162.2390 64.6379 TA
H17K -159.9126 64.9370 TA
H18K -158.3633 65.1527 TA
H19K -156.4494 65.5276 TA
H20K -154.8808 65.4924 TA
H21K -152.8050 65.6571 TA
H22K -151.3773 65.8937 TA
H23K -149.5432 65.8251 TA
H24K -147.8781 65.8371 TA
H25K -145.8197 66.2670 TA
H25L -145.8187 66.2670 TA
H27K -141.5265 66.2305 TA
H29M -138.3689 66.2191 TA
H31M -134.3426 65.8052 TA
HARP -145.1568 62.3987 TA
HDA -146.9482 64.4091 TA
I17K -160.6950 63.8864 TA
I20K -154.4783 64.7962 TA
I21K -151.9822 65.1800 TA
I23K -149.3603 65.1479 TA
I26K -143.1541 65.3064 TA
I27K -141.6153 65.6035 TA
I28M -139.9355 65.4483 TA
I29M -138.3063 65.3609 TA
I30M -136.3767 65.2225 TA
J14K -163.5540 62.7492 TA
J16K -160.6021 63.2842 TA
J17K -159.0777 63.3965 TA
J18K -156.7154 63.4650 TA
J19K -155.6214 63.9940 TA
J20K -154.1467 64.1767 TA
J25K -145.3697 64.6130 TA
J26K -143.7990 64.5654 TA
J26L -143.5636 64.5012 TA
J29M -138.2158 64.4530 TA
J29N -138.2164 64.4525 TA
J30M -136.3304 64.5753 TA
K13K -164.6555 61.9331 TA
K15K -161.5308 62.2938 TA
K17K -158.3014 62.7161 TA
K20K -154.0700 63.3569 TA
K24K -145.7784 63.8036 TA
K27K -142.0758 64.0292 TA
K29M -137.5201 63.8433 TA
L14K -162.6829 61.3416 TA
L15K -161.4869 61.6780 TA
L16K -159.4747 61.7105 TA
L17K -158.2972 62.1344 TA
L18K -156.6886 62.2195 TA
L19K -154.8543 62.1816 TA
L20K -153.8798 62.4787 TA
L26K -143.3478 63.0254 TA
L27K -141.8275 63.0618 TA
L29M -138.1290 63.1090 TA
M11K -166.2011 60.3849 TA
M13K -163.3500 60.4135 TA
M14K -161.9600 60.7515 TA
M15K -160.6884 60.6947 TA
M16K -158.9593 61.0224 TA
M17K -157.4375 61.4009 TA
M18K -155.8242 61.4907 TA
M19K -154.3915 61.9037 TA
M20K -153.1318 61.8823 TA
M22K -150.1205 61.7531 TA
M23K -147.7262 61.7929 TA
M24K -146.1750 62.1067 TA
M26K -142.9963 62.4013 TA
M27K -141.8780 62.3579 TA
M29M -138.4624 62.4435 TA
M30M -136.7935 62.5763 TA
M31M -134.3906 62.2024 TA
N14K -161.6852 59.9237 TA
N15K -160.0921 60.1686 TA
N16K -158.7690 60.4742 TA
N17K -157.1867 60.5269 TA
N18K -155.8897 60.6801 TA
N19K -154.4838 60.8132 TA
N20K -152.2089 61.2001 TA
N25K -144.5982 61.6061 TA
N30M -137.0885 61.4593 TA
N31M -135.7796 61.4862 TA
N32M -133.0818 61.1512 TA
O14K -161.2638 59.2533 TA
O15K -159.8246 59.1767 TA
O16K -158.0932 59.5938 TA
O17K -157.0946 59.7733 TA
O18K -155.2080 59.8542 TA
O19K -154.3201 60.1952 TA
O20K -152.6240 60.0815 TA
O22K -149.7241 60.4814 TA
O28M -140.1906 60.7718 TA
O29M -138.5755 60.3024 TA
O30N -136.0906 60.7704 TA
P08K -169.5484 56.6011 TA
P16K -157.9906 59.0314 TA
P17K -156.4394 59.1953 TA
P18K -155.2292 59.3922 TA
P19K -153.2319 59.6524 TA
P23K -147.4031 59.9979 TA
P29M -137.7381 59.6304 TA
P30M -136.9598 60.1218 TA
P32M -133.7147 59.5898 TA
P33M -132.8174 60.2114 TA
POKR -147.4335 65.1171 TA
Q16K -156.6556 58.6774 TA
Q17K -155.8865 58.2637 TA
Q18K -155.0086 58.6484 TA
Q19K -153.6446 58.9287 TA
Q20K -152.3942 58.6097 TA
Q23K -146.3399 59.4296 TA
Q32M -132.2691 58.9601 TA
R16K -157.5742 57.5673 TA
R17K -156.3872 57.6397 TA
R18K -154.4524 57.5665 TA
R31K -135.7398 58.4133 TA
R32K -134.5181 58.2747 TA
R33M -130.9673 59.3946 TA
S12K -162.0610 55.7030 TA
S14K -159.5532 56.2848 TA
S31K -136.2320 57.9616 TA
S32K -134.5763 57.4688 TA
S34M -131.1312 57.9128 TA
T33K -132.9524 56.8144 TA
T35M -130.2496 56.9811 TA
TCOL -147.8618 64.8735 TA
TOLK -149.5724 68.6408 TA
U33K -133.1210 56.1146 TA
U35K -130.0257 55.9154 TA
V35K -131.6150 55.3279 TA
EGAK -141.1581 64.7774 US
WRAK -132.3466 56.4191 US
AND -149.1996 64.3306 XE
ANT -149.4831 63.0992 XE
BSH -149.2951 64.1713 XE
BYR -150.2318 62.6893 XE
CAR -148.8016 63.5831 XE
CZN -146.6436 63.1033 XE
DH1 -148.3829 63.3734 XE
DH2 -147.8552 63.2652 XE
DH3 -147.1438 63.0345 XE
EFS -149.7814 63.5581 XE
FID -150.0691 62.7622 XE
GNR -148.9780 63.8345 XE
GOO -149.2705 63.2286 XE
HURN -149.6064 62.9991 XE
MCK -148.9368 63.7323 XE
MHR -149.8648 62.8603 XE
NNA -149.0786 64.5797 XE
PVE -150.6640 62.3551 XE
PVW -150.8039 62.5277 XE
PYY -149.7117 62.9094 XE
RCK -149.1660 64.0412 XE
RND -148.8601 63.4057 XE
RND5 -148.8551 63.4015 XE
RNDE -148.8150 63.4003 XE
RNDN -148.8778 63.4157 XE
RNDR -148.8674 63.4014 XE
RNDS -148.8676 63.3896 XE
SAN -149.4775 63.7231 XE
SBL -150.1999 63.4686 XE
SLM -148.8049 63.5067 XE
SLT -149.1212 63.9391 XE
SOB -149.2993 64.1702 XE
TCE -150.3142 62.3147 XE
TLKY -150.0609 62.1500 XE
WOLF -150.2039 62.5604 XE
WON -150.8543 63.4621 XE
YAN -148.7749 63.6559 XE
BOOM -141.4059 60.1556 XF
BUBH -141.4208 60.2397 XF
BUSH -141.3717 60.1180 XF
CNTR -141.4352 60.2325 XF
COAL -141.3255 60.1912 XF
COED -141.4479 60.2376 XF
DOST -141.3858 60.1720 XF
FUFU -141.4250 60.2274 XF
GOAT -141.4530 60.1369 XF
GONR -141.3958 60.2147 XF
GRAP -141.4547 60.2663 XF
JANK -141.4767 60.2339 XF
KAVU -141.5498 60.2235 XF
LEFT -141.4443 60.2275 XF
LINA -141.4162 60.2186 XF
LINB -141.4294 60.2226 XF
LINC -141.4382 60.2277 XF
LIND -141.4497 60.2321 XF
LINE -141.4594 60.2344 XF
LINF -141.4699 60.2384 XF
LUPN -141.3479 60.1592 XF
STEW -141.4543 60.2176 XF
TARD -141.3741 60.2469 XF
TRIP -141.3727 60.1298 XF
BBB -147.0481 61.1216 XL
A02 -123.2644 59.4036 XN
B02 -124.2338 58.6528 XN
B03 -124.7726 58.6614 XN
B04 -125.2314 58.8471 XN
B05 -125.7670 58.9305 XN
B06 -126.1088 59.4223 XN
B07 -126.9501 59.6548 XN
B08 -127.7758 60.0057 XN
B09 -128.8046 60.1197 XN
B10 -129.7200 60.1576 XN
B11 -130.6070 60.0870 XN
B12 -131.7444 59.9330 XN
B13 -132.7457 60.1694 XN
B14 -133.3067 60.4834 XN
B15 -134.2474 60.4340 XN
C01 -122.7162 58.3883 XN
C02 -122.7139 58.0965 XN
C03 -122.9880 57.7103 XN
C04 -122.8540 57.3900 XN
C05 -122.5770 57.0779 XN
BMQ -149.8236 67.8516 XR
CBM -150.2635 66.2066 XR
CHS -149.5817 68.0789 XR
FRB -148.6985 69.7162 XR
GBN -150.6710 66.7192 XR
GTM -161.2778 65.4015 XR
ICT -148.8360 69.0223 XR
LMW -148.5113 65.5114 XR
LVG -148.5514 65.5220 XR
NOM -165.3383 64.5695 XR
PRB -148.4457 70.2036 XR
RBY -155.4660 64.7400 XR
SAG -148.6940 69.4240 XR
TFS -149.5900 68.6274 XR
WSM -150.1100 67.3812 XR
YRT -149.5429 65.8250 XR
F1TN -149.1595 64.6544 XV
F2TN -149.1327 64.7090 XV
F3TN -149.1465 64.7716 XV
F4TN -149.1529 64.8338 XV
F5MN -149.1814 64.8857 XV
F6TP -149.5598 64.8700 XV
F7TV -149.8256 64.8537 XV
F8KN -149.9307 64.7653 XV
FAPT -149.0831 64.5498 XV
FNN1 -149.2178 64.5716 XV
FNN2 -149.4456 64.5756 XV
FPAP -149.0992 64.6130 XV
FTGH -148.8279 64.6917 XV
BN01 -129.2550 53.4250 XY
BN02 -129.2570 53.5170 XY
BN04 -129.0570 53.6730 XY
BN05 -129.0260 53.7690 XY
BN06 -128.9020 53.8190 XY
BN07 -128.6790 53.9000 XY
BN08 -128.6270 54.0360 XY
BN09 -128.6240 54.0930 XY
BN10 -128.5760 54.1700 XY
BN11 -128.5210 54.2620 XY
BN12 -128.5640 54.3580 XY
BN13 -128.5840 54.4670 XY
BN13A -128.5660 54.5020 XY
BN14 -128.4580 54.5390 XY
BN15 -128.4000 54.6360 XY
BN16 -128.3230 54.7220 XY
BN17 -128.3040 54.8010 XY
BN18 -128.3350 54.8510 XY
BN19 -128.3190 55.0180 XY
BN20 -128.1540 55.0840 XY
BN21 -127.7330 55.1790 XY
BN22 -127.6150 55.2670 XY
BN23 -127.6410 55.4110 XY
BS01 -127.5753 52.1577 XY
BS02 -127.4724 52.1871 XY
BS03 -127.3563 52.2602 XY
BS04 -127.2581 52.2882 XY
BS04M -127.2558 52.2940 XY
BS05 -127.1531 52.3171 XY
BS06 -126.9790 52.3437 XY
BS07 -126.8350 52.3901 XY
BS09 -126.6847 52.3748 XY
BS10 -126.5546 52.4040 XY
BS11 -126.4175 52.4315 XY
BS12 -126.3451 52.4415 XY
BS12M -126.3465 52.4412 XY
BS13 -126.2175 52.4386 XY
BS14 -126.1310 52.4069 XY
BS15 -126.0672 52.3681 XY
BS15A -125.9665 52.3981 XY
BS16 -125.8504 52.4019 XY
BS17 -125.7773 52.3620 XY
BS18 -125.6327 52.4126 XY
BS19 -125.5080 52.3773 XY
BS21 -125.2622 52.3800 XY
BS22 -125.0830 52.3782 XY
BAGL -142.0915 60.4896 XZ
BARK -142.4931 60.4030 XZ
BARN -141.6621 61.0595 XZ
BERG -143.7038 60.3923 XZ
BGLC -143.2841 60.1205 XZ
GOAT -144.7292 60.5805 XZ
GRIN -143.3210 60.2805 XZ
GRNC -141.7558 60.7315 XZ
ISLE -142.3411 60.6020 XZ
KHIT -143.2510 60.4427 XZ
KIAG -142.3607 60.9231 XZ
KULT -142.7234 60.2474 XZ
LOGN -141.0048 60.8241 XZ
MCAR -143.0240 61.3836 XZ
MESA -141.9505 60.1785 XZ
NICH -143.9692 60.2361 XZ
PTPK -142.4670 61.1870 XZ
RKAV -141.3478 60.2994 XZ
SAMH -140.7828 60.1294 XZ
SUCK -143.7790 60.0720 XZ
TABL -141.1443 60.4399 XZ
VRDI -143.4545 61.2275 XZ
PIC1 -147.4332 65.1173 YE
PIC4 -147.4304 65.1176 YE
TIDE -139.5458 59.9722 YO
ALPI -149.5397 61.2448 YV
AVAL -149.3468 60.3755 YV
BIGB -149.8174 61.5919 YV
BING -150.7040 60.5169 YV
BLAK -148.4171 60.7746 YV
BYR -150.2320 62.6892 YV
CASW -150.0535 62.0056 YV
CLRS -148.1780 60.7458 YV
COOK -151.0176 60.7990 YV
DEVL -149.5941 60.5508 YV
DIVI -149.3559 60.2564 YV
HEAD -149.4095 60.0084 YV
HOLG -149.7697 59.8351 YV
HOPE -149.5977 60.8738 YV
HOPJ -149.4255 60.7760 YV
INDI -149.4979 61.0010 YV
KASH -150.0817 61.8636 YV
KNIK -149.6688 61.4859 YV
LSKI -150.4617 60.4832 YV
LSUM -149.4810 60.6717 YV
MAIN -148.0914 60.5183 YV
MCDC -149.5454 61.3427 YV
MOOP -149.3739 60.4754 YV
MPEN -150.4823 60.7352 YV
NANC -150.0294 61.6954 YV
NSKI -151.2770 60.6622 YV
PERI -147.9534 60.7098 YV
PORT -148.9316 60.8049 YV
RUSS -150.0316 60.4881 YV
SNUG -149.7468 60.4731 YV
SOLD -151.0815 60.4641 YV
TUPA -149.1872 60.8045 YV
USKI -150.1900 60.4601 YV
WHIT -148.6238 60.7866 YV
MPEN -150.4819 60.7351 ZE
