A19K -161.0713 70.2043 TA 
A21K -156.6175 71.3221 TA
A22K -154.9742 71.0033 TA
A36M -125.2472 71.9871 TA
B18K -161.8016 69.3641 TA
B20K -157.1599 70.0079 TA
B21K -154.6128 69.6211 TA
B22K -153.4196 70.3400 TA
C16K -165.3436 68.2746 TA
C17K -163.1776 68.4753 TA
C18K -161.1943 68.6483 TA
C19K -159.5874 69.1049 TA
C21K -154.7833 69.1565 TA
C23K -150.6126 69.8360 TA
C24K -148.7009 69.7200 TA
C26K -144.9122 69.9175 TA
C27K -143.7114 69.6260 TA
C36M -124.0703 69.3475 TA
D17K -163.0831 67.6988 TA
D19K -158.1151 68.4946 TA
D20K -156.6132 68.7132 TA
D22K -152.6821 68.8799 TA
D23K -150.6807 68.9656 TA
D24K -148.8233 69.1532 TA
D25K -146.3751 69.3220 TA
D27M -140.9648 69.2430 TA
D28M -138.7367 69.3286 TA
E17K -161.8262 67.0820 TA
E18K -160.6027 67.4213 TA
E19K -157.2316 67.4572 TA
E20K -156.1885 68.2575 TA
E21K -153.9721 68.4414 TA
E22K -151.8132 68.1343 TA
E23K -149.6163 68.0584 TA
E24K -148.4868 68.0748 TA
E25K -145.5680 68.1207 TA
E27K -141.5951 68.1861 TA
E28M -139.5349 68.6043 TA
E29M -137.8969 68.3889 TA
EPYK -136.7191 66.3701 TA
F14K -166.3288 65.4742 TA
F15K -164.6483 65.7077 TA
F17K -161.2502 66.4420 TA
F18K -159.6514 66.6001 TA
F19K -157.7728 66.8332 TA
F20K -155.7251 67.0486 TA
F21K -153.4830 67.2221 TA
F22K -152.1790 67.5076 TA
F24K -147.8871 67.5187 TA
F25K -145.6430 67.5933 TA
F26K -144.1455 67.6946 TA
F28M -139.8717 67.6136 TA
F30M -135.7863 67.6106 TA
F31M -133.7420 67.4410 TA
G15K -164.0386 64.9941 TA
G16K -162.3547 65.3936 TA
G17K -160.6514 65.5011 TA
G18K -158.6540 65.8950 TA
G19K -157.0870 66.1434 TA
G21K -153.5058 66.5156 TA
G22K -151.5073 66.9214 TA
G23K -150.0239 66.7108 TA
G24K -147.4754 66.7004 TA
G25K -146.1013 66.7653 TA
G26K -143.7848 66.9498 TA
G27K -141.6549 66.8088 TA
G29M -138.0223 66.9116 TA
G30M -136.2216 66.9808 TA
G31M -134.2708 66.9227 TA
H16K -162.2390 64.6379 TA
H17K -159.9126 64.9370 TA
H18K -158.3633 65.1527 TA
H19K -156.4494 65.5276 TA
H20K -154.8808 65.4924 TA
H21K -152.8050 65.6571 TA
H22K -151.3773 65.8937 TA
H23K -149.5432 65.8251 TA
H24K -147.8781 65.8371 TA
H25K -145.8197 66.2670 TA
H25L -145.8187 66.2670 TA
H27K -141.5265 66.2305 TA
H29M -138.3689 66.2191 TA
H31M -134.3426 65.8052 TA
HARP -145.1568 62.3987 TA
HDA -146.9482 64.4091 TA
I17K -160.6950 63.8864 TA
I20K -154.4783 64.7962 TA
I21K -151.9822 65.1800 TA
I23K -149.3603 65.1479 TA
I26K -143.1541 65.3064 TA
I27K -141.6153 65.6035 TA
I28M -139.9355 65.4483 TA
I29M -138.3063 65.3609 TA
I30M -136.3767 65.2225 TA
J14K -163.5540 62.7492 TA
J16K -160.6021 63.2842 TA
J17K -159.0777 63.3965 TA
J18K -156.7154 63.4650 TA
J19K -155.6214 63.9940 TA
J20K -154.1467 64.1767 TA
J25K -145.3697 64.6130 TA
J26K -143.7990 64.5654 TA
J26L -143.5636 64.5012 TA
J29M -138.2158 64.4530 TA
J29N -138.2164 64.4525 TA
J30M -136.3304 64.5753 TA
K13K -164.6555 61.9331 TA
K15K -161.5308 62.2938 TA
K17K -158.3014 62.7161 TA
K20K -154.0700 63.3569 TA
K24K -145.7784 63.8036 TA
K27K -142.0758 64.0292 TA
K29M -137.5201 63.8433 TA
L14K -162.6829 61.3416 TA
L15K -161.4869 61.6780 TA
L16K -159.4747 61.7105 TA
L17K -158.2972 62.1344 TA
L18K -156.6886 62.2195 TA
L19K -154.8543 62.1816 TA
L20K -153.8798 62.4787 TA
L26K -143.3478 63.0254 TA
L27K -141.8275 63.0618 TA
L29M -138.1290 63.1090 TA
M11K -166.2011 60.3849 TA
M13K -163.3500 60.4135 TA
M14K -161.9600 60.7515 TA
M15K -160.6884 60.6947 TA
M16K -158.9593 61.0224 TA
M17K -157.4375 61.4009 TA
M18K -155.8242 61.4907 TA
M19K -154.3915 61.9037 TA
M20K -153.1318 61.8823 TA
M22K -150.1205 61.7531 TA
M23K -147.7262 61.7929 TA
M24K -146.1750 62.1067 TA
M26K -142.9963 62.4013 TA
M27K -141.8780 62.3579 TA
M29M -138.4624 62.4435 TA
M30M -136.7935 62.5763 TA
M31M -134.3906 62.2024 TA
N14K -161.6852 59.9237 TA
N15K -160.0921 60.1686 TA
N16K -158.7690 60.4742 TA
N17K -157.1867 60.5269 TA
N18K -155.8897 60.6801 TA
N19K -154.4838 60.8132 TA
N20K -152.2089 61.2001 TA
N25K -144.5982 61.6061 TA
N30M -137.0885 61.4593 TA
N31M -135.7796 61.4862 TA
N32M -133.0818 61.1512 TA
O14K -161.2638 59.2533 TA
O15K -159.8246 59.1767 TA
O16K -158.0932 59.5938 TA
O17K -157.0946 59.7733 TA
O18K -155.2080 59.8542 TA
O19K -154.3201 60.1952 TA
O20K -152.6240 60.0815 TA
O22K -149.7241 60.4814 TA
O28M -140.1906 60.7718 TA
O29M -138.5755 60.3024 TA
O30N -136.0906 60.7704 TA
P08K -169.5484 56.6011 TA
P16K -157.9906 59.0314 TA
P17K -156.4394 59.1953 TA
P18K -155.2292 59.3922 TA
P19K -153.2319 59.6524 TA
P23K -147.4031 59.9979 TA
P29M -137.7381 59.6304 TA
P30M -136.9598 60.1218 TA
P32M -133.7147 59.5898 TA
P33M -132.8174 60.2114 TA
POKR -147.4335 65.1171 TA
Q16K -156.6556 58.6774 TA
Q17K -155.8865 58.2637 TA
Q18K -155.0086 58.6484 TA
Q19K -153.6446 58.9287 TA
Q20K -152.3942 58.6097 TA
Q23K -146.3399 59.4296 TA
Q32M -132.2691 58.9601 TA
R16K -157.5742 57.5673 TA
R17K -156.3872 57.6397 TA
R18K -154.4524 57.5665 TA
R31K -135.7398 58.4133 TA
R32K -134.5181 58.2747 TA
R33M -130.9673 59.3946 TA
S12K -162.0610 55.7030 TA
S14K -159.5532 56.2848 TA
S31K -136.2320 57.9616 TA
S32K -134.5763 57.4688 TA
S34M -131.1312 57.9128 TA
T33K -132.9524 56.8144 TA
T35M -130.2496 56.9811 TA
TCOL -147.8618 64.8735 TA
TOLK -149.5724 68.6408 TA
U33K -133.1210 56.1146 TA
U35K -130.0257 55.9154 TA
V35K -131.6150 55.3279 TA
