ANM -165.3732 64.5646 AK
BAGL -142.0915 60.4896 AK
BAL -142.3462 61.0360 AK
BARK -142.4931 60.4030 AK
BARN -141.6622 61.0595 AK
BCP -139.6369 59.9534 AK
BERG -143.7004 60.3932 AK
BESE -134.8559 58.5792 AK
BGLC -143.2841 60.1205 AK
BMR -144.6051 60.9677 AK
BPAW -150.9873 64.0997 AK
BRLK -150.9063 59.7511 AK
BRSE -150.7414 59.7417 AK
BWN -149.2991 64.1732 AK
CAPN -151.1539 60.7683 AK
CAST -152.0844 63.4188 AK
CCB -147.8053 64.6453 AK
CHI -155.6225 55.8218 AK
CHN -159.5895 54.8310 AK
CHUM -152.3152 63.8827 AK
CNP -151.2373 59.5251 AK
COLD -150.2038 67.2269 AK
CRQ -143.0926 60.7523 AK
CTG -141.3401 60.9649 AK
CUT -150.2625 62.4058 AK
CYK -142.4872 60.0823 AK
DCPH -138.2154 59.0906 AK
DHY -147.3759 63.0753 AK
DIV -145.7749 61.1292 AK
DOT -144.0697 63.6482 AK
EYAK -145.7500 60.5487 AK
FALS -163.4176 54.8564 AK
FID -146.5987 60.7277 AK
FIRE -150.2164 61.1426 AK
FYU -145.2342 66.5657 AK
GAMB -171.7036 63.7758 AK
GCSA -156.8792 64.7461 AK
GHO -148.9260 61.7710 AK
GLB -143.8123 61.4417 AK
GLI -147.0959 60.8792 AK
GOAT -144.7292 60.5805 AK
GRIN -143.3210 60.2805 AK
GRNC -141.7558 60.7315 AK
HDA -146.9482 64.4091 AK
HIN -146.5035 60.3960 AK
HMT -144.2623 60.3351 AK
HOM -151.6515 59.6572 AK
ISLE -142.3406 60.6024 AK
JIS -134.3848 58.2758 AK
KAI -144.4188 59.9268 AK
KHIT -143.2510 60.4427 AK
KIAG -142.3605 60.9231 AK
KLU -145.9227 61.4924 AK
KNK -148.4585 61.4131 AK
KOTZ -162.6000 66.8951 AK
KTH -150.9233 63.5527 AK
KULT -142.7234 60.2474 AK
LOGN -141.0048 60.8240 AK
MCAR -143.0240 61.3836 AK
MCK -148.9373 63.7318 AK
MDM -148.2319 64.9602 AK
MESA -141.9505 60.1785 AK
MLY -150.7442 65.0304 AK
NEA -149.0706 64.5922 AK
NEA2 -149.0694 64.5928 AK
NICH -143.9692 60.2361 AK
NIKH -168.8550 52.9721 AK
NOTK -162.9714 67.5795 AK
PAX -145.4699 62.9699 AK
PIN -140.2525 60.0959 AK
PNL -139.4014 59.6670 AK
PPD -145.5246 65.5174 AK
PPLA -152.1894 62.8962 AK
PTPK -142.4672 61.1871 AK
PWL -148.3334 60.8584 AK
RAG -144.6773 60.3863 AK
RC01 -149.7390 61.0889 AK
RDOG -162.9080 68.0541 AK
RIDG -144.8462 63.7399 AK
RKAV -141.3478 60.2994 AK
RND -148.8602 63.4056 AK
SAMH -140.7828 60.1294 AK
SAW -148.3316 61.8070 AK
SCM -147.3290 61.8320 AK
SCRK -143.9905 63.9761 AK
SGA -145.2082 60.5341 AK
SII -154.1842 56.5593 AK
SKN -151.5317 61.9800 AK
SLK -150.2231 60.5117 AK
SPIA -170.2477 57.1766 AK
SSN -150.7467 61.4636 AK
SSP -142.8388 60.1791 AK
SUCK -143.7790 60.0720 AK
SWD -149.4526 60.1043 AK
TABL -141.1443 60.4399 AK
TGL -142.8292 60.7541 AK
TNA -167.9267 65.5598 AK
TRF -150.2893 63.4502 AK
UNV -166.5045 53.8452 AK
VRDI -143.4545 61.2275 AK
WAT1 -148.5509 62.8295 AK
WAT2 -148.5855 62.9628 AK
WAT3 -148.5377 62.6812 AK
WAT4 -147.9421 62.8349 AK
WAT5 -148.2286 63.0624 AK
WAT6 -147.7400 62.5808 AK
WAT7 -148.8476 62.8331 AK
WAX -142.8529 60.4480 AK
WRH -148.0918 64.4716 AK
YAH -141.7510 60.3583 AK
