243.333 33.4915 4.82836e-06
242.895 32.8889 5.0575e-06
243.263 33.5654 4.80355e-06
243.398 33.4947 4.83346e-06
243.04 33.0262 4.695e-06
243.288 33.7141 4.74972e-06
243.439 33.3516 4.78421e-06
243.578 32.892 4.87082e-06
243.541 33.6117 4.71284e-06
243.152 33.63 4.84708e-06
242.829 33.4577 4.89354e-06
243.387 33.5519 4.74942e-06
242.752 32.841 3.94533e-06
243.574 33.5234 4.68095e-06
243.325 33.5736 4.78965e-06
239.613 38.0346 5.74962e-06
237.043 42.6071 3.91662e-06
237.12 38.1448 4.89989e-06
238.553 36.764 5.16034e-06
237.459 40.5799 4.21123e-06
242.566 34.5505 5.0091e-06
241.17 35.1269 5.72685e-06
240.896 35.3444 5.42405e-06
243.328 32.6801 3.61947e-06
243.079 34.2623 4.74185e-06
244.546 33.6551 4.47806e-06
244.002 34.0006 4.53162e-06
242.341 34.2388 5.08569e-06
241.974 34.3334 5.21204e-06
241.585 33.4019 4.95329e-06
241.92 36.4399 5.258e-06
241.666 34.2535 5.12398e-06
242.991 33.65 4.97684e-06
241.545 34.1062 5.10276e-06
243.899 32.6591 4.83909e-06
242.006 34.8811 5.12134e-06
241.706 33.7126 5.16354e-06
243.137 36.467 5.56753e-06
245.173 33.0515 4.2794e-06
244.34 34.7846 4.92602e-06
242.634 36.9961 5.34487e-06
243.194 35.3018 4.58685e-06
243.665 34.8294 5.22069e-06
244.855 34.1574 4.80883e-06
241.526 35.6628 3.45887e-06
240.934 34.1082 5.16776e-06
242.318 35.4795 4.68733e-06
241.164 37.6302 5.46674e-06
242.511 36.058 4.88135e-06
240.186 34.8885 5.39781e-06
242.805 33.6 5.00979e-06
241.942 34.2236 5.12193e-06
241.276 34.6145 5.31583e-06
241.815 34.1714 4.74443e-06
239.454 35.4077 3.78953e-06
243.137 33.3536 4.88659e-06
241.596 33.7435 5.15217e-06
243.003 34.8753 4.8452e-06
240.285 34.4408 5.22051e-06
241.453 32.9799 4.96188e-06
240.365 33.9954 4.9868e-06
242.338 33.5526 5.0351e-06
243.725 35.8995 5.42067e-06
242.717 35.8909 4.95105e-06
240.004 35.3142 5.51295e-06
242.902 34.1065 4.80319e-06
244.2 32.9451 4.65188e-06
241.77 37.0542 5.4696e-06
241.714 34.0192 5.14187e-06
241.882 34.4837 5.15136e-06
240.915 35.8409 5.26777e-06
242.67 34.5607 5.16143e-06
253.543 34.9459 3.58751e-06
236.695 44.5855 4.57351e-06
255.964 44.1212 3.80207e-06
249.215 32.3098 4.35343e-06
240.241 39.3104 4.36418e-06
242.895 32.8889 5.0575e-06
246.233 32.7683 4.00241e-06
251.367 32.5466 4.45953e-06
252.215 32.5324 4.74067e-06
253 32.6995 6.15931e-06
253.738 32.6349 6.24646e-06
254.546 32.7001 5.72979e-06
255.343 32.6588 4.69688e-06
255.98 32.6462 3.41419e-06
256.642 32.6764 2.1653e-06
257.515 32.6213 1.66445e-06
247.189 31.9559 3.92e-06
251.473 31.9041 4.27259e-06
252.222 32.0094 4.20326e-06
252.899 32.1046 5.10974e-06
253.572 32.0062 5.62536e-06
254.477 32.076 6.19524e-06
255.177 32.1101 5.83963e-06
255.835 32.0778 4.82261e-06
256.708 32.012 3.24247e-06
257.408 32.118 2.18665e-06
258.189 31.9671 1.94316e-06
258.888 31.8878 1.87716e-06
250.719 31.3757 4.31685e-06
251.472 31.3369 4.31236e-06
254.517 31.4425 5.71459e-06
255.029 31.3711 5.87008e-06
256.508 31.3691 4.6724e-06
257.19 31.3818 3.31869e-06
258.019 31.487 2.37644e-06
258.825 31.4063 2.01339e-06
259.573 31.3085 2.12323e-06
255.014 30.7862 5.62188e-06
257.315 30.7263 4.20186e-06
258.106 30.6248 3.31592e-06
258.764 30.7866 2.73352e-06
259.392 30.6824 2.75779e-06
257.78 30.1246 4.86946e-06
258.662 30.1489 3.7908e-06
259.454 30.1645 3.43139e-06
259.424 29.4123 3.89958e-06
244.347 48.9339 4.02007e-06
245.587 48.933 4.57275e-06
248.403 48.9482 4.34516e-06
249.301 48.9448 3.88612e-06
250.154 48.9198 3.33674e-06
251.257 48.9286 2.90446e-06
252.074 48.8799 2.61674e-06
253.075 48.9912 2.18702e-06
254.085 48.9926 2.12266e-06
255.121 48.9592 2.24388e-06
244.411 48.4694 3.69303e-06
245.532 48.3739 4.0438e-06
246.727 48.3609 4.81242e-06
247.438 48.3129 4.88144e-06
248.293 48.4128 4.63722e-06
249.201 48.2921 4.34467e-06
250.222 48.3943 3.77946e-06
251.056 48.4551 3.43657e-06
251.979 48.4389 2.96963e-06
252.983 48.4278 2.41146e-06
254.004 48.3008 2.18243e-06
255.009 48.4643 2.18489e-06
243.744 47.8397 3.28095e-06
244.525 47.7092 3.10421e-06
245.427 47.6795 3.45743e-06
246.253 47.7687 4.15095e-06
247.393 47.775 4.8672e-06
250.951 47.7343 4.19207e-06
251.996 47.7133 3.5267e-06
252.904 47.8264 2.76577e-06
254.116 47.7456 2.27605e-06
254.816 47.8026 2.07751e-06
255.575 47.5302 1.9089e-06
244.647 47.0528 3.08732e-06
245.541 47.0943 2.9698e-06
246.494 47.0816 3.25255e-06
248.451 47.0308 4.86378e-06
251.12 47.1646 4.62876e-06
251.864 47.0911 4.1875e-06
253.006 47.0658 3.55093e-06
253.82 47.1498 2.86613e-06
254.793 47.173 2.27716e-06
255.673 47.1152 2.10756e-06
244.43 46.4151 2.64164e-06
246.507 46.4162 2.84117e-06
247.359 46.4246 3.57849e-06
249.142 46.462 5.15401e-06
250.086 46.5663 5.1401e-06
251.214 46.4611 4.78994e-06
251.87 46.5038 4.48711e-06
252.924 46.5408 3.88391e-06
254.051 46.4386 3.00093e-06
254.694 46.4978 2.77438e-06
255.693 46.5608 2.31675e-06
244.745 45.7565 3.81453e-06
245.668 45.7893 3.19789e-06
250.284 45.9046 4.90495e-06
251.056 45.8538 4.72768e-06
251.851 45.8006 4.53506e-06
253.743 45.7794 3.56741e-06
254.594 45.7212 3.02419e-06
255.555 45.8452 2.48428e-06
244.674 45.1285 4.22163e-06
245.767 45.0931 3.6667e-06
246.54 45.2432 2.93465e-06
247.511 45.166 2.80847e-06
251.786 45.2202 4.59481e-06
253.708 45.2189 3.7738e-06
254.609 45.2012 3.37804e-06
255.584 45.328 2.71651e-06
245.145 44.5494 4.50589e-06
245.745 44.5642 4.23292e-06
246.633 44.6165 3.56926e-06
247.356 44.6173 2.95968e-06
252.958 44.6277 4.24466e-06
254.599 44.562 3.70693e-06
255.448 44.7473 3.35098e-06
244.867 43.7945 4.80729e-06
245.883 43.9146 4.60838e-06
246.548 43.9286 4.31589e-06
247.515 43.9997 3.66828e-06
248.513 43.8756 3.19112e-06
249.424 43.92 3.74035e-06
255.374 43.8594 3.63263e-06
244.172 43.4151 5.01388e-06
245.826 43.3979 4.87595e-06
246.482 43.3234 4.72503e-06
247.567 43.3998 4.12384e-06
248.388 43.2741 3.34273e-06
249.288 43.3629 2.98116e-06
252.554 43.3459 4.3165e-06
255.339 43.3305 3.55987e-06
246.824 42.5452 5.14204e-06
247.469 42.6852 4.70332e-06
248.412 42.8321 3.50459e-06
249.08 42.7507 2.90525e-06
249.958 42.6372 2.85529e-06
256.822 42.7016 3.3561e-06
257.373 39.0112 4.37966e-06
246.76 42.0343 5.20332e-06
247.614 42.0041 5.02235e-06
248.568 42.0149 4.08489e-06
249.127 42.0995 3.27079e-06
249.964 41.9243 2.43227e-06
250.642 42.1012 2.5513e-06
251.66 42.0073 3.01972e-06
252.63 41.9641 3.48284e-06
257.685 42.0837 3.08449e-06
248.37 41.3146 4.504e-06
249.334 41.4729 3.31259e-06
249.933 41.4272 2.6984e-06
250.843 41.5047 2.26801e-06
251.814 41.4906 2.69369e-06
252.637 41.6067 3.32634e-06
253.404 41.4033 3.74437e-06
254.278 41.468 4.12502e-06
255.945 41.4347 4.16045e-06
257.228 33.9696 2.06787e-06
248.563 40.8869 4.70275e-06
249.166 40.9425 4.16857e-06
250.327 40.9763 2.83993e-06
250.823 40.8936 2.56598e-06
251.737 40.8338 2.72526e-06
252.48 40.76 3.10836e-06
253.546 40.8023 4.14613e-06
254.056 40.8947 4.44942e-06
255.118 40.8271 4.38444e-06
247.531 40.2807 4.59348e-06
248.498 40.2067 4.74925e-06
249.262 40.1948 4.53149e-06
249.992 40.2655 3.87135e-06
250.876 40.2982 2.92612e-06
251.758 40.1348 2.56847e-06
252.529 40.2149 2.90318e-06
253.453 40.1618 3.72381e-06
254.082 40.2109 4.67876e-06
254.927 40.1227 4.85752e-06
255.88 40.1129 4.62258e-06
247.721 39.5708 4.41443e-06
248.341 39.6092 4.53669e-06
249.26 39.473 4.63521e-06
249.754 39.6279 4.225e-06
251.019 39.6333 2.90165e-06
251.609 39.4998 2.77836e-06
252.551 39.524 2.58331e-06
254.161 39.3741 3.61611e-06
255.092 39.5144 4.51481e-06
255.832 39.5125 4.54415e-06
256.654 39.5602 4.50712e-06
257.422 39.5559 4.03452e-06
248.828 38.9176 4.64783e-06
250.737 38.9553 3.74176e-06
251.704 38.9541 2.87737e-06
252.426 38.8347 2.56539e-06
253.09 38.8627 2.54201e-06
254.166 38.9045 3.57625e-06
254.851 38.9641 4.13155e-06
255.753 38.9145 4.12238e-06
256.481 38.9234 4.56864e-06
244.415 38.3489 3.62105e-06
251.621 38.1888 3.68668e-06
252.45 38.3685 2.88945e-06
253.244 38.2289 2.77758e-06
254.174 38.1907 3.09694e-06
254.892 38.2315 3.48943e-06
255.717 38.1474 3.8403e-06
256.553 38.3009 4.28053e-06
257.202 38.2859 4.38245e-06
250.005 37.6903 4.49262e-06
253.171 37.7461 2.89673e-06
253.998 37.7059 2.81083e-06
254.787 37.6407 3.17041e-06
255.565 37.6606 3.51669e-06
256.529 37.6216 4.05391e-06
257.102 37.6837 4.03232e-06
253.963 37.0361 2.88544e-06
254.948 37.0738 3.09518e-06
255.589 37.1388 3.44516e-06
256.407 37.1747 4.00059e-06
257.279 37.0614 4.21693e-06
257.886 37.1204 4.07345e-06
247.709 36.428 3.86117e-06
251.48 36.3758 4.27812e-06
252.342 36.4277 3.83048e-06
253.145 36.3773 3.46356e-06
255.592 36.3998 2.70625e-06
256.256 36.3945 3.27953e-06
259.349 36.5304 3.808e-06
251.534 35.7992 4.32976e-06
252.362 35.8054 3.88512e-06
253.091 35.9138 3.50471e-06
255.384 35.8383 2.67067e-06
256.214 35.7964 2.85352e-06
257.776 35.7505 3.64929e-06
258.479 35.8734 3.86472e-06
259.311 35.7623 3.76649e-06
246.115 35.099 4.86108e-06
250.264 35.1181 4.40157e-06
251.5 35.1259 4.54448e-06
252.352 35.117 4.22729e-06
253.133 35.0719 3.72508e-06
256.234 35.0891 2.59669e-06
256.937 35.0637 2.87702e-06
257.794 35.2574 3.69416e-06
258.352 35.1212 3.93251e-06
259.423 35.1818 3.91025e-06
248.559 34.4178 5.06319e-06
250.05 34.5293 4.73183e-06
251.502 34.5421 5.3019e-06
252.214 34.4457 5.22064e-06
252.99 34.5058 4.34532e-06
253.812 34.581 3.54392e-06
256.903 34.6469 2.52732e-06
257.803 34.5185 3.20057e-06
258.299 34.4452 3.59428e-06
259.126 34.4461 3.98548e-06
245.476 33.7503 4.42032e-06
246.995 33.9383 4.30213e-06
251.623 33.9085 5.71978e-06
252.326 34.0087 5.8922e-06
253.035 33.937 5.44863e-06
253.079 34.0739 5.02768e-06
253.945 33.9315 4.32886e-06
254.564 33.9257 3.56009e-06
257.752 33.9086 2.5756e-06
258.329 33.8602 3.08991e-06
259.102 33.8766 3.81374e-06
259.738 33.9629 4.25897e-06
247.054 33.3627 4.19969e-06
251.408 33.1132 4.8352e-06
252.329 33.3086 6.05022e-06
253.036 33.2555 6.28993e-06
253.768 33.2621 5.7149e-06
254.635 33.3298 4.52468e-06
255.283 33.2797 3.56676e-06
258.294 33.2595 2.36982e-06
258.872 33.2861 3.12744e-06
259.856 33.3183 3.81062e-06
248.9 42.7654 3.10495e-06
258.319 34.8837 4.00199e-06
242.694 44.8525 4.69425e-06
248.37 45.597 4.16754e-06
255.804 48.4702 2.27583e-06
247.187 40.195 4.44714e-06
250.245 48.024 4.17013e-06
240.467 46.3925 4.56116e-06
245.586 43.5625 4.80666e-06
248.435 41.6069 4.39599e-06
254.387 39.7997 4.44992e-06
254.618 31.6985 6.17511e-06
246.059 46.8292 1.74129e-06
242.877 48.2642 3.57126e-06
236.131 47.3917 5.75269e-06
248.626 35.5169 4.01034e-06
