151.637 46.0564 0
243.333 33.4915 1888.14
242.895 32.8889 1889.45
243.263 33.5654 1885
243.398 33.4947 1889.14
243.04 33.0262 1891.05
243.288 33.7141 1883.73
243.439 33.3516 1892.07
243.578 32.892 1902.78
243.541 33.6117 1890.03
243.152 33.63 1881.55
242.829 33.4577 1878.8
243.387 33.5519 1887.52
242.752 32.841 1886.48
243.574 33.5234 1892.31
243.325 33.5736 1886.26
239.613 38.0346 1748.52
237.043 42.6071 1630.86
237.12 38.1448 1696.83
238.553 36.764 1744.66
237.459 40.5799 1672.31
242.566 34.5505 1856.67
241.17 35.1269 1820.2
240.896 35.3444 1811.82
243.328 32.6801 1898.21
243.079 34.2623 1871.17
244.546 33.6551 1910.72
244.002 34.0006 1894.24
242.341 34.2388 1856.3
241.974 34.3334 1847.85
241.585 33.4019 1855.64
241.92 36.4399 1817.56
241.666 34.2535 1842.93
242.991 33.65 1878.84
241.545 34.1062 1842.87
243.899 32.6591 1912.88
242.006 34.8811 1840.77
241.706 33.7126 1852.39
243.137 36.467 1843.46
245.173 33.0515 1933.15
244.34 34.7846 1890.97
242.634 36.9961 1825.78
243.194 35.3018 1860.62
243.665 34.8294 1876.36
244.855 34.1574 1910.15
241.526 35.6628 1817.08
240.934 34.1082 1830.88
242.318 35.4795 1838.84
241.164 37.6302 1786.7
242.511 36.058 1835.53
240.186 34.8885 1804.05
242.805 33.6 1876.01
241.942 34.2236 1848.92
241.276 34.6145 1829.81
241.815 34.1714 1847.25
239.454 35.4077 1782.46
243.137 33.3536 1886.57
241.596 33.7435 1849.77
243.003 34.8753 1862.04
240.285 34.4408 1812.84
241.453 32.9799 1859.99
240.365 33.9954 1821.61
242.338 33.5526 1867.65
243.725 35.8995 1863.11
242.717 35.8909 1842.03
240.004 35.3142 1794.25
242.902 34.1065 1869.73
244.2 32.9451 1914.33
241.77 37.0542 1806.86
241.714 34.0192 1847.67
241.882 34.4837 1844
240.915 35.8409 1804.48
242.67 34.5607 1858.79
253.543 34.9459 2064.83
236.695 44.5855 1596.12
255.964 44.1212 1912.84
249.215 32.3098 2029.25
240.241 39.3104 1745.36
242.895 32.8889 1889.45
246.233 32.7683 1959.61
251.367 32.5466 2070.39
252.215 32.5324 2089.95
253 32.6995 2103.15
253.738 32.6349 2117.65
254.546 32.7001 2131.17
255.343 32.6588 2145.25
255.98 32.6462 2154.94
256.642 32.6764 2164.63
257.515 32.6213 2180.86
247.189 31.9559 1991.31
251.473 31.9041 2081.89
252.222 32.0094 2097.51
252.899 32.1046 2111.12
253.572 32.0062 2126.13
254.477 32.076 2141.36
255.177 32.1101 2153.03
255.835 32.0778 2164.25
256.708 32.012 2180.01
257.408 32.118 2190.31
258.189 31.9671 2207.3
258.888 31.8878 2219.27
250.719 31.3757 2074.89
251.472 31.3369 2090.44
254.517 31.4425 2153.41
255.029 31.3711 2164.19
256.508 31.3691 2189.32
257.19 31.3818 2201.14
258.019 31.487 2213.75
258.825 31.4063 2229.88
259.573 31.3085 2242.54
255.014 30.7862 2174.72
257.315 30.7263 2215.84
258.106 30.6248 2232.79
258.764 30.7866 2242.6
259.392 30.6824 2255.17
257.78 30.1246 2235.57
258.662 30.1489 2251.43
259.454 30.1645 2266.2
259.424 29.4123 2278.7
244.347 48.9339 1662.98
245.587 48.933 1681.54
248.403 48.9482 1719.53
249.301 48.9448 1730.86
250.154 48.9198 1742.13
251.257 48.9286 1755.84
252.074 48.8799 1766.97
253.075 48.9912 1777.15
254.085 48.9926 1790.94
255.121 48.9592 1806.04
244.411 48.4694 1670.45
245.532 48.3739 1689.74
246.727 48.3609 1707.71
247.438 48.3129 1718.3
248.293 48.4128 1727.93
249.201 48.2921 1742.47
250.222 48.3943 1753.68
251.056 48.4551 1764.14
251.979 48.4389 1774.92
252.983 48.4278 1787.52
254.004 48.3008 1803.54
255.009 48.4643 1813.91
243.744 47.8397 1666.73
244.525 47.7092 1682.09
245.427 47.6795 1698.54
246.253 47.7687 1711
247.393 47.775 1727.36
250.951 47.7343 1776.16
251.996 47.7133 1789.75
252.904 47.8264 1799.11
254.116 47.7456 1816.57
254.816 47.8026 1825.1
255.575 47.5302 1840.97
244.647 47.0528 1692.53
245.541 47.0943 1707.81
246.494 47.0816 1725.5
248.451 47.0308 1755.9
251.12 47.1646 1789.34
251.864 47.0911 1800.43
253.006 47.0658 1815.77
253.82 47.1498 1824.7
254.793 47.173 1837.75
255.673 47.1152 1850.66
244.43 46.4151 1698.07
246.507 46.4162 1735.84
247.359 46.4246 1750.35
249.142 46.462 1775.9
250.086 46.5663 1786.79
251.214 46.4611 1803.74
251.87 46.5038 1811.69
252.924 46.5408 1824.72
254.051 46.4386 1841.73
254.694 46.4978 1849.07
255.693 46.5608 1861.47
244.745 45.7565 1714.52
245.668 45.7893 1729.11
250.284 45.9046 1801.97
251.056 45.8538 1813.56
251.851 45.8006 1825.26
253.743 45.7794 1850.85
254.594 45.7212 1863.39
255.555 45.8452 1874.02
244.674 45.1285 1723.75
245.767 45.0931 1741.52
246.54 45.2432 1752.79
247.511 45.166 1772.36
251.786 45.2202 1835.76
253.708 45.2189 1861.42
254.609 45.2012 1873.73
255.584 45.328 1884.63
245.145 44.5494 1741.33
245.745 44.5642 1750.59
246.633 44.6165 1764.47
247.356 44.6173 1778.01
252.958 44.6277 1863.46
254.599 44.562 1886.04
255.448 44.7473 1894.33
244.867 43.7945 1750.35
245.883 43.9146 1764.43
246.548 43.9286 1775.22
247.515 43.9997 1791.1
248.513 43.8756 1811.62
249.424 43.92 1828.62
255.374 43.8594 1909.85
244.172 43.4151 1745.76
245.826 43.3979 1773.64
246.482 43.3234 1785.85
247.567 43.3998 1802.54
248.388 43.2741 1818.42
249.288 43.3629 1834.28
252.554 43.3459 1884.57
255.339 43.3305 1920.87
246.824 42.5452 1807.02
247.469 42.6852 1814.4
248.412 42.8321 1826.47
249.08 42.7507 1839.64
249.958 42.6372 1858.18
256.822 42.7016 1953.76
257.373 39.0112 2041.2
246.76 42.0343 1815.12
247.614 42.0041 1829.36
248.568 42.0149 1843.81
249.127 42.0995 1851.42
249.964 41.9243 1868.51
250.642 42.1012 1879.1
251.66 42.0073 1897.6
252.63 41.9641 1913.64
257.685 42.0837 1978.58
248.37 41.3146 1853.68
249.334 41.4729 1865.85
249.933 41.4272 1876.7
250.843 41.5047 1892.71
251.814 41.4906 1910.39
252.637 41.6067 1921.39
253.404 41.4033 1937.5
254.278 41.468 1947.83
255.945 41.4347 1969.74
257.228 33.9696 2146.01
248.563 40.8869 1865.23
249.166 40.9425 1873.46
250.327 40.9763 1891.2
250.823 40.8936 1901.9
251.737 40.8338 1920.31
252.48 40.76 1935.02
253.546 40.8023 1952.02
254.056 40.8947 1957.37
255.118 40.8271 1973.15
247.531 40.2807 1860.37
248.498 40.2067 1877.05
249.262 40.1948 1889.19
249.992 40.2655 1898.55
250.876 40.2982 1912.15
251.758 40.1348 1931.51
252.529 40.2149 1945.13
253.453 40.1618 1962.98
254.082 40.2109 1971.77
254.927 40.1227 1985.24
255.88 40.1129 1998.12
247.721 39.5708 1877.81
248.341 39.6092 1887.35
249.26 39.473 1904.33
249.754 39.6279 1908.24
251.019 39.6333 1927.1
251.609 39.4998 1939.76
252.551 39.524 1957.54
254.161 39.3741 1989.74
255.092 39.5144 2000.14
255.832 39.5125 2010.33
256.654 39.5602 2019.8
257.422 39.5559 2029.67
248.828 38.9176 1908.68
250.737 38.9553 1935.96
251.704 38.9541 1951.54
252.426 38.8347 1967.18
253.09 38.8627 1979.89
254.166 38.9045 1998.94
254.851 38.9641 2008.19
255.753 38.9145 2022.4
256.481 38.9234 2031.8
244.415 38.3489 1840.53
251.621 38.1888 1964.99
252.45 38.3685 1976.01
253.244 38.2289 1993.87
254.174 38.1907 2011.78
254.892 38.2315 2023.77
255.717 38.1474 2038.42
256.553 38.3009 2046.33
257.202 38.2859 2055.01
250.005 37.6903 1951.43
253.171 37.7461 2000.67
253.998 37.7059 2017.43
254.787 37.6407 2033.42
255.565 37.6606 2046.62
256.529 37.6216 2062.01
257.102 37.6837 2068.13
253.963 37.0361 2028.6
254.948 37.0738 2046.8
255.589 37.1388 2057.68
256.407 37.1747 2069.95
257.279 37.0614 2083.95
257.886 37.1204 2090.22
247.709 36.428 1935.09
251.48 36.3758 2001.39
252.342 36.4277 2012.47
253.145 36.3773 2026.5
255.592 36.3998 2071.16
256.256 36.3945 2083.68
259.349 36.5304 2121.31
251.534 35.7992 2014.58
252.362 35.8054 2026.74
253.091 35.9138 2035.64
255.384 35.8383 2078.01
256.214 35.7964 2094.61
257.776 35.7505 2119.3
258.479 35.8734 2125.41
259.311 35.7623 2138.68
246.115 35.099 1924.22
250.264 35.1181 2009.21
251.5 35.1259 2029.72
252.352 35.117 2042.65
253.133 35.0719 2055.82
256.234 35.0891 2107.54
256.937 35.0637 2121.17
257.794 35.2574 2130.41
258.352 35.1212 2141.08
259.423 35.1818 2153.81
248.559 34.4178 1984.6
250.05 34.5293 2014.65
251.502 34.5421 2042.38
252.214 34.4457 2056.31
252.99 34.5058 2067.25
253.812 34.581 2078.02
256.903 34.6469 2127.34
257.803 34.5185 2145.4
258.299 34.4452 2154.15
259.126 34.4461 2166
245.476 33.7503 1928.77
246.995 33.9383 1958.38
251.623 33.9085 2056.19
252.326 34.0087 2067.09
253.035 33.937 2080.47
253.079 34.0739 2078.48
253.945 33.9315 2095.08
254.564 33.9257 2105.19
257.752 33.9086 2156.71
258.329 33.8602 2166.57
259.102 33.8766 2177.7
259.738 33.9629 2184.61
247.054 33.3627 1967.44
251.408 33.1132 2063.84
252.329 33.3086 2079.91
253.036 33.2555 2093.71
253.768 33.2621 2106.27
254.635 33.3298 2119.68
255.283 33.2797 2130.86
258.294 33.2595 2178.68
258.872 33.2861 2186.4
259.856 33.3183 2199.61
248.9 42.7654 1836.19
258.319 34.8837 2145.59
242.694 44.8525 1696.29
248.37 45.597 1780.68
255.804 48.4702 1823.75
247.187 40.195 1856.27
250.245 48.024 1761.05
240.467 46.3925 1634.28
245.586 43.5625 1766.39
248.435 41.6069 1849.14
254.387 39.7997 1984.05
254.618 31.6985 2150.79
246.059 46.8292 1720.94
242.877 48.2642 1646.38
236.131 47.3917 1547.2
248.626 35.5169 1968.87
