169.476 -21.1773 0
243.333 33.4915 2459.17
243.263 33.5654 2457.86
243.398 33.4947 2459.76
243.288 33.7141 2460.48
243.439 33.3516 2459.75
243.577 32.8927 2457.26
243.578 32.892 2458.04
243.541 33.6117 2465.15
243.152 33.63 2456
242.829 33.4577 2447.85
243.387 33.5519 2460.86
242.752 32.841 2440.27
243.574 33.5234 2464.4
243.325 33.5736 2459.64
238.134 37.954 2408.74
239.613 38.0346 2439.2
237.542 38.3453 2402.42
236.999 37.6978 2383.89
237.284 39.6547 2416.53
236.928 38.9935 2400.45
237.043 42.6071 2452.86
235.97 40.8175 2407.26
237.761 37.4037 2394.54
240.681 37.3236 2450.51
237.12 38.1448 2392.01
237.557 38.8787 2411.32
239.697 41.9025 2494.45
238.5 39.5545 2439.75
238.713 37.008 2407.11
239.458 35.9452 2407.08
237.459 40.5799 2433.32
238.243 37.6221 2406.24
237.29 41.732 2444.56
242.566 34.5505 2454
241.17 35.1269 2433.96
240.896 35.3444 2430.98
243.328 32.6801 2448.48
243.079 34.2623 2461.87
244.546 33.6551 2489.21
244.002 34.0006 2480.85
242.341 34.2388 2445.98
241.974 34.3334 2440.25
241.92 36.4399 2464.61
241.666 34.2535 2433.55
242.991 33.65 2452.93
241.545 34.1062 2429.01
243.899 32.6591 2463.18
242.006 34.8811 2446.23
241.706 33.7126 2427.46
243.137 36.467 2491.11
245.173 33.0515 2497.28
244.34 34.7846 2496.89
242.634 36.9961 2487.48
243.194 35.3018 2478.86
243.665 34.8294 2479.59
244.855 34.1574 2500.94
241.526 35.6628 2444.82
240.934 34.1082 2414.16
242.318 35.4795 2461.34
241.164 37.6302 2465.15
242.511 36.058 2473.2
240.186 34.8885 2407.86
242.805 33.6 2448.65
241.942 34.2236 2438.68
241.276 34.6145 2429.08
245.858 34.3034 2525.93
239.454 35.4077 2399.98
243.137 33.3536 2453.03
240.756 36.3052 2439.38
241.596 33.7435 2425.21
243.003 34.8753 2468.79
240.285 34.4408 2404.51
241.453 32.9799 2411.82
240.365 33.9954 2401.09
242.338 33.5526 2439.73
243.725 35.8995 2496.3
242.717 35.8909 2475.53
240.004 35.3142 2409.69
240.476 33.2479 2394.94
242.902 34.1065 2455.81
244.2 32.9451 2473.48
241.77 37.0542 2470.47
241.714 34.0192 2432.08
241.882 34.4837 2440.31
240.915 35.8409 2436.74
242.67 34.5607 2456.22
253.543 34.9459 2705.73
236.695 44.5855 2474.7
255.964 44.1212 2836.27
249.215 32.3098 2581.98
240.241 39.3104 2470.79
242.895 32.8889 2443.28
245.42 32.5356 2496.99
246.233 32.7683 2518.29
247.772 32.7006 2551.9
248.296 32.5618 2561.83
249.261 32.5716 2585.85
250.03 32.6399 2601.48
250.697 32.7663 2620.18
247.189 31.9559 2531.82
248.543 32.0022 2562.42
249.184 31.7748 2575.41
249.954 31.9737 2594.74
250.741 31.9989 2613.01
250.009 31.439 2590.9
250.719 31.3757 2605.79
237.293 48.7197 2541.69
237.915 48.9983 2555.32
238.52 49.0983 2567.32
239.616 49.048 2584.18
240.728 48.9534 2600.52
241.415 48.9752 2614.4
242.441 48.9813 2630.95
243.637 48.958 2651.03
244.347 48.9339 2663.34
245.587 48.933 2681.99
246.578 48.9725 2700.62
247.267 48.9777 2710.84
248.403 48.9482 2731.34
236.496 48.0575 2519.84
237.904 48.2641 2544.69
238.516 48.5183 2557.87
239.88 48.4607 2581.67
240.667 48.3584 2592.08
241.851 48.4226 2615.72
242.775 48.2995 2629.11
243.633 48.4366 2644.4
244.411 48.4694 2658.82
245.532 48.3739 2675.09
246.727 48.3609 2696.91
247.438 48.3129 2707.89
248.293 48.4128 2723.52
235.434 47.9475 2500.09
237.028 47.7172 2523.39
238.31 47.6947 2543.41
239.939 47.6902 2573.53
240.955 47.7849 2589.84
241.726 47.8006 2603.26
242.692 47.8192 2622.13
243.744 47.8397 2639.01
244.525 47.7092 2651.03
245.427 47.6795 2666.61
246.253 47.7687 2681.63
247.393 47.775 2702.74
248.254 47.8012 2717.75
249.237 47.6327 2735.24
236.229 47.1161 2500.41
237.197 47.1109 2516.21
238.011 47.1881 2533.23
239.156 47.1935 2550.92
240.027 47.1936 2568.34
241.079 47.0573 2584.06
241.691 47.0615 2593.26
242.724 47.0547 2613.32
243.665 47.0477 2629.24
244.647 47.0528 2645.65
245.541 47.0943 2663.16
246.494 47.0816 2679.43
247.48 47.0418 2698.25
248.451 47.0308 2714.68
236.437 46.5459 2494.61
237.28 46.5934 2509.93
238.239 46.5605 2528.69
239.021 46.5433 2542.4
240.145 46.5585 2560.64
240.94 46.4911 2575.98
241.855 46.5139 2590.68
242.89 46.485 2608.57
243.791 46.3559 2625.23
244.43 46.4151 2636.2
245.812 46.4423 2662.35
246.507 46.4162 2674.85
247.359 46.4246 2690.78
248.324 46.5336 2709.11
249.142 46.462 2722.93
250.086 46.5663 2743.29
239.272 40.6183 2468.46
236.441 45.9306 2486.07
237.581 45.9325 2506.38
238.541 45.8839 2524.01
239.218 45.7664 2535.63
240.072 45.8951 2551.68
241.223 45.7971 2572.75
242.091 45.7087 2586.93
242.772 45.9734 2600.44
243.845 45.8883 2621.39
244.745 45.7565 2636.33
245.668 45.7893 2652.75
246.63 45.8122 2672.84
247.507 45.8409 2688.99
250.284 45.9046 2744.77
236.719 45.3153 2484.3
237.522 45.2059 2496.8
238.683 45.2422 2517.99
239.365 45.2357 2531.38
240.331 45.2664 2549.17
241.041 45.2904 2562.37
242.22 45.2781 2584.85
242.88 45.2925 2596.12
243.732 45.3997 2613.73
244.674 45.1285 2629.66
245.767 45.0931 2648.57
246.54 45.2432 2665.6
247.511 45.166 2684.72
248.195 45.2285 2698.91
236 44.6764 2461.91
236.708 44.6765 2475.97
237.814 44.6837 2495.12
238.773 44.6473 2512.49
239.665 44.7344 2531.63
240.435 44.5913 2543.98
241.33 44.5191 2558.47
242.336 44.6653 2580.81
243.253 44.589 2596.49
243.987 44.7035 2611.78
245.145 44.5494 2633.59
245.745 44.5642 2644.31
246.633 44.6165 2661.87
247.356 44.6173 2677.76
248.752 44.7038 2706.9
240.977 36.6801 2447.68
236.17 44.0035 2456.36
236.722 43.9726 2467.12
237.589 43.7941 2480.35
238.733 44.1626 2506.11
239.789 43.9437 2524.14
240.496 44.082 2539.52
241.431 43.9104 2553.92
242.259 43.9733 2571.97
243.197 44.086 2590.84
244.042 43.9121 2604.25
244.867 43.7945 2620.52
245.883 43.9146 2641.39
246.548 43.9286 2654.45
247.515 43.9997 2675.9
248.513 43.8756 2693.69
249.424 43.92 2711.62
236.425 43.3654 2452.55
237.891 43.2406 2479.19
238.764 43.2843 2496.04
239.847 43.2515 2515.85
240.69 43.3736 2534.36
241.526 43.358 2549.64
242.246 43.3471 2563.18
243.233 43.4275 2584.58
244.172 43.4151 2601.22
244.902 43.25 2614.6
245.826 43.3979 2635.15
246.482 43.3234 2646.91
247.567 43.3998 2669.35
248.388 43.2741 2683.92
235.531 42.8088 2429.48
236.51 42.7667 2445.71
238.269 42.6133 2477.38
239.107 42.7258 2494.26
239.749 42.7991 2507.67
240.753 42.6912 2526.42
241.514 42.7308 2541.91
242.275 42.6996 2555.09
243.13 42.7779 2573.2
243.968 42.7713 2589.4
245.097 42.636 2609.75
245.916 42.6493 2627.62
247.469 42.6852 2656.2
248.412 42.8321 2678.2
236.398 42.156 2435.91
238.109 42.175 2467.72
239.166 42.0472 2486.36
240.66 42.0187 2514.84
241.656 42.1901 2537.18
242.333 42.0192 2547.58
243.529 42.0773 2572.51
244.246 42.1669 2587.51
244.984 42.146 2601.26
246.056 42.0886 2622.82
246.76 42.0343 2635.81
247.614 42.0041 2650.5
248.568 42.0149 2670.1
239.26 38.7552 2443.22
235.878 41.8473 2421.54
237.146 41.392 2438.64
237.878 41.2742 2449.44
238.161 41.7826 2462.96
238.854 41.3593 2471.14
239.523 41.2047 2482.23
240.829 41.3884 2509.3
241.621 41.4483 2526.19
242.55 41.423 2544.3
243.46 41.522 2563.28
244.209 41.4311 2577.41
245.085 41.4157 2594.72
245.834 41.3602 2608.13
246.653 41.503 2628.05
247.552 41.4632 2644.07
248.37 41.3146 2657.27
236.694 40.822 2421.19
240.165 40.7484 2487.85
241.029 40.7797 2504.5
241.866 40.7811 2522.03
242.476 40.852 2535.78
244.264 40.8167 2570.74
244.961 40.8522 2585.3
245.796 40.8556 2601.51
246.813 40.8513 2623.87
247.48 40.8903 2637.78
248.563 40.8869 2656.92
249.166 40.9425 2671.54
250.327 40.9763 2694.45
250.823 40.8936 2703.75
236.18 40.1398 2401.8
237.212 40.1767 2422.14
238.914 40.32 2456.31
239.082 39.962 2455.46
240.173 40.165 2480.82
241.123 40.1614 2498.33
241.845 40.2903 2515.02
242.81 40.1697 2534.03
243.5 40.2917 2548.51
244.343 40.1313 2563.02
245.255 40.2679 2584.3
246.019 40.1314 2597.89
247.531 40.2807 2633.06
248.498 40.2067 2650.02
249.262 40.1948 2665.89
249.992 40.2655 2681.98
250.876 40.2982 2698.47
239.392 39.3028 2453.21
240.102 39.6785 2473.34
241.111 39.5399 2491.91
241.92 39.6946 2509.46
242.861 39.5516 2527.2
243.536 39.6202 2542.04
244.246 39.553 2554.34
245.093 39.4731 2570.8
245.984 39.455 2589.88
246.931 39.5906 2610.1
247.721 39.5708 2629.19
248.341 39.6092 2641.23
249.26 39.473 2656.72
249.754 39.6279 2668.48
251.019 39.6333 2694.59
237.986 38.6333 2416.42
238.623 38.839 2432.64
241.192 38.9383 2485.7
242.068 38.8606 2500.88
242.818 38.834 2515.85
243.6 38.8247 2531.94
244.346 38.8455 2547.78
245.17 39.04 2566.55
245.98 38.9551 2583.79
246.723 38.9882 2598.36
247.621 38.9995 2618.93
248.828 38.9176 2641.38
249.867 39.1025 2663.45
250.737 38.9553 2681.16
239.064 38.2571 2432.34
239.924 38.7028 2454.66
240.549 38.5226 2465.39
240.953 38.089 2466.98
241.894 38.3489 2490.05
242.928 38.2397 2508.96
243.698 38.2886 2526.31
244.415 38.3489 2542.89
245.392 38.3281 2561.56
246.031 38.1802 2574.05
246.979 38.2987 2595.6
247.723 38.2108 2609.36
248.517 38.2843 2629.16
249.289 38.4187 2643.95
250.106 38.3862 2660.27
239.67 37.346 2432.59
240.151 37.8817 2447.79
241.829 37.4993 2478.08
242.775 37.7243 2499.61
243.405 37.923 2514.99
244.253 37.6444 2530.89
245.151 37.6083 2548.8
246.14 37.5808 2569.42
246.832 37.7601 2586.95
247.637 37.6761 2601.09
248.404 37.7222 2618.91
249.198 37.6354 2634.89
250.005 37.6903 2651.07
240.291 37.0069 2440.1
244.78 37.2408 2537.4
245.285 36.7256 2541.08
246.093 37.0195 2561.14
246.916 37.0615 2580.78
247.618 37.0183 2594.03
248.494 36.9839 2611.38
249.196 36.9969 2629.25
250.126 37.1364 2648.44
250.975 36.8299 2664
239.217 36.3627 2408.46
239.88 36.3356 2422.24
243.67 36.4193 2501.05
244.617 36.423 2522.41
245.461 36.4321 2541.46
246.035 36.4151 2552.63
246.82 36.4182 2570.4
247.709 36.428 2590
248.87 36.1428 2611.33
249.338 36.5996 2628.56
250.13 36.4199 2642.06
238.764 36.0214 2394.96
240.097 35.8667 2419.73
244.57 35.8384 2513.67
245.149 35.7266 2526.07
246.016 35.8522 2546.92
246.895 35.6339 2562.53
247.827 35.8191 2587.24
250.067 35.7113 2635.11
250.954 35.7147 2652.61
245.13 35.301 2520.34
246.115 35.099 2541.1
246.917 35.2127 2558.62
247.733 35.1787 2577.84
248.468 35.0951 2592.66
249.287 35.0789 2609.48
250.264 35.1181 2633.68
250.612 35.1118 2640.41
246.17 34.5935 2536.21
247.109 34.4692 2554.91
247.763 34.4866 2569.79
248.559 34.4178 2587.3
249.194 34.3371 2599.64
250.05 34.5293 2621.98
250.71 34.4275 2636.87
245.476 33.7503 2509.97
246.171 33.8142 2527.7
246.995 33.9383 2547.15
247.667 33.9535 2561.57
248.522 33.8798 2581.04
249.156 33.6953 2592.92
249.966 33.7776 2612.03
250.746 33.9571 2633.03
247.054 33.3627 2542.75
247.842 33.2893 2558.86
248.573 33.341 2577.65
249.528 33.2969 2597.45
249.964 33.0851 2605.61
250.734 33.2921 2626.58
248.9 42.7654 2685.48
258.319 34.8837 2813.15
242.694 44.8525 2588.66
248.37 45.597 2705.04
250.442 42.7667 2714.31
255.804 48.4702 2858.61
247.187 40.195 2624.39
250.245 48.024 2754.86
244.761 40.7448 2578.82
240.467 46.3925 2565.18
245.586 43.5625 2632.1
248.435 41.6069 2662.04
254.387 39.7997 2767.21
253.777 46.6885 2815.68
249.6 44.5652 2689.05
246.059 46.8292 2669.68
242.877 48.2642 2630.16
236.131 47.3917 2502.92
257.967 40.9451 2849.05
250.733 45.1221 2748.22
254.499 37.7456 2750.42
243.75 36.9488 2510.03
248.626 35.5169 2599.29
241.363 42.4339 2534.86
