243.333 33.4915 3.68537e-07
243.263 33.5654 3.60396e-07
243.398 33.4947 3.59197e-07
243.288 33.7141 3.48148e-07
243.439 33.3516 3.60478e-07
243.577 32.8927 3.6546e-07
243.578 32.892 3.66651e-07
243.541 33.6117 3.51687e-07
243.152 33.63 3.71533e-07
242.829 33.4577 3.11803e-07
243.387 33.5519 3.7034e-07
242.752 32.841 4.29153e-07
243.574 33.5234 3.46705e-07
243.325 33.5736 3.64439e-07
238.134 37.954 3.97316e-07
239.613 38.0346 4.44222e-07
237.542 38.3453 4.30456e-07
236.999 37.6978 4.15725e-07
237.284 39.6547 4.96858e-07
236.928 38.9935 5.17527e-07
237.043 42.6071 4.2168e-07
235.97 40.8175 4.32579e-07
237.761 37.4037 4.22582e-07
240.681 37.3236 4.13328e-07
237.12 38.1448 4.45546e-07
237.557 38.8787 4.27097e-07
239.697 41.9025 4.73544e-07
238.5 39.5545 4.94721e-07
238.713 37.008 3.59666e-07
239.458 35.9452 3.43277e-07
237.459 40.5799 4.55905e-07
238.243 37.6221 3.91483e-07
237.29 41.732 4.1696e-07
242.566 34.5505 3.35802e-07
241.17 35.1269 3.92132e-07
240.896 35.3444 3.38434e-07
243.328 32.6801 3.64936e-07
243.079 34.2623 3.04349e-07
244.546 33.6551 3.67985e-07
244.002 34.0006 3.38388e-07
242.341 34.2388 3.6073e-07
241.974 34.3334 3.8127e-07
241.92 36.4399 3.2688e-07
241.666 34.2535 3.39757e-07
242.991 33.65 3.99363e-07
241.545 34.1062 3.13229e-07
243.899 32.6591 3.31907e-07
242.006 34.8811 3.46592e-07
241.706 33.7126 3.20973e-07
243.137 36.467 3.87363e-07
245.173 33.0515 3.79289e-07
244.34 34.7846 3.32425e-07
242.634 36.9961 3.39879e-07
243.194 35.3018 3.27693e-07
243.665 34.8294 3.03474e-07
244.855 34.1574 3.55995e-07
241.526 35.6628 2.86087e-07
240.934 34.1082 3.07316e-07
242.318 35.4795 2.91392e-07
241.164 37.6302 3.469e-07
242.511 36.058 3.25476e-07
240.186 34.8885 3.38802e-07
242.805 33.6 4.1828e-07
241.942 34.2236 3.69049e-07
241.276 34.6145 3.16393e-07
245.858 34.3034 2.93498e-07
239.454 35.4077 2.89052e-07
243.137 33.3536 3.81906e-07
240.756 36.3052 3.57579e-07
241.596 33.7435 3.11987e-07
243.003 34.8753 3.04069e-07
240.285 34.4408 3.64702e-07
241.453 32.9799 3.59517e-07
240.365 33.9954 3.65323e-07
242.338 33.5526 4.0206e-07
243.725 35.8995 3.6871e-07
242.717 35.8909 3.33687e-07
240.004 35.3142 3.35906e-07
240.476 33.2479 3.85268e-07
242.902 34.1065 3.68648e-07
244.2 32.9451 3.74405e-07
241.77 37.0542 3.22293e-07
241.714 34.0192 3.25488e-07
241.882 34.4837 3.75339e-07
240.915 35.8409 3.65482e-07
242.67 34.5607 3.39844e-07
253.543 34.9459 4.01798e-07
236.695 44.5855 4.06335e-07
255.964 44.1212 2.717e-07
249.215 32.3098 3.80698e-07
240.241 39.3104 2.84608e-07
242.895 32.8889 4.28215e-07
245.42 32.5356 3.98842e-07
246.233 32.7683 3.41465e-07
247.772 32.7006 4.10159e-07
248.296 32.5618 3.73132e-07
249.261 32.5716 3.89995e-07
250.03 32.6399 3.98511e-07
250.697 32.7663 3.60964e-07
247.189 31.9559 3.77199e-07
248.543 32.0022 3.76265e-07
249.184 31.7748 3.80872e-07
249.954 31.9737 4.06241e-07
250.741 31.9989 3.47822e-07
250.009 31.439 4.11368e-07
250.719 31.3757 3.80616e-07
237.293 48.7197 3.5385e-07
237.915 48.9983 2.93112e-07
238.52 49.0983 2.99764e-07
239.616 49.048 3.51799e-07
240.728 48.9534 2.66784e-07
241.415 48.9752 2.79748e-07
242.441 48.9813 3.37655e-07
243.637 48.958 2.91722e-07
244.347 48.9339 3.06731e-07
245.587 48.933 2.88053e-07
246.578 48.9725 2.96678e-07
247.267 48.9777 2.96543e-07
248.403 48.9482 2.52146e-07
236.496 48.0575 3.16663e-07
237.904 48.2641 3.47388e-07
238.516 48.5183 2.71846e-07
239.88 48.4607 3.36972e-07
240.667 48.3584 3.30627e-07
241.851 48.4226 2.66778e-07
242.775 48.2995 3.41042e-07
243.633 48.4366 3.10675e-07
244.411 48.4694 3.03645e-07
245.532 48.3739 3.26408e-07
246.727 48.3609 3.04238e-07
247.438 48.3129 3.09775e-07
248.293 48.4128 2.69073e-07
235.434 47.9475 3.32071e-07
237.028 47.7172 3.01812e-07
238.31 47.6947 3.27542e-07
239.939 47.6902 2.9346e-07
240.955 47.7849 3.51962e-07
241.726 47.8006 2.64773e-07
242.692 47.8192 3.21037e-07
243.744 47.8397 3.43993e-07
244.525 47.7092 3.25659e-07
245.427 47.6795 3.66399e-07
246.253 47.7687 3.0961e-07
247.393 47.775 3.31352e-07
248.254 47.8012 2.98955e-07
249.237 47.6327 3.38935e-07
236.229 47.1161 3.24671e-07
237.197 47.1109 2.55912e-07
238.011 47.1881 3.03895e-07
239.156 47.1935 3.21647e-07
240.027 47.1936 2.93725e-07
241.079 47.0573 4.09224e-07
241.691 47.0615 3.63204e-07
242.724 47.0547 3.08436e-07
243.665 47.0477 3.83033e-07
244.647 47.0528 3.60874e-07
245.541 47.0943 3.67163e-07
246.494 47.0816 3.45975e-07
247.48 47.0418 3.65802e-07
248.451 47.0308 3.58363e-07
236.437 46.5459 3.09579e-07
237.28 46.5934 2.78389e-07
238.239 46.5605 3.02165e-07
239.021 46.5433 4.08107e-07
240.145 46.5585 3.18862e-07
240.94 46.4911 3.87642e-07
241.855 46.5139 4.26085e-07
242.89 46.485 3.33864e-07
243.791 46.3559 3.77527e-07
244.43 46.4151 4.28662e-07
245.812 46.4423 3.81092e-07
246.507 46.4162 4.17163e-07
247.359 46.4246 4.04736e-07
248.324 46.5336 4.39117e-07
249.142 46.462 3.71971e-07
250.086 46.5663 3.31847e-07
239.272 40.6183 4.22823e-07
236.441 45.9306 3.6914e-07
237.581 45.9325 3.44298e-07
238.541 45.8839 3.46621e-07
239.218 45.7664 3.83552e-07
240.072 45.8951 4.11261e-07
241.223 45.7971 3.85753e-07
242.091 45.7087 4.61127e-07
242.772 45.9734 4.04829e-07
243.845 45.8883 3.71766e-07
244.745 45.7565 4.57218e-07
245.668 45.7893 3.95135e-07
246.63 45.8122 4.16378e-07
247.507 45.8409 4.12444e-07
250.284 45.9046 4.00252e-07
236.719 45.3153 3.80317e-07
237.522 45.2059 4.20711e-07
238.683 45.2422 3.90691e-07
239.365 45.2357 3.98425e-07
240.331 45.2664 4.44797e-07
241.041 45.2904 3.95423e-07
242.22 45.2781 4.8716e-07
242.88 45.2925 4.59897e-07
243.732 45.3997 3.88553e-07
244.674 45.1285 4.38779e-07
245.767 45.0931 4.63131e-07
246.54 45.2432 3.80705e-07
247.511 45.166 4.16526e-07
248.195 45.2285 4.13834e-07
236 44.6764 3.7039e-07
236.708 44.6765 4.02972e-07
237.814 44.6837 4.48044e-07
238.773 44.6473 4.18693e-07
239.665 44.7344 4.45693e-07
240.435 44.5913 5.31864e-07
241.33 44.5191 4.55361e-07
242.336 44.6653 4.73852e-07
243.253 44.589 4.64887e-07
243.987 44.7035 4.24438e-07
245.145 44.5494 4.62886e-07
245.745 44.5642 4.88684e-07
246.633 44.6165 4.09505e-07
247.356 44.6173 4.26613e-07
248.752 44.7038 4.95615e-07
240.977 36.6801 3.80039e-07
236.17 44.0035 4.22275e-07
236.722 43.9726 4.1676e-07
237.589 43.7941 4.49839e-07
238.733 44.1626 4.72315e-07
239.789 43.9437 4.23428e-07
240.496 44.082 5.19262e-07
241.431 43.9104 4.64196e-07
242.259 43.9733 4.04039e-07
243.197 44.086 4.78891e-07
244.042 43.9121 4.20186e-07
244.867 43.7945 3.87818e-07
245.883 43.9146 4.63481e-07
246.548 43.9286 4.53512e-07
247.515 43.9997 4.57039e-07
248.513 43.8756 5.13891e-07
249.424 43.92 4.85805e-07
236.425 43.3654 4.40367e-07
237.891 43.2406 4.238e-07
238.764 43.2843 4.78258e-07
239.847 43.2515 4.33365e-07
240.69 43.3736 4.44207e-07
241.526 43.358 4.50047e-07
242.246 43.3471 4.06328e-07
243.233 43.4275 4.34701e-07
244.172 43.4151 4.06476e-07
244.902 43.25 3.71852e-07
245.826 43.3979 4.37276e-07
246.482 43.3234 4.74756e-07
247.567 43.3998 4.01933e-07
248.388 43.2741 4.4455e-07
235.531 42.8088 4.27989e-07
236.51 42.7667 4.80601e-07
238.269 42.6133 4.21071e-07
239.107 42.7258 4.53355e-07
239.749 42.7991 4.2867e-07
240.753 42.6912 3.99316e-07
241.514 42.7308 4.43724e-07
242.275 42.6996 4.59119e-07
243.13 42.7779 3.83671e-07
243.968 42.7713 4.24311e-07
245.097 42.636 3.89128e-07
245.916 42.6493 3.9376e-07
247.469 42.6852 3.98937e-07
248.412 42.8321 3.78633e-07
236.398 42.156 4.8119e-07
238.109 42.175 4.1455e-07
239.166 42.0472 4.5449e-07
240.66 42.0187 4.08158e-07
241.656 42.1901 4.41227e-07
242.333 42.0192 4.61981e-07
243.529 42.0773 4.06879e-07
244.246 42.1669 4.38204e-07
244.984 42.146 4.40935e-07
246.056 42.0886 3.78246e-07
246.76 42.0343 4.51024e-07
247.614 42.0041 4.15085e-07
248.568 42.0149 3.2579e-07
239.26 38.7552 4.24466e-07
235.878 41.8473 4.0716e-07
237.146 41.392 4.71449e-07
237.878 41.2742 4.4718e-07
238.161 41.7826 4.13734e-07
238.854 41.3593 3.92811e-07
239.523 41.2047 4.27854e-07
240.829 41.3884 4.46776e-07
241.621 41.4483 4.08541e-07
242.55 41.423 4.56482e-07
243.46 41.522 3.97043e-07
244.209 41.4311 4.26947e-07
245.085 41.4157 4.39118e-07
245.834 41.3602 3.98693e-07
246.653 41.503 3.91579e-07
247.552 41.4632 4.44003e-07
248.37 41.3146 3.42049e-07
236.694 40.822 4.10736e-07
240.165 40.7484 4.81286e-07
241.029 40.7797 4.49789e-07
241.866 40.7811 3.97286e-07
242.476 40.852 4.23462e-07
244.264 40.8167 3.93306e-07
244.961 40.8522 4.05617e-07
245.796 40.8556 4.03587e-07
246.813 40.8513 3.36531e-07
247.48 40.8903 4.19176e-07
248.563 40.8869 3.26333e-07
249.166 40.9425 2.90081e-07
250.327 40.9763 3.38407e-07
250.823 40.8936 3.19095e-07
236.18 40.1398 4.71775e-07
237.212 40.1767 4.4465e-07
238.914 40.32 4.77159e-07
239.082 39.962 5.01573e-07
240.173 40.165 4.92209e-07
241.123 40.1614 4.88449e-07
241.845 40.2903 3.98916e-07
242.81 40.1697 4.10865e-07
243.5 40.2917 4.42181e-07
244.343 40.1313 3.76614e-07
245.255 40.2679 3.71747e-07
246.019 40.1314 3.62677e-07
247.531 40.2807 3.52987e-07
248.498 40.2067 3.782e-07
249.262 40.1948 3.05038e-07
249.992 40.2655 3.48645e-07
250.876 40.2982 3.21635e-07
239.392 39.3028 4.62572e-07
240.102 39.6785 4.33509e-07
241.111 39.5399 4.61378e-07
241.92 39.6946 4.34119e-07
242.861 39.5516 3.73454e-07
243.536 39.6202 3.92927e-07
244.246 39.553 3.71514e-07
245.093 39.4731 3.1125e-07
245.984 39.455 3.29138e-07
246.931 39.5906 2.91729e-07
247.721 39.5708 3.09949e-07
248.341 39.6092 3.68478e-07
249.26 39.473 3.29458e-07
249.754 39.6279 2.73444e-07
251.019 39.6333 2.88199e-07
237.986 38.6333 3.95893e-07
238.623 38.839 4.28032e-07
241.192 38.9383 3.74753e-07
242.068 38.8606 3.59433e-07
242.818 38.834 3.21717e-07
243.6 38.8247 2.95826e-07
244.346 38.8455 3.22417e-07
245.17 39.04 2.91891e-07
245.98 38.9551 2.88543e-07
246.723 38.9882 3.59089e-07
247.621 38.9995 2.47344e-07
248.828 38.9176 3.65719e-07
249.867 39.1025 2.60578e-07
250.737 38.9553 2.33028e-07
239.064 38.2571 3.99869e-07
239.924 38.7028 3.65104e-07
240.549 38.5226 3.42425e-07
240.953 38.089 3.52168e-07
241.894 38.3489 3.8503e-07
242.928 38.2397 3.22597e-07
243.698 38.2886 2.81621e-07
244.415 38.3489 3.07969e-07
245.392 38.3281 2.99687e-07
246.031 38.1802 2.60699e-07
246.979 38.2987 3.51604e-07
247.723 38.2108 2.85717e-07
248.517 38.2843 3.31747e-07
249.289 38.4187 3.28392e-07
250.106 38.3862 2.38347e-07
239.67 37.346 3.60714e-07
240.151 37.8817 4.15196e-07
241.829 37.4993 3.42771e-07
242.775 37.7243 3.41498e-07
243.405 37.923 3.07192e-07
244.253 37.6444 2.89325e-07
245.151 37.6083 3.55511e-07
246.14 37.5808 2.90259e-07
246.832 37.7601 3.47579e-07
247.637 37.6761 3.50738e-07
248.404 37.7222 2.43941e-07
249.198 37.6354 3.25592e-07
250.005 37.6903 2.94397e-07
240.291 37.0069 3.94552e-07
244.78 37.2408 3.16187e-07
245.285 36.7256 3.22171e-07
246.093 37.0195 2.9063e-07
246.916 37.0615 3.2782e-07
247.618 37.0183 3.52985e-07
248.494 36.9839 2.76149e-07
249.196 36.9969 3.00916e-07
250.126 37.1364 3.25797e-07
250.975 36.8299 2.86422e-07
239.217 36.3627 3.27963e-07
239.88 36.3356 3.32978e-07
243.67 36.4193 3.43227e-07
244.617 36.423 2.80056e-07
245.461 36.4321 3.1814e-07
246.035 36.4151 3.30079e-07
246.82 36.4182 2.94568e-07
247.709 36.428 3.497e-07
248.87 36.1428 2.62131e-07
249.338 36.5996 3.06699e-07
250.13 36.4199 3.66519e-07
238.764 36.0214 3.61342e-07
240.097 35.8667 2.80282e-07
244.57 35.8384 3.05071e-07
245.149 35.7266 2.67622e-07
246.016 35.8522 3.4696e-07
246.895 35.6339 3.08995e-07
247.827 35.8191 3.33195e-07
250.067 35.7113 3.66719e-07
250.954 35.7147 3.25848e-07
245.13 35.301 2.73909e-07
246.115 35.099 3.28709e-07
246.917 35.2127 3.2892e-07
247.733 35.1787 3.07522e-07
248.468 35.0951 3.77585e-07
249.287 35.0789 2.97113e-07
250.264 35.1181 3.43589e-07
250.612 35.1118 3.73621e-07
246.17 34.5935 2.81841e-07
247.109 34.4692 3.39271e-07
247.763 34.4866 3.14403e-07
248.559 34.4178 3.56924e-07
249.194 34.3371 3.63778e-07
250.05 34.5293 2.8347e-07
250.71 34.4275 3.80687e-07
245.476 33.7503 3.38783e-07
246.171 33.8142 3.00653e-07
246.995 33.9383 3.53257e-07
247.667 33.9535 3.42053e-07
248.522 33.8798 3.57197e-07
249.156 33.6953 3.9987e-07
249.966 33.7776 3.42735e-07
250.746 33.9571 3.88645e-07
247.054 33.3627 3.71631e-07
247.842 33.2893 3.7865e-07
248.573 33.341 3.58167e-07
249.528 33.2969 4.06615e-07
249.964 33.0851 3.87941e-07
250.734 33.2921 3.94798e-07
248.9 42.7654 4.32328e-07
258.319 34.8837 3.36995e-07
242.694 44.8525 4.79265e-07
248.37 45.597 4.26706e-07
250.442 42.7667 3.21945e-07
255.804 48.4702 2.29826e-07
247.187 40.195 3.00285e-07
250.245 48.024 3.31303e-07
244.761 40.7448 3.82552e-07
240.467 46.3925 3.37906e-07
245.586 43.5625 4.34446e-07
248.435 41.6069 3.18421e-07
254.387 39.7997 2.95992e-07
253.777 46.6885 4.57699e-07
249.6 44.5652 1.12911e-06
246.059 46.8292 2.54283e-07
242.877 48.2642 3.3995e-07
236.131 47.3917 3.27181e-07
257.967 40.9451 2.66871e-07
250.733 45.1221 5.68718e-07
254.499 37.7456 3.12032e-07
243.75 36.9488 2.95309e-07
248.626 35.5169 3.55497e-07
241.363 42.4339 4.28035e-07
