235.4 31.4 6392.52
235.6 31.4 6359.27
235.8 31.4 6325.92
236 31.4 6292.45
236.2 31.4 6258.83
236.4 31.4 6225.01
236.6 31.4 6190.93
236.8 31.4 6156.46
237 31.4 6121.45
237.8 31.4 5972.9
238 31.4 5933.2
238.2 31.4 5892.61
238.4 31.4 5851.35
238.6 31.4 5809.71
241.4 31.4 5483.4
243.2 31.4 5248.12
246.6 31.4 4785.42
246.8 31.4 4795.06
251.6 31.4 4535.95
251.8 31.4 4505.31
252 31.4 4473.91
252.2 31.4 4441.82
252.4 31.4 4409.06
252.6 31.4 4375.69
252.8 31.4 4341.76
253 31.4 4307.32
253.2 31.4 4272.49
253.4 31.4 4237.39
253.6 31.4 4202.2
253.8 31.4 4167.15
255.8 31.4 3881.08
256 31.4 3859
256.2 31.4 3837.55
256.4 31.4 3816.63
256.6 31.4 3796.18
256.8 31.4 3776.14
257 31.4 3756.47
257.2 31.4 3737.13
257.4 31.4 3718.07
257.6 31.4 3699.29
257.8 31.4 3680.73
258 31.4 3662.37
258.2 31.4 3644.19
258.4 31.4 3626.16
258.6 31.4 3608.24
258.8 31.4 3590.41
259 31.4 3572.64
259.2 31.4 3554.93
259.4 31.4 3537.24
259.6 31.4 3519.57
235.4 31.6 6397.67
235.6 31.6 6364.07
235.8 31.6 6330.36
236 31.6 6296.5
236.2 31.6 6262.43
236.4 31.6 6228.08
236.6 31.6 6193.32
236.8 31.6 6158.03
237.8 31.6 5968.4
238 31.6 5927.49
238.2 31.6 5885.89
238.4 31.6 5843.91
246.4 31.6 4729.74
246.6 31.6 4741.93
251.6 31.6 4515.64
251.8 31.6 4485.78
252 31.6 4455.19
252.2 31.6 4423.92
252.4 31.6 4392.01
252.6 31.6 4359.5
252.8 31.6 4326.43
253 31.6 4292.88
253.2 31.6 4258.92
253.4 31.6 4224.7
253.6 31.6 4190.36
253.8 31.6 4156.12
255.8 31.6 3874.22
256 31.6 3852.16
256.2 31.6 3830.68
256.4 31.6 3809.71
256.6 31.6 3789.18
256.8 31.6 3769.04
257 31.6 3749.24
257.2 31.6 3729.75
257.4 31.6 3710.52
257.6 31.6 3691.54
257.8 31.6 3672.78
258 31.6 3654.2
258.2 31.6 3635.78
258.4 31.6 3617.48
258.6 31.6 3599.3
258.8 31.6 3581.19
259 31.6 3563.15
259.2 31.6 3545.14
259.4 31.6 3527.16
259.6 31.6 3509.19
235.4 31.8 6402.52
235.6 31.8 6368.57
235.8 31.8 6334.51
236 31.8 6300.25
236.2 31.8 6265.74
236.4 31.8 6230.84
237.6 31.8 6005.38
237.8 31.8 5964.27
238 31.8 5922.38
238.2 31.8 5880.06
243 31.8 5280.39
246.4 31.8 4680.57
246.6 31.8 4696.58
251.6 31.8 4495.28
251.8 31.8 4466.23
252 31.8 4436.47
252.2 31.8 4406.05
252.4 31.8 4375.01
252.6 31.8 4343.38
252.8 31.8 4311.21
253 31.8 4278.57
253.2 31.8 4245.53
253.4 31.8 4212.22
253.6 31.8 4178.8
253.8 31.8 4145.46
255.8 31.8 3867.61
256 31.8 3845.53
256.2 31.8 3824
256.4 31.8 3802.96
256.6 31.8 3782.33
256.8 31.8 3762.06
257 31.8 3742.12
257.2 31.8 3722.46
257.4 31.8 3703.06
257.6 31.8 3683.88
257.8 31.8 3664.9
258 31.8 3646.08
258.2 31.8 3627.41
258.4 31.8 3608.86
258.6 31.8 3590.4
258.8 31.8 3572.02
259 31.8 3553.69
259.2 31.8 3535.39
259.4 31.8 3517.11
259.6 31.8 3498.84
235.4 32 6406.93
235.6 32 6372.64
235.8 32 6338.22
236 32 6303.58
236.2 32 6268.62
237.6 32 6002.71
237.8 32 5960.73
238 32 5918.18
241.2 32 5464.17
246.4 32 4629.18
246.6 32 4649
251.6 32 4474.86
251.8 32 4446.66
252 32 4417.76
252.2 32 4388.22
252.4 32 4358.07
252.6 32 4327.35
252.8 32 4296.11
253 32 4264.41
253.2 32 4232.33
253.4 32 4199.99
253.6 32 4167.53
253.8 32 4135.15
254 32 4103.07
255.8 32 3861.29
256 32 3839.15
256.2 32 3817.54
256.4 32 3796.39
256.6 32 3775.63
256.8 32 3755.23
257 32 3735.13
257.2 32 3715.29
257.4 32 3695.7
257.6 32 3676.31
257.8 32 3657.1
258 32 3638.04
258.2 32 3619.12
258.4 32 3600.3
258.6 32 3581.56
258.8 32 3562.89
259 32 3544.27
259.2 32 3525.67
259.4 32 3507.1
259.6 32 3488.53
235.4 32.2 6410.74
235.6 32.2 6376.13
235.8 32.2 6341.36
236 32.2 6306.36
237.4 32.2 6042.32
237.6 32.2 6000.53
237.8 32.2 5957.98
239.8 32.2 5567.65
246.4 32.2 4575.71
246.6 32.2 4599.21
251.6 32.2 4454.37
251.8 32.2 4427.05
252 32.2 4399.05
252.2 32.2 4370.41
252.4 32.2 4341.19
252.6 32.2 4311.42
252.8 32.2 4281.14
253 32.2 4250.42
253.2 32.2 4219.33
253.4 32.2 4187.98
253.6 32.2 4156.53
253.8 32.2 4125.14
254 32.2 4094.04
255.6 32.2 3878.05
255.8 32.2 3855.23
256 32.2 3833.01
256.2 32.2 3811.29
256.4 32.2 3790.02
256.6 32.2 3769.12
256.8 32.2 3748.56
257 32.2 3728.28
257.2 32.2 3708.26
257.4 32.2 3688.45
257.6 32.2 3668.84
257.8 32.2 3649.39
258 32.2 3630.09
258.2 32.2 3610.9
258.4 32.2 3591.81
258.6 32.2 3572.79
258.8 32.2 3553.83
259 32.2 3534.91
259.2 32.2 3516.01
259.4 32.2 3497.13
259.6 32.2 3478.25
235.4 32.4 6413.81
235.6 32.4 6378.89
235.8 32.4 6343.82
237.4 32.4 6041.14
237.6 32.4 5998.91
237.8 32.4 5956.09
239.4 32.4 5653.97
246.6 32.4 4547.82
246.8 32.4 4575.1
251.6 32.4 4433.76
251.8 32.4 4407.39
252 32.4 4380.33
252.2 32.4 4352.64
252.4 32.4 4324.38
252.6 32.4 4295.59
252.8 32.4 4266.3
253 32.4 4236.58
253.2 32.4 4206.51
253.4 32.4 4176.19
253.6 32.4 4145.75
253.8 32.4 4115.37
254 32.4 4085.24
254.2 32.4 4055.57
255.6 32.4 3872.31
255.8 32.4 3849.42
256 32.4 3827.1
256.2 32.4 3805.27
256.4 32.4 3783.85
256.6 32.4 3762.8
256.8 32.4 3742.06
257 32.4 3721.59
257.2 32.4 3701.36
257.4 32.4 3681.34
257.6 32.4 3661.49
257.8 32.4 3641.8
258 32.4 3622.23
258.2 32.4 3602.77
258.4 32.4 3583.4
258.6 32.4 3564.09
258.8 32.4 3544.83
259 32.4 3525.6
259.2 32.4 3506.4
259.4 32.4 3487.21
259.6 32.4 3468.02
235.4 32.6 6415.99
237.4 32.6 6040.22
237.6 32.6 5997.77
237.8 32.6 5954.91
239.2 32.6 5697.22
247 32.6 4555.65
251.6 32.6 4413.03
251.8 32.6 4387.66
252 32.6 4361.59
252.2 32.6 4334.9
252.4 32.6 4307.64
252.6 32.6 4279.85
252.8 32.6 4251.58
253 32.6 4222.89
253.2 32.6 4193.85
253.4 32.6 4164.56
253.6 32.6 4135.16
253.8 32.6 4105.78
254 32.6 4076.6
254.2 32.6 4047.8
254.4 32.6 4019.58
254.6 32.6 3992.08
254.8 32.6 3965.4
255 32.6 3939.57
255.2 32.6 3914.57
255.4 32.6 3890.33
255.6 32.6 3866.77
255.8 32.6 3843.82
256 32.6 3821.4
256.2 32.6 3799.44
256.4 32.6 3777.87
256.6 32.6 3756.65
256.8 32.6 3735.72
257 32.6 3715.06
257.2 32.6 3694.61
257.4 32.6 3674.35
257.6 32.6 3654.26
257.8 32.6 3634.31
258 32.6 3614.47
258.2 32.6 3594.73
258.4 32.6 3575.06
258.6 32.6 3555.46
258.8 32.6 3535.9
259 32.6 3516.36
259.2 32.6 3496.85
259.4 32.6 3477.34
259.6 32.6 3457.83
237.6 32.8 5996.82
237.8 32.8 5954.05
239 32.8 5734.39
247.2 32.8 4540.4
251.8 32.8 4367.85
252 32.8 4342.83
252.2 32.8 4317.19
252.4 32.8 4290.96
252.6 32.8 4264.21
252.8 32.8 4236.98
253 32.8 4209.34
253.2 32.8 4181.34
253.4 32.8 4153.09
253.6 32.8 4124.7
253.8 32.8 4096.31
254 32.8 4068.06
254.2 32.8 4040.11
254.4 32.8 4012.62
254.6 32.8 3985.71
254.8 32.8 3959.47
255 32.8 3933.93
255.2 32.8 3909.11
255.4 32.8 3884.94
255.6 32.8 3861.39
255.8 32.8 3838.39
256 32.8 3815.88
256.2 32.8 3793.79
256.4 32.8 3772.07
256.6 32.8 3750.67
256.8 32.8 3729.55
257 32.8 3708.66
257.2 32.8 3687.99
257.4 32.8 3667.49
257.6 32.8 3647.14
257.8 32.8 3626.92
258 32.8 3606.8
258.2 32.8 3586.77
258.4 32.8 3566.81
258.6 32.8 3546.9
258.8 32.8 3527.03
259 32.8 3507.18
259.2 32.8 3487.35
259.4 32.8 3467.52
259.6 32.8 3447.7
237.6 33 5995.59
237.8 33 5952.88
238 33 5910.76
239 33 5739.44
247.4 33 4529.2
249 33 4572.59
249.2 33 4562.01
251.8 33 4347.97
252 33 4324.06
252.2 33 4299.5
252.4 33 4274.35
252.6 33 4248.66
252.8 33 4222.5
253 33 4195.91
253.2 33 4168.97
253.4 33 4141.76
253.6 33 4114.38
253.8 33 4086.94
254 33 4059.6
254.2 33 4032.46
254.4 33 4005.68
254.6 33 3979.35
254.8 33 3953.56
255 33 3928.35
255.2 33 3903.72
255.4 33 3879.66
255.6 33 3856.14
255.8 33 3833.1
256 33 3810.5
256.2 33 3788.29
256.4 33 3766.41
256.6 33 3744.83
256.8 33 3723.51
257 33 3702.41
257.2 33 3681.49
257.4 33 3660.74
257.6 33 3640.13
257.8 33 3619.63
258 33 3599.23
258.2 33 3578.9
258.4 33 3558.64
258.6 33 3538.42
258.8 33 3518.23
259 33 3498.06
259.2 33 3477.91
259.4 33 3457.76
259.6 33 3437.61
237.8 33.2 5950.59
238 33.2 5908.37
238.2 33.2 5867.74
238.4 33.2 5829.76
238.6 33.2 5795.38
238.8 33.2 5765.26
248.8 33.2 4546.42
249 33.2 4536.08
249.2 33.2 4525.73
249.4 33.2 4515.56
249.6 33.2 4505.44
251.8 33.2 4328.02
252 33.2 4305.27
252.2 33.2 4281.84
252.4 33.2 4257.8
252.6 33.2 4233.22
252.8 33.2 4208.14
253 33.2 4182.62
253.2 33.2 4156.73
253.4 33.2 4130.55
253.6 33.2 4104.16
253.8 33.2 4077.67
254 33.2 4051.2
254.2 33.2 4024.86
254.4 33.2 3998.76
254.6 33.2 3973.01
254.8 33.2 3947.67
255 33.2 3922.79
255.2 33.2 3898.38
255.4 33.2 3874.45
255.6 33.2 3850.98
255.8 33.2 3827.92
256 33.2 3805.24
256.2 33.2 3782.91
256.4 33.2 3760.89
256.6 33.2 3739.13
256.8 33.2 3717.6
257 33.2 3696.27
257.2 33.2 3675.11
257.4 33.2 3654.1
257.6 33.2 3633.22
257.8 33.2 3612.44
258 33.2 3591.74
258.2 33.2 3571.11
258.4 33.2 3550.54
258.6 33.2 3530
258.8 33.2 3509.49
259 33.2 3489
259.2 33.2 3468.52
259.4 33.2 3448.04
259.6 33.2 3427.56
238 33.4 5903.49
238.2 33.4 5862.19
238.4 33.4 5823.54
238.6 33.4 5788.59
248.6 33.4 4521.35
248.8 33.4 4510.7
249 33.4 4499.74
249.2 33.4 4489.26
249.4 33.4 4479.44
249.6 33.4 4470.06
249.8 33.4 4460.73
251.8 33.4 4308.03
252 33.4 4286.49
252.2 33.4 4264.24
252.4 33.4 4241.35
252.6 33.4 4217.88
252.8 33.4 4193.9
253 33.4 4169.47
253.2 33.4 4144.63
253.4 33.4 4119.46
253.6 33.4 4094.05
253.8 33.4 4068.48
254 33.4 4042.86
254.2 33.4 4017.29
254.4 33.4 3991.87
254.6 33.4 3966.68
254.8 33.4 3941.79
255 33.4 3917.25
255.2 33.4 3893.08
255.4 33.4 3869.3
255.6 33.4 3845.88
255.8 33.4 3822.82
256 33.4 3800.08
256.2 33.4 3777.65
256.4 33.4 3755.47
256.6 33.4 3733.53
256.8 33.4 3711.79
257 33.4 3690.24
257.2 33.4 3668.83
257.4 33.4 3647.56
257.6 33.4 3626.4
257.8 33.4 3605.32
258 33.4 3584.33
258.2 33.4 3563.39
258.4 33.4 3542.5
258.6 33.4 3521.64
258.8 33.4 3500.8
259 33.4 3479.98
259.2 33.4 3459.17
259.4 33.4 3438.36
259.6 33.4 3417.55
238.4 33.6 5812.06
238.6 33.6 5775.42
242 33.6 5167.89
248.6 33.6 4489.34
249.6 33.6 4434.45
249.8 33.6 4426.11
250 33.6 4417.62
251.8 33.6 4288.03
252 33.6 4267.75
252.2 33.6 4246.71
252.4 33.6 4225
252.6 33.6 4202.68
252.8 33.6 4179.81
253 33.6 4156.46
253.2 33.6 4132.67
253.4 33.6 4108.51
253.6 33.6 4084.05
253.8 33.6 4059.39
254 33.6 4034.6
254.2 33.6 4009.77
254.4 33.6 3985
254.6 33.6 3960.37
254.8 33.6 3935.93
255 33.6 3911.73
255.2 33.6 3887.81
255.4 33.6 3864.18
255.6 33.6 3840.84
255.8 33.6 3817.79
256 33.6 3795
256.2 33.6 3772.46
256.4 33.6 3750.14
256.6 33.6 3728.02
256.8 33.6 3706.08
257 33.6 3684.29
257.2 33.6 3662.64
257.4 33.6 3641.09
257.6 33.6 3619.65
257.8 33.6 3598.28
258 33.6 3576.97
258.2 33.6 3555.72
258.4 33.6 3534.51
258.6 33.6 3513.33
258.8 33.6 3492.16
259 33.6 3471.01
259.2 33.6 3449.86
259.4 33.6 3428.72
259.6 33.6 3407.57
244.8 33.8 4147.67
248.4 33.8 4477.06
249.8 33.8 4391.37
250 33.8 4384.11
251.8 33.8 4268.08
252 33.8 4249.1
252.2 33.8 4229.31
252.4 33.8 4208.79
252.6 33.8 4187.64
252.8 33.8 4165.89
253 33.8 4143.62
253.2 33.8 4120.86
253.4 33.8 4097.7
253.6 33.8 4074.18
253.8 33.8 4050.39
254 33.8 4026.41
254.2 33.8 4002.31
254.4 33.8 3978.17
254.6 33.8 3954.07
254.8 33.8 3930.07
255 33.8 3906.22
255.2 33.8 3882.55
255.4 33.8 3859.09
255.6 33.8 3835.84
255.8 33.8 3812.8
256 33.8 3789.97
256.2 33.8 3767.34
256.4 33.8 3744.88
256.6 33.8 3722.59
256.8 33.8 3700.44
257 33.8 3678.42
257.2 33.8 3656.51
257.4 33.8 3634.69
257.6 33.8 3612.96
257.8 33.8 3591.29
258 33.8 3569.68
258.2 33.8 3548.1
258.4 33.8 3526.57
258.6 33.8 3505.05
258.8 33.8 3483.55
259 33.8 3462.07
259.2 33.8 3440.58
259.4 33.8 3419.1
259.6 33.8 3397.61
238.6 34 5726.55
238.8 34 5687.68
246.6 34 4402.57
248.4 34 4455.78
249.8 34 4356.66
250 34 4350.61
250.2 34 4344.32
252 34 4230.58
252.2 34 4212.06
252.4 34 4192.77
252.6 34 4172.78
252.8 34 4152.16
253 34 4130.96
253.2 34 4109.24
253.4 34 4087.05
253.6 34 4064.45
253.8 34 4041.51
254 34 4018.31
254.2 34 3994.91
254.4 34 3971.39
254.6 34 3947.81
254.8 34 3924.24
255 34 3900.73
255.2 34 3877.31
255.4 34 3854.02
255.6 34 3830.86
255.8 34 3807.85
256 34 3784.98
256.2 34 3762.26
256.4 34 3739.67
256.6 34 3717.21
256.8 34 3694.85
257 34 3672.6
257.2 34 3650.43
257.4 34 3628.34
257.6 34 3606.32
257.8 34 3584.34
258 34 3562.42
258.2 34 3540.52
258.4 34 3518.66
258.6 34 3496.81
258.8 34 3474.97
259 34 3453.15
259.2 34 3431.32
259.4 34 3409.5
259.6 34 3387.67
238.4 34.2 5739.67
238.6 34.2 5690.65
238.8 34.2 5646.81
239 34.2 5609.41
243.8 34.2 4913.18
248.4 34.2 4433.71
250 34.2 4317.26
250.2 34.2 4312.39
252 34.2 4212.26
252.2 34.2 4195.02
252.4 34.2 4176.96
252.6 34.2 4158.14
252.8 34.2 4138.65
253 34.2 4118.52
253.2 34.2 4097.81
253.4 34.2 4076.57
253.6 34.2 4054.87
253.8 34.2 4032.76
254 34.2 4010.31
254.2 34.2 3987.58
254.4 34.2 3964.65
254.6 34.2 3941.58
254.8 34.2 3918.44
255 34.2 3895.25
255.2 34.2 3872.09
255.4 34.2 3848.96
255.6 34.2 3825.9
255.8 34.2 3802.91
256 34.2 3780.02
256.2 34.2 3757.21
256.4 34.2 3734.5
256.6 34.2 3711.86
256.8 34.2 3689.31
257 34.2 3666.82
257.2 34.2 3644.4
257.4 34.2 3622.03
257.6 34.2 3599.71
257.8 34.2 3577.43
258 34.2 3555.18
258.2 34.2 3532.97
258.4 34.2 3510.77
258.6 34.2 3488.58
258.8 34.2 3466.41
259 34.2 3444.24
259.2 34.2 3422.07
259.4 34.2 3399.9
259.6 34.2 3377.73
238.4 34.4 5703.69
250 34.4 4284.19
250.2 34.4 4280.77
250.4 34.4 4276.71
252 34.4 4194.21
252.2 34.4 4178.26
252.4 34.4 4161.42
252.6 34.4 4143.77
252.8 34.4 4125.39
253 34.4 4106.31
253.2 34.4 4086.6
253.4 34.4 4066.3
253.6 34.4 4045.46
253.8 34.4 4024.15
254 34.4 4002.42
254.2 34.4 3980.35
254.4 34.4 3957.99
254.6 34.4 3935.4
254.8 34.4 3912.66
255 34.4 3889.8
255.2 34.4 3866.87
255.4 34.4 3843.91
255.6 34.4 3820.94
255.8 34.4 3797.99
256 34.4 3775.06
256.2 34.4 3752.18
256.4 34.4 3729.34
256.6 34.4 3706.54
256.8 34.4 3683.78
257 34.4 3661.06
257.2 34.4 3638.38
257.4 34.4 3615.74
257.6 34.4 3593.12
257.8 34.4 3570.53
258 34.4 3547.97
258.2 34.4 3525.42
258.4 34.4 3502.89
258.6 34.4 3480.36
258.8 34.4 3457.85
259 34.4 3435.33
259.2 34.4 3412.82
259.4 34.4 3390.31
259.6 34.4 3367.79
250 34.6 4251.5
250.2 34.6 4249.6
250.4 34.6 4247.09
252 34.6 4176.49
252.2 34.6 4161.81
252.4 34.6 4146.2
252.6 34.6 4129.71
252.8 34.6 4112.42
253 34.6 4094.38
253.2 34.6 4075.64
253.4 34.6 4056.24
253.6 34.6 4036.25
253.8 34.6 4015.71
254 34.6 3994.68
254.2 34.6 3973.22
254.4 34.6 3951.4
254.6 34.6 3929.28
254.8 34.6 3906.92
255 34.6 3884.36
255.2 34.6 3861.66
255.4 34.6 3838.86
255.6 34.6 3815.98
255.8 34.6 3793.06
256 34.6 3770.11
256.2 34.6 3747.14
256.4 34.6 3724.17
256.6 34.6 3701.21
256.8 34.6 3678.25
257 34.6 3655.31
257.2 34.6 3632.37
257.4 34.6 3609.45
257.6 34.6 3586.54
257.8 34.6 3563.64
258 34.6 3540.75
258.2 34.6 3517.88
258.4 34.6 3495.01
258.6 34.6 3472.14
258.8 34.6 3449.28
259 34.6 3426.42
259.2 34.6 3403.56
259.4 34.6 3380.7
259.6 34.6 3357.83
238.2 34.8 5698.29
244.8 34.8 4344
250 34.8 4219.34
250.2 34.8 4219.02
250.4 34.8 4218.08
252 34.8 4159.17
252.2 34.8 4145.77
252.4 34.8 4131.35
252.6 34.8 4116
252.8 34.8 4099.79
253 34.8 4082.76
253.2 34.8 4064.96
253.4 34.8 4046.45
253.6 34.8 4027.26
253.8 34.8 4007.46
254 34.8 3987.09
254.2 34.8 3966.23
254.4 34.8 3944.93
254.6 34.8 3923.24
254.8 34.8 3901.24
255 34.8 3878.96
255.2 34.8 3856.48
255.4 34.8 3833.82
255.6 34.8 3811.02
255.8 34.8 3788.12
256 34.8 3765.14
256.2 34.8 3742.09
256.4 34.8 3719
256.6 34.8 3695.87
256.8 34.8 3672.72
257 34.8 3649.54
257.2 34.8 3626.35
257.4 34.8 3603.15
257.6 34.8 3579.95
257.8 34.8 3556.74
258 34.8 3533.53
258.2 34.8 3510.32
258.4 34.8 3487.11
258.6 34.8 3463.9
258.8 34.8 3440.69
259 34.8 3417.48
259.2 34.8 3394.27
259.4 34.8 3371.06
259.6 34.8 3347.85
248.2 35 4305.7
250 35 4187.87
250.2 35 4189.19
250.4 35 4189.82
252 35 4142.35
252.2 35 4130.17
252.4 35 4116.93
252.6 35 4102.7
252.8 35 4087.53
253 35 4071.49
253.2 35 4054.61
253.4 35 4036.94
253.6 35 4018.54
253.8 35 3999.44
254 35 3979.72
254.2 35 3959.41
254.4 35 3938.59
254.6 35 3917.31
254.8 35 3895.64
255 35 3873.63
255.2 35 3851.33
255.4 35 3828.8
255.6 35 3806.07
255.8 35 3783.18
256 35 3760.15
256.2 35 3737.02
256.4 35 3713.8
256.6 35 3690.51
256.8 35 3667.16
257 35 3643.75
257.2 35 3620.31
257.4 35 3596.83
257.6 35 3573.33
257.8 35 3549.81
258 35 3526.28
258.2 35 3502.74
258.4 35 3479.19
258.6 35 3455.64
258.8 35 3432.08
259 35 3408.52
259.2 35 3384.96
259.4 35 3361.4
259.6 35 3337.83
250 35.2 4157.28
250.2 35.2 4160.27
250.4 35.2 4162.46
250.6 35.2 4163.42
252 35.2 4126.08
252.2 35.2 4115.11
252.4 35.2 4103.01
252.6 35.2 4089.86
252.8 35.2 4075.71
253 35.2 4060.62
253.2 35.2 4044.63
253.4 35.2 4027.78
253.6 35.2 4010.13
253.8 35.2 3991.71
254 35.2 3972.59
254.2 35.2 3952.82
254.4 35.2 3932.45
254.6 35.2 3911.55
254.8 35.2 3890.18
255 35.2 3868.39
255.2 35.2 3846.26
255.4 35.2 3823.83
255.6 35.2 3801.14
255.8 35.2 3778.24
256 35.2 3755.16
256.2 35.2 3731.93
256.4 35.2 3708.58
256.6 35.2 3685.11
256.8 35.2 3661.56
257 35.2 3637.93
257.2 35.2 3614.23
257.4 35.2 3590.48
257.6 35.2 3566.68
257.8 35.2 3542.85
258 35.2 3519
258.2 35.2 3495.12
258.4 35.2 3471.23
258.6 35.2 3447.33
258.8 35.2 3423.43
259 35.2 3399.52
259.2 35.2 3375.6
259.4 35.2 3351.69
259.6 35.2 3327.77
238.4 35.4 5527.7
246.2 35.4 4097.85
248 35.4 4185.33
250 35.4 4127.77
250.2 35.4 4132.44
250.4 35.4 4136.17
250.6 35.4 4138.58
252 35.4 4110.44
252.2 35.4 4100.64
252.4 35.4 4089.64
252.6 35.4 4077.54
252.8 35.4 4064.38
253 35.4 4050.21
253.2 35.4 4035.07
253.4 35.4 4019.02
253.6 35.4 4002.09
253.8 35.4 3984.33
254 35.4 3965.79
254.2 35.4 3946.51
254.4 35.4 3926.56
254.6 35.4 3906
254.8 35.4 3884.89
255 35.4 3863.3
255.2 35.4 3841.3
255.4 35.4 3818.93
255.6 35.4 3796.25
255.8 35.4 3773.32
256 35.4 3750.16
256.2 35.4 3726.82
256.4 35.4 3703.32
256.6 35.4 3679.68
256.8 35.4 3655.92
257 35.4 3632.05
257.2 35.4 3608.1
257.4 35.4 3584.07
257.6 35.4 3559.98
257.8 35.4 3535.84
258 35.4 3511.66
258.2 35.4 3487.45
258.4 35.4 3463.22
258.6 35.4 3438.98
258.8 35.4 3414.72
259 35.4 3390.46
259.2 35.4 3366.19
259.4 35.4 3341.93
259.6 35.4 3317.66
246.8 35.6 4070.34
247.8 35.6 4113.19
250 35.6 4099.57
250.2 35.6 4105.87
250.4 35.6 4111.08
250.6 35.6 4114.88
252 35.6 4095.52
252.2 35.6 4086.83
252.4 35.6 4076.9
252.6 35.6 4065.8
252.8 35.6 4053.59
253 35.6 4040.31
253.2 35.6 4026.01
253.4 35.6 4010.73
253.6 35.6 3994.5
253.8 35.6 3977.36
254 35.6 3959.37
254.2 35.6 3940.56
254.4 35.6 3920.99
254.6 35.6 3900.74
254.8 35.6 3879.85
255 35.6 3858.41
255.2 35.6 3836.49
255.4 35.6 3814.14
255.6 35.6 3791.44
255.8 35.6 3768.44
256 35.6 3745.18
256.2 35.6 3721.7
256.4 35.6 3698.03
256.6 35.6 3674.2
256.8 35.6 3650.22
257 35.6 3626.12
257.2 35.6 3601.9
257.4 35.6 3577.6
257.6 35.6 3553.21
257.8 35.6 3528.76
258 35.6 3504.26
258.2 35.6 3479.72
258.4 35.6 3455.15
258.6 35.6 3430.56
258.8 35.6 3405.96
259 35.6 3381.34
259.2 35.6 3356.72
259.4 35.6 3332.1
259.6 35.6 3307.48
238.6 35.8 5393.46
240.2 35.8 5045.65
250 35.8 4072.86
250.2 35.8 4080.72
250.4 35.8 4087.34
250.6 35.8 4092.44
252 35.8 4081.38
252.2 35.8 4073.75
252.4 35.8 4064.84
252.6 35.8 4054.71
252.8 35.8 4043.42
253 35.8 4031
253.2 35.8 4017.51
253.4 35.8 4002.97
253.6 35.8 3987.41
253.8 35.8 3970.88
254 35.8 3953.41
254.2 35.8 3935.04
254.4 35.8 3915.82
254.6 35.8 3895.83
254.8 35.8 3875.12
255 35.8 3853.78
255.2 35.8 3831.88
255.4 35.8 3809.52
255.6 35.8 3786.74
255.8 35.8 3763.63
256 35.8 3740.23
256.2 35.8 3716.59
256.4 35.8 3692.73
256.6 35.8 3668.68
256.8 35.8 3644.47
257 35.8 3620.12
257.2 35.8 3595.64
257.4 35.8 3571.06
257.6 35.8 3546.37
257.8 35.8 3521.61
258 35.8 3496.79
258.2 35.8 3471.92
258.4 35.8 3447.01
258.6 35.8 3422.07
258.8 35.8 3397.12
259 35.8 3372.15
259.2 35.8 3347.18
259.4 35.8 3322.21
259.6 35.8 3297.23
235.8 36 6083.94
236 36 6045.8
236.2 36 6009.42
249.8 36 4037.46
250 36 4047.85
250.2 36 4057.14
250.4 36 4065.05
250.6 36 4071.37
252 36 4068.08
252.2 36 4061.46
252.4 36 4053.52
252.6 36 4044.32
252.8 36 4033.91
253 36 4022.32
253.2 36 4009.61
253.4 36 3995.79
253.6 36 3980.9
253.8 36 3964.95
254 36 3947.98
254.2 36 3930.02
254.4 36 3911.12
254.6 36 3891.33
254.8 36 3870.75
255 36 3849.45
255.2 36 3827.53
255.4 36 3805.08
255.6 36 3782.18
255.8 36 3758.91
256 36 3735.33
256.2 36 3711.48
256.4 36 3687.4
256.6 36 3663.12
256.8 36 3638.67
257 36 3614.06
257.2 36 3589.31
257.4 36 3564.43
257.6 36 3539.45
257.8 36 3514.38
258 36 3489.23
258.2 36 3464.03
258.4 36 3438.78
258.6 36 3413.5
258.8 36 3388.2
259 36 3362.88
259.2 36 3337.56
259.4 36 3312.23
259.6 36 3286.89
235.4 36.2 6125.6
235.6 36.2 6083.83
235.8 36.2 6042.84
236 36.2 6003.09
236.2 36.2 5965.16
236.4 36.2 5929.64
249.8 36.2 4012.79
250 36.2 4024.66
250.2 36.2 4035.25
250.4 36.2 4044.33
250.6 36.2 4051.76
252 36.2 4055.7
252.2 36.2 4050.02
252.4 36.2 4043
252.6 36.2 4034.68
252.8 36.2 4025.11
253 36.2 4014.33
253.2 36.2 4002.37
253.4 36.2 3989.26
253.6 36.2 3975
253.8 36.2 3959.62
254 36.2 3943.14
254.2 36.2 3925.56
254.4 36.2 3906.93
254.6 36.2 3887.32
254.8 36.2 3866.8
255 36.2 3845.48
255.2 36.2 3823.46
255.4 36.2 3800.87
255.6 36.2 3777.78
255.8 36.2 3754.3
256 36.2 3730.49
256.2 36.2 3706.39
256.4 36.2 3682.07
256.6 36.2 3657.53
256.8 36.2 3632.81
257 36.2 3607.92
257.2 36.2 3582.88
257.4 36.2 3557.72
257.6 36.2 3532.43
257.8 36.2 3507.05
258 36.2 3481.58
258.2 36.2 3456.04
258.4 36.2 3430.46
258.6 36.2 3404.84
258.8 36.2 3379.18
259 36.2 3353.52
259.2 36.2 3327.84
259.4 36.2 3302.16
259.6 36.2 3276.47
235.4 36.4 6085.63
235.6 36.4 6042.07
235.8 36.4 5999.07
236 36.4 5957.15
236.2 36.4 5916.94
236.4 36.4 5879.18
236.6 36.4 5844.51
249.6 36.4 3975.89
249.8 36.4 3990.24
250 36.4 4003.4
250.2 36.4 4015.13
250.4 36.4 4025.27
250.6 36.4 4033.69
250.8 36.4 4040.34
252 36.4 4044.26
252.2 36.4 4039.48
252.4 36.4 4033.31
252.6 36.4 4025.82
252.8 36.4 4017.04
253 36.4 4007.03
253.2 36.4 3995.8
253.4 36.4 3983.37
253.6 36.4 3969.75
253.8 36.4 3954.92
254 36.4 3938.9
254.2 36.4 3921.69
254.4 36.4 3903.3
254.6 36.4 3883.8
254.8 36.4 3863.29
255 36.4 3841.87
255.2 36.4 3819.7
255.4 36.4 3796.88
255.6 36.4 3773.55
255.8 36.4 3749.8
256 36.4 3725.7
256.2 36.4 3701.33
256.4 36.4 3676.72
256.6 36.4 3651.89
256.8 36.4 3626.88
257 36.4 3601.71
257.2 36.4 3576.37
257.4 36.4 3550.9
257.6 36.4 3525.31
257.8 36.4 3499.61
258 36.4 3473.82
258.2 36.4 3447.95
258.4 36.4 3422.03
258.6 36.4 3396.06
258.8 36.4 3370.07
259 36.4 3344.05
259.2 36.4 3318.02
259.4 36.4 3291.98
259.6 36.4 3265.95
235.4 36.6 6044.19
235.6 36.6 5998.57
235.8 36.6 5953.23
236 36.6 5908.63
236.8 36.6 5752.94
249.6 36.6 3954.31
249.8 36.6 3969.91
250 36.6 3984.15
250.2 36.6 3996.86
250.4 36.6 4007.91
250.6 36.6 4017.22
250.8 36.6 4024.74
252.2 36.6 4029.85
252.4 36.6 4024.48
252.6 36.6 4017.75
252.8 36.6 4009.73
254.8 36.6 3860.21
255 36.6 3838.63
255.2 36.6 3816.21
255.4 36.6 3793.1
255.6 36.6 3769.46
255.8 36.6 3745.39
256 36.6 3720.97
256.2 36.6 3696.27
256.4 36.6 3671.34
256.6 36.6 3646.21
256.8 36.6 3620.89
257 36.6 3595.41
257.2 36.6 3569.77
257.4 36.6 3543.99
257.6 36.6 3518.08
257.8 36.6 3492.06
258 36.6 3465.94
258.2 36.6 3439.74
258.4 36.6 3413.49
258.6 36.6 3387.18
258.8 36.6 3360.84
259 36.6 3334.47
259.2 36.6 3308.09
259.4 36.6 3281.7
259.6 36.6 3255.31
235.4 36.8 6001.72
235.6 36.8 5953.95
235.8 36.8 5906.07
237 36.8 5655.23
249.4 36.8 3917.33
249.6 36.8 3935.23
249.8 36.8 3951.82
250 36.8 3966.95
250.2 36.8 3980.48
250.4 36.8 3992.32
250.6 36.8 4002.4
250.8 36.8 4010.69
251 36.8 4017.21
255.2 36.8 3812.94
255.4 36.8 3789.49
255.6 36.8 3765.47
255.8 36.8 3741.03
256 36.8 3716.25
256.2 36.8 3691.2
256.4 36.8 3665.93
256.6 36.8 3640.46
256.8 36.8 3614.82
257 36.8 3589.01
257.2 36.8 3563.06
257.4 36.8 3536.96
257.6 36.8 3510.73
257.8 36.8 3484.38
258 36.8 3457.94
258.2 36.8 3431.41
258.4 36.8 3404.82
258.6 36.8 3378.17
258.8 36.8 3351.48
259 36.8 3324.77
259.2 36.8 3298.04
259.4 36.8 3271.3
259.6 36.8 3244.56
235.4 37 5958.65
235.6 37 5908.84
235.8 37 5858.52
237.2 37 5556.22
249.4 37 3899.86
249.6 37 3918.61
249.8 37 3935.97
250 37 3951.81
250.2 37 3966.02
250.4 37 3978.52
250.6 37 3989.27
250.8 37 3998.23
251 37 4005.42
255.2 37 3809.8
255.4 37 3785.94
255.6 37 3761.51
255.8 37 3736.67
256 37 3711.5
256.2 37 3686.08
256.4 37 3660.45
256.6 37 3634.63
256.8 37 3608.65
257 37 3582.52
257.2 37 3556.23
257.4 37 3529.81
257.6 37 3503.25
257.8 37 3476.58
258 37 3449.81
258.2 37 3422.95
258.4 37 3396.01
258.6 37 3369.03
258.8 37 3342
259 37 3314.94
259.2 37 3287.87
259.4 37 3260.78
259.6 37 3233.69
235.4 37.2 5915.38
235.6 37.2 5863.92
235.8 37.2 5811.6
249.2 37.2 3864.38
249.4 37.2 3885.05
249.6 37.2 3904.42
249.8 37.2 3922.35
250 37.2 3938.74
250.2 37.2 3953.5
250.4 37.2 3966.55
250.6 37.2 3977.85
250.8 37.2 3987.39
251 37.2 3995.16
251.2 37.2 4001.19
255.4 37.2 3782.32
255.6 37.2 3757.48
255.8 37.2 3732.22
256 37.2 3706.66
256.2 37.2 3680.86
256.4 37.2 3654.87
256.6 37.2 3628.7
256.8 37.2 3602.37
257 37.2 3575.9
257.2 37.2 3549.28
257.4 37.2 3522.53
257.6 37.2 3495.64
257.8 37.2 3468.64
258 37.2 3441.53
258.2 37.2 3414.34
258.4 37.2 3387.07
258.6 37.2 3359.75
258.8 37.2 3332.38
259 37.2 3304.97
259.2 37.2 3277.55
259.4 37.2 3250.12
259.6 37.2 3222.69
235.4 37.4 5872.31
235.6 37.4 5819.85
235.8 37.4 5766.33
242.8 37.4 4491.09
249 37.4 3829.4
249.2 37.4 3851.71
249.4 37.4 3872.81
249.6 37.4 3892.59
249.8 37.4 3910.94
250 37.4 3927.74
250.2 37.4 3942.92
250.4 37.4 3956.41
250.6 37.4 3968.17
250.8 37.4 3978.19
251 37.4 3986.44
251.2 37.4 3992.96
255.4 37.4 3778.5
255.6 37.4 3753.24
255.8 37.4 3727.6
256 37.4 3701.66
256.2 37.4 3675.5
256.4 37.4 3649.15
256.6 37.4 3622.63
256.8 37.4 3595.96
257 37.4 3569.15
257.2 37.4 3542.19
257.4 37.4 3515.11
257.6 37.4 3487.89
257.8 37.4 3460.56
258 37.4 3433.12
258.2 37.4 3405.59
258.4 37.4 3377.98
258.6 37.4 3350.32
258.8 37.4 3322.61
259 37.4 3294.87
259.2 37.4 3267.1
259.4 37.4 3239.32
259.6 37.4 3211.54
235.4 37.6 5829.79
235.6 37.6 5777.12
243.4 37.6 4199.41
243.8 37.6 4047.86
249 37.6 3819.17
249.2 37.6 3841.69
249.4 37.6 3863.03
249.6 37.6 3883.07
249.8 37.6 3901.69
250 37.6 3918.79
250.2 37.6 3934.29
250.4 37.6 3948.13
250.6 37.6 3960.26
250.8 37.6 3970.65
251 37.6 3979.3
251.2 37.6 3986.22
255.6 37.6 3748.69
255.8 37.6 3722.7
256 37.6 3696.43
256.2 37.6 3669.93
256.4 37.6 3643.25
256.6 37.6 3616.4
256.8 37.6 3589.4
257 37.6 3562.25
257.2 37.6 3534.96
257.4 37.6 3507.54
257.6 37.6 3479.99
257.8 37.6 3452.32
258 37.6 3424.55
258.2 37.6 3396.69
258.4 37.6 3368.74
258.6 37.6 3340.74
258.8 37.6 3312.69
259 37.6 3284.61
259.2 37.6 3256.5
259.4 37.6 3228.38
259.6 37.6 3200.25
235.4 37.8 5788.08
235.6 37.8 5736.01
242.2 37.8 4498.04
242.8 37.8 4323.4
248.8 37.8 3788
249 37.8 3811.58
249.2 37.8 3834.16
249.4 37.8 3855.6
249.6 37.8 3875.77
249.8 37.8 3894.56
250 37.8 3911.87
250.2 37.8 3927.6
250.4 37.8 3941.7
250.6 37.8 3954.11
250.8 37.8 3964.8
251 37.8 3973.75
251.2 37.8 3980.97
255.6 37.8 3743.71
255.8 37.8 3717.46
256 37.8 3690.91
256.2 37.8 3664.13
256.4 37.8 3637.14
256.6 37.8 3609.98
256.8 37.8 3582.66
257 37.8 3555.19
257.2 37.8 3527.57
257.4 37.8 3499.82
257.6 37.8 3471.94
257.8 37.8 3443.93
258 37.8 3415.83
258.2 37.8 3387.63
258.4 37.8 3359.35
258.6 37.8 3331.01
258.8 37.8 3302.62
259 37.8 3274.2
259.2 37.8 3245.75
259.4 37.8 3217.29
259.6 37.8 3188.82
235.4 38 5747.34
237.4 38 5386
242.4 38 4358.6
242.8 38 4243.36
248.8 38 3783
249 38 3806.45
249.2 38 3828.97
249.4 38 3850.4
249.6 38 3870.62
249.8 38 3889.5
250 38 3906.94
250.2 38 3922.84
250.4 38 3937.13
250.6 38 3949.74
250.8 38 3960.64
251 38 3969.81
255.6 38 3738.25
255.8 38 3711.83
256 38 3685.08
256.2 38 3658.06
256.4 38 3630.81
256.6 38 3603.36
256.8 38 3575.74
257 38 3547.96
257.2 38 3520.02
257.4 38 3491.94
257.6 38 3463.72
257.8 38 3435.39
258 38 3406.95
258.2 38 3378.41
258.4 38 3349.8
258.6 38 3321.12
258.8 38 3292.39
259 38 3263.63
259.2 38 3234.84
259.4 38 3206.03
259.6 38 3177.22
238.2 38.2 5351
242.4 38.2 4277.12
242.6 38.2 4224.6
242.8 38.2 4168.67
248.8 38.2 3780.33
249 38.2 3803.58
249.2 38.2 3825.96
249.4 38.2 3847.32
249.6 38.2 3867.53
249.8 38.2 3886.45
250 38.2 3903.96
250.2 38.2 3919.96
250.4 38.2 3934.37
250.6 38.2 3947.12
250.8 38.2 3958.16
255.6 38.2 3732.34
255.8 38.2 3705.82
256 38.2 3678.93
256.2 38.2 3651.72
256.4 38.2 3624.25
256.6 38.2 3596.54
256.8 38.2 3568.64
257 38.2 3540.55
257.2 38.2 3512.3
257.4 38.2 3483.89
257.6 38.2 3455.35
257.8 38.2 3426.68
258 38.2 3397.9
258.2 38.2 3369.03
258.4 38.2 3340.08
258.6 38.2 3311.06
258.8 38.2 3282
259 38.2 3252.89
259.2 38.2 3223.77
259.4 38.2 3194.62
259.6 38.2 3165.47
242.2 38.4 4247.93
242.4 38.4 4200.47
242.6 38.4 4151.07
248.6 38.4 3756.14
248.8 38.4 3779.76
249 38.4 3802.76
249.2 38.4 3824.97
249.4 38.4 3846.24
249.6 38.4 3866.4
249.8 38.4 3885.31
250 38.4 3902.86
250.2 38.4 3918.92
250.4 38.4 3933.41
250.6 38.4 3946.24
250.8 38.4 3957.35
255.6 38.4 3726.02
255.8 38.4 3699.48
256 38.4 3672.49
256.2 38.4 3645.13
256.4 38.4 3617.46
256.6 38.4 3589.53
256.8 38.4 3561.35
257 38.4 3532.98
257.2 38.4 3504.41
257.4 38.4 3475.69
257.6 38.4 3446.81
257.8 38.4 3417.81
258 38.4 3388.7
258.2 38.4 3359.49
258.4 38.4 3330.2
258.6 38.4 3300.84
258.8 38.4 3271.44
259 38.4 3241.99
259.2 38.4 3212.53
259.4 38.4 3183.04
259.6 38.4 3153.55
241.8 38.6 4258.83
242 38.6 4214.16
242.2 38.6 4170.55
242.4 38.6 4126.65
242.6 38.6 4081.48
248.6 38.6 3757.8
248.8 38.6 3781.07
249 38.6 3803.82
249.2 38.6 3825.86
249.4 38.6 3847.01
249.6 38.6 3867.11
249.8 38.6 3886.01
250 38.6 3903.57
250.2 38.6 3919.66
250.4 38.6 3934.17
250.6 38.6 3947.03
255.6 38.6 3719.41
255.8 38.6 3692.87
256 38.6 3665.82
256.2 38.6 3638.33
256.4 38.6 3610.49
256.6 38.6 3582.33
256.8 38.6 3553.9
257 38.6 3525.24
257.2 38.6 3496.37
257.4 38.6 3467.32
257.6 38.6 3438.12
257.8 38.6 3408.78
258 38.6 3379.33
258.2 38.6 3349.78
258.4 38.6 3320.15
258.6 38.6 3290.45
258.8 38.6 3260.71
259 38.6 3230.93
259.2 38.6 3201.12
259.4 38.6 3171.3
259.6 38.6 3141.46
235.4 38.8 5593.94
242 38.8 4131.59
242.2 38.8 4093.42
242.4 38.8 4054.71
242.6 38.8 4014.94
248.6 38.8 3761.11
248.8 38.8 3784.05
249 38.8 3806.57
249.2 38.8 3828.45
249.4 38.8 3849.51
249.6 38.8 3869.56
249.8 38.8 3888.44
250 38.8 3905.99
250.2 38.8 3922.09
250.4 38.8 3936.62
255.6 38.8 3712.64
255.8 38.8 3686.09
256 38.8 3658.98
256.2 38.8 3631.38
256.4 38.8 3603.36
256.6 38.8 3574.98
256.8 38.8 3546.29
257 38.8 3517.34
257.2 38.8 3488.17
257.4 38.8 3458.8
257.6 38.8 3429.27
257.8 38.8 3399.59
258 38.8 3369.8
258.2 38.8 3339.9
258.4 38.8 3309.93
258.6 38.8 3279.9
258.8 38.8 3249.81
259 38.8 3219.69
259.2 38.8 3189.54
259.4 38.8 3159.38
259.6 38.8 3129.2
241.2 39 4161.07
241.4 39 4137.27
241.6 39 4109.59
241.8 39 4079.76
242 39 4048.82
242.2 39 4017.11
242.4 39 3984.58
248.6 39 3765.85
248.8 39 3788.52
249 39 3810.85
249.2 39 3832.62
249.4 39 3853.61
249.6 39 3873.63
249.8 39 3892.51
250 39 3910.08
250.2 39 3926.18
250.4 39 3940.71
255 39 3780.96
255.2 39 3756.76
255.4 39 3731.7
255.6 39 3705.84
255.8 39 3679.26
256 39 3652.07
256.2 39 3624.33
256.4 39 3596.12
256.6 39 3567.51
256.8 39 3538.56
257 39 3509.32
257.2 39 3479.83
257.4 39 3450.13
257.6 39 3420.26
257.8 39 3390.24
258 39 3360.1
258.2 39 3329.86
258.4 39 3299.55
258.6 39 3269.17
258.8 39 3238.74
259 39 3208.27
259.2 39 3177.79
259.4 39 3147.28
259.6 39 3116.77
235.6 39.2 5475.81
248.6 39.2 3771.83
248.8 39.2 3794.31
249 39.2 3816.53
249.2 39.2 3838.24
249.4 39.2 3859.22
249.6 39.2 3879.26
249.8 39.2 3898.17
250 39.2 3915.77
250.2 39.2 3931.89
250.4 39.2 3946.4
254 39.2 3882.37
254.2 39.2 3862.52
254.4 39.2 3841.7
254.6 39.2 3820.07
254.8 39.2 3797.63
255 39.2 3774.32
255.2 39.2 3750.11
255.4 39.2 3725.04
255.6 39.2 3699.14
255.8 39.2 3672.48
256 39.2 3645.16
256.2 39.2 3617.24
256.4 39.2 3588.82
256.6 39.2 3559.95
256.8 39.2 3530.72
257 39.2 3501.17
257.2 39.2 3471.35
257.4 39.2 3441.32
257.6 39.2 3411.1
257.8 39.2 3380.73
258 39.2 3350.24
258.2 39.2 3319.65
258.4 39.2 3288.99
258.6 39.2 3258.26
258.8 39.2 3227.49
259 39.2 3196.68
259.2 39.2 3165.85
259.4 39.2 3135.01
259.6 39.2 3104.15
237 39.4 5260.59
248.6 39.4 3778.88
248.8 39.4 3801.28
249 39.4 3823.48
249.2 39.4 3845.22
249.4 39.4 3866.27
249.6 39.4 3886.4
249.8 39.4 3905.38
250 39.4 3923.04
250.2 39.4 3939.21
253.8 39.4 3898.33
254 39.4 3878.66
254.2 39.4 3857.87
254.4 39.4 3836.3
254.6 39.4 3814.26
254.8 39.4 3791.61
255 39.4 3768.18
255.2 39.4 3743.88
255.4 39.4 3718.69
255.6 39.4 3692.66
255.8 39.4 3665.85
256 39.4 3638.33
256.2 39.4 3610.18
256.4 39.4 3581.49
256.6 39.4 3552.34
256.8 39.4 3522.79
257 39.4 3492.91
257.2 39.4 3462.75
257.4 39.4 3432.36
257.6 39.4 3401.79
257.8 39.4 3371.07
258 39.4 3340.22
258.2 39.4 3309.28
258.4 39.4 3278.26
258.6 39.4 3247.18
258.8 39.4 3216.06
259 39.4 3184.91
259.2 39.4 3153.73
259.4 39.4 3122.55
259.6 39.4 3091.35
235.8 39.6 5369.86
237 39.6 5242.14
244.6 39.6 3658.14
244.8 39.6 3652.35
245.6 39.6 3628.65
245.8 39.6 3622.9
248.6 39.6 3786.88
248.8 39.6 3809.32
249 39.6 3831.62
249.2 39.6 3853.51
249.4 39.6 3874.73
249.6 39.6 3895.02
249.8 39.6 3914.15
250 39.6 3931.92
250.2 39.6 3948.15
253.8 39.6 3896.77
254 39.6 3876.04
254.2 39.6 3854.23
254.4 39.6 3831.78
254.6 39.6 3809.33
254.8 39.6 3786.42
255 39.6 3762.76
255.2 39.6 3738.23
255.4 39.6 3712.81
255.6 39.6 3686.52
255.8 39.6 3659.44
256 39.6 3631.64
256.2 39.6 3603.19
256.4 39.6 3574.18
256.6 39.6 3544.69
256.8 39.6 3514.79
257 39.6 3484.55
257.2 39.6 3454.03
257.4 39.6 3423.27
257.6 39.6 3392.33
257.8 39.6 3361.24
258 39.6 3330.03
258.2 39.6 3298.72
258.4 39.6 3267.34
258.6 39.6 3235.91
258.8 39.6 3204.44
259 39.6 3172.94
259.2 39.6 3141.43
259.4 39.6 3109.9
259.6 39.6 3078.36
244.4 39.8 3671.29
244.6 39.8 3668.96
245.8 39.8 3642.32
246 39.8 3636.87
248.6 39.8 3795.7
248.8 39.8 3818.35
249 39.8 3840.91
249.2 39.8 3863.08
249.4 39.8 3884.57
249.6 39.8 3905.12
249.8 39.8 3924.48
250 39.8 3942.43
253.8 39.8 3896.55
254 39.8 3874.84
254.2 39.8 3852.01
254.6 39.8 3805.69
254.8 39.8 3782.36
255 39.8 3758.26
255.2 39.8 3733.31
255.4 39.8 3707.47
255.6 39.8 3680.79
255.8 39.8 3653.32
256 39.8 3625.13
256.2 39.8 3596.29
256.4 39.8 3566.89
256.6 39.8 3537.01
256.8 39.8 3506.73
257 39.8 3476.1
257.2 39.8 3445.18
257.4 39.8 3414.04
257.6 39.8 3382.72
257.8 39.8 3351.25
258 39.8 3319.66
258.2 39.8 3287.99
258.4 39.8 3256.25
258.6 39.8 3224.46
258.8 39.8 3192.64
259 39.8 3160.79
259.2 39.8 3128.93
259.4 39.8 3097.06
259.6 39.8 3065.18
244 40 3675.45
244.2 40 3675.13
244.4 40 3675.79
246 40 3651.69
248.6 40 3805.25
248.8 40 3828.29
249 40 3851.27
249.2 40 3873.87
249.4 40 3895.78
249.6 40 3916.71
249.8 40 3936.39
253.8 40 3897.77
254 40 3875.26
254.2 40 3851.77
254.4 40 3827.76
254.6 40 3803.88
254.8 40 3779.65
255 40 3754.79
255.2 40 3729.16
255.4 40 3702.72
255.6 40 3675.48
255.8 40 3647.49
256 40 3618.81
256.2 40 3589.5
256.4 40 3559.65
256.6 40 3529.32
256.8 40 3498.6
257 40 3467.54
257.2 40 3436.22
257.4 40 3404.67
257.6 40 3372.94
257.8 40 3341.08
258 40 3309.11
258.2 40 3277.07
258.4 40 3244.96
258.6 40 3212.81
258.8 40 3180.63
259 40 3148.43
259.2 40 3116.23
259.4 40 3084.02
259.6 40 3051.8
236 40.2 5284.64
243.8 40.2 3668.13
244 40.2 3670.87
244.2 40.2 3673.99
246 40.2 3662.39
246.2 40.2 3657.77
248.6 40.2 3815.42
248.8 40.2 3839.05
249 40.2 3862.64
249.2 40.2 3885.84
249.4 40.2 3908.31
249.6 40.2 3929.74
253.8 40.2 3900.31
254 40.2 3877.07
254.2 40.2 3852.91
254.4 40.2 3828.22
254.6 40.2 3803.31
254.8 40.2 3778.04
255 40.2 3752.22
255.2 40.2 3725.73
255.4 40.2 3698.52
255.6 40.2 3670.58
255.8 40.2 3641.94
256 40.2 3612.66
256.2 40.2 3582.8
256.4 40.2 3552.42
256.6 40.2 3521.6
256.8 40.2 3490.4
257 40.2 3458.88
257.2 40.2 3427.11
257.4 40.2 3395.14
257.6 40.2 3363
257.8 40.2 3330.73
258 40.2 3298.38
258.2 40.2 3265.95
258.4 40.2 3233.47
258.6 40.2 3200.96
258.8 40.2 3168.42
259 40.2 3135.87
259.2 40.2 3103.32
259.4 40.2 3070.77
259.6 40.2 3038.22
243.8 40.4 3660.51
244 40.4 3665.82
246 40.4 3668.43
246.2 40.4 3664.14
248.6 40.4 3826.09
248.8 40.4 3850.51
249 40.4 3874.89
249.2 40.4 3898.85
249.4 40.4 3922.04
253.8 40.4 3903.96
254 40.4 3879.93
254.2 40.4 3855.01
254.4 40.4 3829.48
254.6 40.4 3803.55
254.8 40.4 3777.19
255 40.4 3750.32
255.2 40.4 3722.86
255.4 40.4 3694.75
255.6 40.4 3666
255.8 40.4 3636.62
256 40.4 3606.66
256.2 40.4 3576.16
256.4 40.4 3545.19
256.6 40.4 3513.82
256.8 40.4 3482.1
257 40.4 3450.09
257.2 40.4 3417.86
257.4 40.4 3385.43
257.6 40.4 3352.86
257.8 40.4 3320.19
258 40.4 3287.43
258.2 40.4 3254.62
258.4 40.4 3221.76
258.6 40.4 3188.89
258.8 40.4 3155.99
259 40.4 3123.1
259.2 40.4 3090.2
259.4 40.4 3057.31
259.6 40.4 3024.42
243.6 40.6 3646.61
243.8 40.6 3653.71
244 40.6 3660.3
246 40.6 3670
246.2 40.6 3666.67
248.6 40.6 3837.1
248.8 40.6 3862.5
249 40.6 3887.86
249.2 40.6 3912.76
253.8 40.6 3908.5
254 40.6 3883.58
254.2 40.6 3857.78
254.4 40.6 3831.31
254.6 40.6 3804.32
254.8 40.6 3776.85
255 40.6 3748.89
255.2 40.6 3720.38
255.4 40.6 3691.3
255.6 40.6 3661.65
255.8 40.6 3631.45
256 40.6 3600.73
256.2 40.6 3569.53
256.4 40.6 3537.93
256.6 40.6 3505.95
256.8 40.6 3473.68
257 40.6 3441.15
257.2 40.6 3408.42
257.4 40.6 3375.53
257.6 40.6 3342.53
257.8 40.6 3309.43
258 40.6 3276.26
258.2 40.6 3243.06
258.4 40.6 3209.83
258.6 40.6 3176.59
258.8 40.6 3143.34
259 40.6 3110.1
259.2 40.6 3076.86
259.4 40.6 3043.63
259.6 40.6 3010.41
243.6 40.8 3640.42
243.8 40.8 3647.71
246 40.8 3667.72
246.2 40.8 3665.75
248.4 40.8 3822.09
248.6 40.8 3848.27
248.8 40.8 3874.83
249 40.8 3901.32
249.2 40.8 3927.32
254 40.8 3887.82
254.2 40.8 3861.02
254.4 40.8 3833.51
254.6 40.8 3805.42
254.8 40.8 3776.82
255 40.8 3747.72
255.2 40.8 3718.12
255.4 40.8 3688.02
255.6 40.8 3657.41
255.8 40.8 3626.33
256 40.8 3594.8
256.2 40.8 3562.86
256.4 40.8 3530.57
256.6 40.8 3497.96
256.8 40.8 3465.1
257 40.8 3432.03
257.2 40.8 3398.79
257.4 40.8 3365.42
257.6 40.8 3331.96
257.8 40.8 3298.43
258 40.8 3264.86
258.2 40.8 3231.26
258.4 40.8 3197.66
258.6 40.8 3164.05
258.8 40.8 3130.45
259 40.8 3096.86
259.2 40.8 3063.28
259.4 40.8 3029.72
259.6 40.8 2996.17
243.6 41 3636.04
243.8 41 3642.33
246 41 3662.35
248.4 41 3831.91
248.6 41 3859.4
248.8 41 3887.27
249 41 3915.06
254.2 41 3864.56
254.4 41 3835.92
254.6 41 3806.68
254.8 41 3776.91
255 41 3746.66
255.2 41 3715.94
255.4 41 3684.78
255.6 41 3653.18
255.8 41 3621.18
256 41 3588.79
256.2 41 3556.08
256.4 41 3523.06
256.6 41 3489.8
256.8 41 3456.32
257 41 3422.69
257.2 41 3388.92
257.4 41 3355.06
257.6 41 3321.14
257.8 41 3287.18
258 41 3253.19
258.2 41 3219.2
258.4 41 3185.22
258.6 41 3151.25
258.8 41 3117.3
259 41 3083.37
259.2 41 3049.46
259.4 41 3015.57
259.6 41 2981.7
241.2 41.2 3668.96
243.6 41.2 3632.7
243.8 41.2 3637.08
245.8 41.2 3654.87
246 41.2 3654.6
248.4 41.2 3841.39
248.6 41.2 3870.32
248.8 41.2 3899.63
249 41.2 3928.85
254.4 41.2 3838.41
254.6 41.2 3807.96
254.8 41.2 3776.99
255 41.2 3745.56
255.2 41.2 3713.7
255.4 41.2 3681.45
255.6 41.2 3648.84
255.8 41.2 3615.89
256 41.2 3582.63
256.2 41.2 3549.11
256.4 41.2 3515.35
256.6 41.2 3481.4
256.8 41.2 3447.3
257 41.2 3413.09
257.2 41.2 3378.78
257.4 41.2 3344.43
257.6 41.2 3310.04
257.8 41.2 3275.64
258 41.2 3241.25
258.2 41.2 3206.87
258.4 41.2 3172.51
258.6 41.2 3138.18
258.8 41.2 3103.89
259 41.2 3069.62
259.2 41.2 3035.39
259.4 41.2 3001.18
259.6 41.2 2967
237.6 41.4 4440.52
241 41.4 3662.97
242.2 41.4 3671.63
243.4 41.4 3628.11
243.6 41.4 3629.32
243.8 41.4 3631.28
245.6 41.4 3643.53
245.8 41.4 3643.82
248.4 41.4 3850.41
248.6 41.4 3880.89
248.8 41.4 3911.78
249 41.4 3942.57
254.6 41.4 3809.13
254.8 41.4 3776.92
255 41.4 3744.28
255.2 41.4 3711.27
255.4 41.4 3677.93
255.6 41.4 3644.28
255.8 41.4 3610.37
256 41.4 3576.22
256.2 41.4 3541.87
256.4 41.4 3507.36
256.6 41.4 3472.72
256.8 41.4 3437.99
257 41.4 3403.19
257.2 41.4 3368.34
257.4 41.4 3333.49
257.6 41.4 3298.63
257.8 41.4 3263.8
258 41.4 3229
258.2 41.4 3194.23
258.4 41.4 3159.51
258.6 41.4 3124.83
258.8 41.4 3090.2
259 41.4 3055.61
259.2 41.4 3021.06
259.4 41.4 2986.54
259.6 41.4 2952.05
241 41.6 3667.12
242.6 41.6 3660.96
243.4 41.6 3626.64
243.6 41.6 3624.71
243.8 41.6 3624.11
244 41.6 3624.34
245.2 41.6 3628.7
245.4 41.6 3629.18
245.6 41.6 3629.99
248.6 41.6 3891.09
248.8 41.6 3923.71
249 41.6 3956.23
254.6 41.6 3810.06
254.8 41.6 3776.58
255 41.6 3742.72
255.2 41.6 3708.54
255.4 41.6 3674.08
255.6 41.6 3639.4
255.8 41.6 3604.52
256 41.6 3569.48
256.2 41.6 3534.31
256.4 41.6 3499.04
256.6 41.6 3463.7
256.8 41.6 3428.33
257 41.6 3392.94
257.2 41.6 3357.56
257.4 41.6 3322.2
257.6 41.6 3286.89
257.8 41.6 3251.62
258 41.6 3216.42
258.2 41.6 3181.27
258.4 41.6 3146.19
258.6 41.6 3111.17
258.8 41.6 3076.21
259 41.6 3041.3
259.2 41.6 3006.45
259.4 41.6 2971.63
259.6 41.6 2936.84
237.2 41.8 4442.22
237.4 41.8 4417.84
241 41.8 3669.58
242.8 41.8 3654.5
243.4 41.8 3622.52
243.6 41.8 3617.77
243.8 41.8 3614.81
244 41.8 3613.1
244.2 41.8 3612.21
244.4 41.8 3611.83
244.6 41.8 3611.76
244.8 41.8 3611.9
245 41.8 3612.23
245.2 41.8 3612.82
245.4 41.8 3613.85
248.6 41.8 3901.03
248.8 41.8 3935.57
249 41.8 3970.05
254.6 41.8 3810.63
254.8 41.8 3775.84
255 41.8 3740.74
255.2 41.8 3705.38
255.4 41.8 3669.81
255.6 41.8 3634.09
255.8 41.8 3598.25
256 41.8 3562.31
256.2 41.8 3526.32
256.4 41.8 3490.3
256.6 41.8 3454.28
256.8 41.8 3418.27
257 41.8 3382.3
257.2 41.8 3346.39
257.4 41.8 3310.54
257.6 41.8 3274.77
257.8 41.8 3239.09
258 41.8 3203.49
258.2 41.8 3167.97
258.4 41.8 3132.54
258.6 41.8 3097.19
258.8 41.8 3061.92
259 41.8 3026.71
259.2 41.8 2991.55
259.4 41.8 2956.45
259.6 41.8 2921.38
242.8 42 3654.97
243 42 3637.58
243.2 42 3624.35
243.4 42 3614.6
243.6 42 3607.64
243.8 42 3602.79
244 42 3599.5
244.2 42 3597.32
244.4 42 3595.96
244.6 42 3595.19
244.8 42 3594.95
245 42 3595.23
245.2 42 3596.15
248.8 42 3947.69
249 42 3984.44
249.2 42 4020.47
254.6 42 3810.71
254.8 42 3774.59
255 42 3738.23
255.2 42 3701.68
255.4 42 3665.01
255.6 42 3628.26
255.8 42 3591.46
256 42 3554.64
256.2 42 3517.84
256.4 42 3481.08
256.6 42 3444.38
256.8 42 3407.75
257 42 3371.22
257.2 42 3334.79
257.4 42 3298.46
257.6 42 3262.25
257.8 42 3226.16
258 42 3190.18
258.2 42 3154.31
258.4 42 3118.55
258.6 42 3082.88
258.8 42 3047.3
259 42 3011.8
259.2 42 2976.37
259.4 42 2940.99
259.6 42 2905.66
237.6 42.2 4453.13
242.8 42.2 3647.04
243 42.2 3628.27
243.2 42.2 3613.52
243.4 42.2 3602.26
243.6 42.2 3593.86
243.8 42.2 3587.74
244 42.2 3583.36
244.2 42.2 3580.33
244.4 42.2 3578.34
244.6 42.2 3577.22
244.8 42.2 3576.9
245 42.2 3577.42
249 42.2 4000.01
249.2 42.2 4038.66
254.6 42.2 3810.18
254.8 42.2 3772.71
255 42.2 3735.08
255.2 42.2 3697.35
255.4 42.2 3659.57
255.6 42.2 3621.8
255.8 42.2 3584.06
256 42.2 3546.39
256.2 42.2 3508.8
256.4 42.2 3471.32
256.6 42.2 3433.96
256.8 42.2 3396.73
257 42.2 3359.65
257.2 42.2 3322.71
257.4 42.2 3285.93
257.6 42.2 3249.3
257.8 42.2 3212.82
258 42.2 3176.47
258.2 42.2 3140.27
258.4 42.2 3104.19
258.6 42.2 3068.22
258.8 42.2 3032.36
259 42.2 2996.58
259.2 42.2 2960.89
259.4 42.2 2925.25
259.6 42.2 2889.66
238.2 42.4 4450.71
242.8 42.4 3630.81
243 42.4 3612.23
243.2 42.4 3597.23
243.4 42.4 3585.45
243.6 42.4 3576.42
243.8 42.4 3569.68
244 42.4 3564.78
244.2 42.4 3561.35
244.4 42.4 3559.15
244.6 42.4 3558.03
249 42.4 4017.56
249.2 42.4 4059.32
249.4 42.4 4099.21
254.6 42.4 3808.94
254.8 42.4 3770.11
255 42.4 3731.2
255.2 42.4 3692.29
255.4 42.4 3653.42
255.6 42.4 3614.64
255.8 42.4 3575.98
256 42.4 3537.46
256.2 42.4 3499.11
256.4 42.4 3460.94
256.6 42.4 3422.94
256.8 42.4 3385.15
257 42.4 3347.54
257.2 42.4 3310.13
257.4 42.4 3272.91
257.6 42.4 3235.88
257.8 42.4 3199.03
258 42.4 3162.35
258.2 42.4 3125.82
258.4 42.4 3089.45
258.6 42.4 3053.2
258.8 42.4 3017.07
259 42.4 2981.04
259.2 42.4 2945.1
259.4 42.4 2909.22
259.6 42.4 2873.4
236 42.6 4860.03
239 42.6 4191.9
242.6 42.6 3627.93
242.8 42.6 3607.79
243 42.6 3590.47
249.2 42.6 4083.46
249.4 42.6 4126.66
254.4 42.6 3847.05
254.6 42.6 3806.91
254.8 42.6 3766.7
255 42.6 3726.51
255.2 42.6 3686.42
255.4 42.6 3646.47
255.6 42.6 3606.7
255.8 42.6 3567.15
256 42.6 3527.82
256.2 42.6 3488.73
256.4 42.6 3449.89
256.6 42.6 3411.29
256.8 42.6 3372.95
257 42.6 3334.85
257.2 42.6 3297
257.4 42.6 3259.37
257.6 42.6 3221.97
257.8 42.6 3184.78
258 42.6 3147.78
258.2 42.6 3110.96
258.4 42.6 3074.31
258.6 42.6 3037.8
258.8 42.6 3001.43
259 42.6 2965.16
259.2 42.6 2928.99
259.4 42.6 2892.9
259.6 42.6 2856.86
242.4 42.8 3618.03
242.6 42.8 3598.28
249.2 42.8 4112.08
254.4 42.8 3845.63
254.6 42.8 3803.99
254.8 42.8 3762.4
255 42.8 3720.94
255.2 42.8 3679.68
255.4 42.8 3638.67
255.6 42.8 3597.94
255.8 42.8 3557.51
256 42.8 3517.39
256.2 42.8 3477.6
256.4 42.8 3438.12
256.6 42.8 3398.96
256.8 42.8 3360.11
257 42.8 3321.56
257.2 42.8 3283.29
257.4 42.8 3245.29
257.6 42.8 3207.54
257.8 42.8 3170.04
258 42.8 3132.75
258.2 42.8 3095.67
258.4 42.8 3058.77
258.6 42.8 3022.03
258.8 42.8 2985.43
259 42.8 2948.95
259.2 42.8 2912.57
259.4 42.8 2876.28
259.6 42.8 2840.04
242 43 3622.88
242.2 43 3603.65
249 43 4090.63
249.2 43 4146.02
254.2 43 3886.44
254.4 43 3843.26
254.6 43 3800.13
254.8 43 3757.15
255 43 3714.43
255.2 43 3672.02
255.4 43 3629.96
255.6 43 3588.29
255.8 43 3547.02
256 43 3506.15
256.2 43 3465.68
256.4 43 3425.61
256.6 43 3385.92
256.8 43 3346.59
257 43 3307.61
257.2 43 3268.97
257.4 43 3230.63
257.6 43 3192.58
257.8 43 3154.8
258 43 3117.25
258.2 43 3079.93
258.4 43 3042.81
258.6 43 3005.86
258.8 43 2969.06
259 43 2932.4
259.2 43 2895.84
259.4 43 2859.36
259.6 43 2822.95
236.2 43.2 5211.46
249 43.2 4124.16
254.2 43.2 3884.66
254.4 43.2 3839.87
254.6 43.2 3795.25
254.8 43.2 3750.9
255 43.2 3706.93
255.2 43.2 3663.39
255.4 43.2 3620.32
255.6 43.2 3577.73
255.8 43.2 3535.65
256 43.2 3494.06
256.2 43.2 3452.95
256.4 43.2 3412.32
256.6 43.2 3372.13
256.8 43.2 3332.37
257 43.2 3293.01
257.2 43.2 3254.03
257.4 43.2 3215.39
257.6 43.2 3177.07
257.8 43.2 3139.04
258 43.2 3101.27
258.2 43.2 3063.75
258.4 43.2 3026.43
258.6 43.2 2989.3
258.8 43.2 2952.33
259 43.2 2915.5
259.2 43.2 2878.78
259.4 43.2 2842.15
259.6 43.2 2805.59
236.2 43.4 5270.44
236.4 43.4 5214.82
254.2 43.4 3881.77
254.4 43.4 3835.37
254.6 43.4 3789.27
254.8 43.4 3743.58
255 43.4 3698.39
255.2 43.4 3653.75
255.4 43.4 3609.69
255.6 43.4 3566.23
255.8 43.4 3523.37
256 43.4 3481.09
256.2 43.4 3439.39
256.4 43.4 3398.23
256.6 43.4 3357.59
256.8 43.4 3317.44
257 43.4 3277.74
257.2 43.4 3238.45
257.4 43.4 3199.55
257.6 43.4 3160.99
257.8 43.4 3122.76
258 43.4 3084.8
258.2 43.4 3047.11
258.4 43.4 3009.63
258.6 43.4 2972.35
258.8 43.4 2935.24
259 43.4 2898.27
259.2 43.4 2861.41
259.4 43.4 2824.65
259.6 43.4 2787.96
248.8 43.6 4124.4
254.2 43.6 3877.62
254.4 43.6 3829.64
254.6 43.6 3782.09
254.8 43.6 3735.1
255 43.6 3688.72
255.2 43.6 3643.03
255.4 43.6 3598.03
255.6 43.6 3553.74
255.8 43.6 3510.15
256 43.6 3467.23
256.2 43.6 3424.98
256.4 43.6 3383.34
256.6 43.6 3342.29
256.8 43.6 3301.79
257 43.6 3261.78
257.2 43.6 3222.24
257.4 43.6 3183.11
257.6 43.6 3144.36
257.8 43.6 3105.96
258 43.6 3067.85
258.2 43.6 3030.01
258.4 43.6 2992.41
258.6 43.6 2955.01
258.8 43.6 2917.78
259 43.6 2880.7
259.2 43.6 2843.74
259.4 43.6 2806.86
259.6 43.6 2770.06
241.4 43.8 3589.84
248.8 43.8 4161.94
254.2 43.8 3872.04
254.4 43.8 3822.52
254.6 43.8 3773.58
254.8 43.8 3725.33
255 43.8 3677.84
255.2 43.8 3631.15
255.4 43.8 3585.28
255.6 43.8 3540.22
255.8 43.8 3495.96
256 43.8 3452.46
256.2 43.8 3409.71
256.4 43.8 3367.64
256.6 43.8 3326.23
256.8 43.8 3285.42
257 43.8 3245.15
257.2 43.8 3205.39
257.4 43.8 3166.08
257.6 43.8 3127.18
257.8 43.8 3088.64
258 43.8 3050.42
258.2 43.8 3012.48
258.4 43.8 2974.78
258.6 43.8 2937.29
258.8 43.8 2899.97
259 43.8 2862.81
259.2 43.8 2825.76
259.4 43.8 2788.8
259.6 43.8 2751.91
254 44 3916.4
254.2 44 3864.8
254.4 44 3813.81
254.6 44 3763.56
254.8 44 3714.15
255 44 3665.63
255.2 44 3618.04
255.4 44 3571.37
255.6 44 3525.62
255.8 44 3480.76
256 44 3436.76
256.2 44 3393.56
256.4 44 3351.13
256.6 44 3309.41
256.8 44 3268.34
257 44 3227.86
257.2 44 3187.93
257.4 44 3148.48
257.6 44 3109.46
257.8 44 3070.82
258 44 3032.52
258.2 44 2994.51
258.4 44 2956.75
258.6 44 2919.19
258.8 44 2881.82
259 44 2844.59
259.2 44 2807.49
259.4 44 2770.47
259.6 44 2733.52
254 44.2 3908.81
254.2 44.2 3855.65
254.4 44.2 3803.28
254.6 44.2 3751.82
254.8 44.2 3701.37
255 44.2 3651.94
255.2 44.2 3603.57
255.4 44.2 3556.22
255.6 44.2 3509.89
255.8 44.2 3464.53
256 44.2 3420.1
256.2 44.2 3376.54
256.4 44.2 3333.81
256.6 44.2 3291.83
256.8 44.2 3250.56
257 44.2 3209.93
257.2 44.2 3169.86
257.4 44.2 3130.32
257.6 44.2 3091.22
257.8 44.2 3052.53
258 44.2 3014.18
258.2 44.2 2976.13
258.4 44.2 2938.33
258.6 44.2 2900.75
258.8 44.2 2863.34
259 44.2 2826.08
259.2 44.2 2788.94
259.4 44.2 2751.88
259.6 44.2 2714.89
236.4 44.4 5191.92
254 44.4 3898.92
254.2 44.4 3844.29
254.4 44.4 3790.67
254.6 44.4 3738.16
254.8 44.4 3686.81
255 44.4 3636.64
255.2 44.4 3587.63
255.4 44.4 3539.75
255.6 44.4 3492.96
255.8 44.4 3447.22
256 44.4 3402.46
256.2 44.4 3358.64
256.4 44.4 3315.68
256.6 44.4 3273.53
256.8 44.4 3232.11
257 44.4 3191.37
257.2 44.4 3151.23
257.4 44.4 3111.62
257.6 44.4 3072.49
257.8 44.4 3033.77
258 44.4 2995.41
258.2 44.4 2957.35
258.4 44.4 2919.55
258.6 44.4 2881.97
258.8 44.4 2844.55
259 44.4 2807.29
259.2 44.4 2770.13
259.4 44.4 2733.05
259.6 44.4 2696.04
254 44.6 3886.4
254.2 44.6 3830.45
254.4 44.6 3775.74
254.6 44.6 3722.36
254.8 44.6 3670.31
255 44.6 3619.58
255.2 44.6 3570.12
255.4 44.6 3521.88
255.6 44.6 3474.79
255.8 44.6 3428.8
256 44.6 3383.84
256.2 44.6 3339.85
256.4 44.6 3296.76
256.6 44.6 3254.5
256.8 44.6 3213.01
257 44.6 3172.22
257.2 44.6 3132.05
257.4 44.6 3092.43
257.6 44.6 3053.31
257.8 44.6 3014.6
258 44.6 2976.26
258.2 44.6 2938.22
258.4 44.6 2900.44
258.6 44.6 2862.88
258.8 44.6 2825.48
259 44.6 2788.23
259.2 44.6 2751.07
259.4 44.6 2714
259.6 44.6 2676.99
253.8 44.8 3929.53
254 44.8 3871
254.2 44.8 3813.88
254.4 44.8 3758.3
254.6 44.8 3704.26
254.8 44.8 3651.74
255 44.8 3600.67
255.2 44.8 3550.98
255.4 44.8 3502.57
255.6 44.8 3455.36
255.8 44.8 3409.28
256 44.8 3364.25
256.2 44.8 3320.21
256.4 44.8 3277.08
256.6 44.8 3234.81
256.8 44.8 3193.31
257 44.8 3152.53
257.2 44.8 3112.38
257.4 44.8 3072.79
257.6 44.8 3033.7
257.8 44.8 2995.04
258 44.8 2956.75
258.2 44.8 2918.76
258.4 44.8 2881.03
258.6 44.8 2843.51
258.8 44.8 2806.15
259 44.8 2768.93
259.2 44.8 2731.8
259.4 44.8 2694.75
259.6 44.8 2657.74
236.8 45 5190.31
246.2 45 3593.82
253.6 45 3973.83
253.8 45 3912.38
254 45 3852.52
254.2 45 3794.45
254.4 45 3738.21
254.6 45 3683.78
254.8 45 3631.05
255 45 3579.91
255.2 45 3530.21
255.4 45 3481.85
255.6 45 3434.71
255.8 45 3388.7
256 45 3343.74
256.2 45 3299.77
256.4 45 3256.7
256.6 45 3214.49
256.8 45 3173.06
257 45 3132.34
257.2 45 3092.26
257.4 45 3052.75
257.6 45 3013.73
257.8 45 2975.15
258 45 2936.93
258.2 45 2899.02
258.4 45 2861.35
258.6 45 2823.89
258.8 45 2786.59
259 45 2749.41
259.2 45 2712.33
259.4 45 2675.31
259.6 45 2638.33
236.2 45.2 5231.15
246 45.2 3607.12
246.2 45.2 3635.72
246.4 45.2 3661.49
253.4 45.2 4019.71
253.6 45.2 3954.97
253.8 45.2 3891.93
256 45.2 3322.39
256.2 45.2 3278.59
256.4 45.2 3235.7
256.6 45.2 3193.63
256.8 45.2 3152.33
257 45.2 3111.73
257.2 45.2 3071.76
257.4 45.2 3032.36
257.6 45.2 2993.45
257.8 45.2 2954.97
258 45.2 2916.85
258.2 45.2 2879.03
258.4 45.2 2841.45
258.6 45.2 2804.06
258.8 45.2 2766.83
259 45.2 2729.72
259.2 45.2 2692.68
259.4 45.2 2655.71
259.6 45.2 2618.77
237.6 45.4 5147.59
246.2 45.4 3683.79
253.2 45.4 4067.81
253.4 45.4 3999.52
256.4 45.4 3214.17
256.6 45.4 3172.31
256.8 45.4 3131.2
257 45.4 3090.77
257.2 45.4 3050.96
257.4 45.4 3011.7
257.6 45.4 2972.92
257.8 45.4 2934.56
258 45.4 2896.56
258.2 45.4 2858.84
258.4 45.4 2821.36
258.6 45.4 2784.07
258.8 45.4 2746.91
259 45.4 2709.87
259.2 45.4 2672.9
259.4 45.4 2635.97
259.6 45.4 2599.08
236 45.6 5260.87
237.8 45.6 5104.63
246.2 45.6 3733.44
253.2 45.6 4046.99
256.8 45.6 3109.79
257 45.6 3069.56
257.2 45.6 3029.94
257.4 45.6 2990.84
257.6 45.6 2952.21
257.8 45.6 2913.99
258 45.6 2876.11
258.2 45.6 2838.51
258.4 45.6 2801.14
258.6 45.6 2763.94
258.8 45.6 2726.87
259 45.6 2689.9
259.2 45.6 2652.99
259.4 45.6 2616.13
259.6 45.6 2579.28
235.8 45.8 5284.36
247 45.8 4023.97
253 45.8 4098.12
253.2 45.8 4023.77
256.8 45.8 3088.21
257 45.8 3048.21
257.2 45.8 3008.78
257.4 45.8 2969.87
257.6 45.8 2931.4
257.8 45.8 2893.32
258 45.8 2855.57
258.2 45.8 2818.09
258.4 45.8 2780.82
258.6 45.8 2743.72
258.8 45.8 2706.74
259 45.8 2669.84
259.2 45.8 2633
259.4 45.8 2596.19
259.6 45.8 2559.4
235.4 46 5332.92
235.6 46 5311.79
237 46 5112.35
253 46 4075.93
257 46 3026.83
257.2 46 2987.6
257.4 46 2948.87
257.6 46 2910.56
257.8 46 2872.62
258 46 2835
258.2 46 2797.63
258.4 46 2760.47
258.6 46 2723.46
258.8 46 2686.56
259 46 2649.73
259.2 46 2612.95
259.4 46 2576.19
259.6 46 2539.45
235.4 46.2 5343.4
238 46.2 4928.08
253 46.2 4053.21
257.2 46.2 2966.49
257.4 46.2 2927.92
257.6 46.2 2889.76
257.8 46.2 2851.96
258 46.2 2814.45
258.2 46.2 2777.19
258.4 46.2 2740.12
258.6 46.2 2703.19
258.8 46.2 2666.36
259 46.2 2629.59
259.2 46.2 2592.87
259.4 46.2 2556.16
259.6 46.2 2519.45
238 46.4 4884.03
239.8 46.4 4206.95
245.8 46.4 3771.17
257.2 46.4 2945.54
257.4 46.4 2907.12
257.6 46.4 2869.08
257.8 46.4 2831.39
258 46.4 2793.98
258.2 46.4 2756.81
258.4 46.4 2719.81
258.6 46.4 2682.95
258.8 46.4 2646.18
259 46.4 2609.47
259.2 46.4 2572.78
259.4 46.4 2536.11
259.6 46.4 2499.43
238 46.6 4847.33
239.8 46.6 4195.39
247 46.6 4240.52
252.8 46.6 4092.81
257.2 46.6 2924.85
257.4 46.6 2886.53
257.6 46.6 2848.59
257.8 46.6 2810.98
258 46.6 2773.65
258.2 46.6 2736.54
258.4 46.6 2699.6
258.6 46.6 2662.78
258.8 46.6 2626.05
259 46.6 2589.37
259.2 46.6 2552.71
259.4 46.6 2516.06
259.6 46.6 2479.4
237 46.8 5038.63
238 46.8 4815.95
239.8 46.8 4182.15
252.8 46.8 4075.16
257.4 46.8 2866.22
257.6 46.8 2828.34
257.8 46.8 2790.78
258 46.8 2753.49
258.2 46.8 2716.41
258.4 46.8 2679.5
258.6 46.8 2642.71
258.8 46.8 2606
259 46.8 2569.33
259.2 46.8 2532.68
259.4 46.8 2496.03
259.6 46.8 2459.37
237 47 5025.43
238 47 4788.52
252.8 47 4059.35
257.4 47 2846.24
257.6 47 2808.37
257.8 47 2770.82
258 47 2733.53
258.2 47 2696.46
258.4 47 2659.55
258.6 47 2622.76
258.8 47 2586.04
259 47 2549.37
259.2 47 2512.71
259.4 47 2476.04
259.6 47 2439.36
237 47.2 5012.77
237.2 47.2 4962.05
237.8 47.2 4813.29
239.6 47.2 4236.41
247.2 47.2 4468.73
252.8 47.2 4045.27
257.4 47.2 2826.63
257.6 47.2 2788.72
257.8 47.2 2751.14
258 47.2 2713.82
258.2 47.2 2676.72
258.4 47.2 2639.77
258.6 47.2 2602.95
258.8 47.2 2566.2
259 47.2 2529.49
259.2 47.2 2492.8
259.4 47.2 2456.1
259.6 47.2 2419.38
237 47.4 5000.31
237.2 47.4 4948.73
237.4 47.4 4897.09
237.6 47.4 4845.62
237.8 47.4 4794.14
239.6 47.4 4219.83
252.8 47.4 4032.66
257.4 47.4 2807.41
257.6 47.4 2769.41
257.8 47.4 2731.75
258 47.4 2694.36
258.2 47.4 2657.19
258.4 47.4 2620.18
258.6 47.4 2583.3
258.8 47.4 2546.49
259 47.4 2509.72
259.2 47.4 2472.97
259.4 47.4 2436.21
259.6 47.4 2399.44
237.2 47.6 4935.4
237.4 47.6 4882.58
237.6 47.6 4829.53
237.8 47.6 4776.08
239.4 47.6 4277.79
239.6 47.6 4205.16
247.4 47.6 4625.1
252.8 47.6 4021.21
257.6 47.6 2750.45
257.8 47.6 2712.66
258 47.6 2675.16
258.2 47.6 2637.88
258.4 47.6 2600.78
258.6 47.6 2563.8
258.8 47.6 2526.91
259 47.6 2490.06
259.2 47.6 2453.22
259.4 47.6 2416.38
259.6 47.6 2379.53
237.4 47.8 4868.19
237.6 47.8 4813.86
237.8 47.8 4758.94
239.2 47.8 4330.84
239.4 47.8 4262.05
247.4 47.8 4674.21
252.6 47.8 4088.15
252.8 47.8 4010.64
257.6 47.8 2731.83
257.8 47.8 2693.87
258 47.8 2656.22
258.2 47.8 2618.8
258.4 47.8 2581.57
258.6 47.8 2544.47
258.8 47.8 2507.46
259 47.8 2470.5
259.2 47.8 2433.56
259.4 47.8 2396.62
259.6 47.8 2359.66
237.4 48 4853.94
237.6 48 4798.61
239 48 4380.6
239.2 48 4315.01
239.4 48 4248.45
247.4 48 4722.83
252.6 48 4077.36
252.8 48 4000.74
257.6 48 2713.54
257.8 48 2675.37
258 48 2637.53
258.2 48 2599.94
258.4 48 2562.55
258.6 48 2525.3
258.8 48 2488.14
259 48 2451.05
259.2 48 2413.98
259.4 48 2376.91
259.6 48 2339.83
235.4 48.2 5360.49
237.4 48.2 4839.87
237.6 48.2 4783.76
237.8 48.2 4726.95
238 48.2 4669.35
238.2 48.2 4610.81
238.4 48.2 4551.18
238.6 48.2 4490.36
238.8 48.2 4428.35
239 48.2 4365.23
239.2 48.2 4301.25
247.4 48.2 4769.9
252.6 48.2 4067.17
252.8 48.2 3991.33
257.6 48.2 2695.55
257.8 48.2 2657.14
258 48.2 2619.08
258.2 48.2 2581.28
258.4 48.2 2543.7
258.6 48.2 2506.27
258.8 48.2 2468.95
259 48.2 2431.7
259.2 48.2 2394.48
259.4 48.2 2357.26
259.6 48.2 2320.04
235.4 48.4 5356.63
235.6 48.4 5306.35
237.4 48.4 4826.05
237.6 48.4 4769.33
237.8 48.4 4711.96
238 48.4 4653.91
238.2 48.4 4595.09
238.4 48.4 4535.45
238.6 48.4 4474.96
238.8 48.4 4413.67
239 48.4 4351.69
247 48.4 4778.58
247.2 48.4 4795.96
247.4 48.4 4814.85
252.6 48.4 4057.45
252.8 48.4 3982.29
257.6 48.4 2677.84
257.8 48.4 2639.16
258 48.4 2600.84
258.2 48.4 2562.81
258.4 48.4 2525.02
258.6 48.4 2487.39
258.8 48.4 2449.88
259 48.4 2412.44
259.2 48.4 2375.05
259.4 48.4 2337.67
259.6 48.4 2300.29
235.4 48.6 5352.43
235.6 48.6 5300.79
235.8 48.6 5248.81
236 48.6 5196.36
237 48.6 4925.22
237.2 48.6 4869.14
237.4 48.6 4812.51
237.6 48.6 4755.32
237.8 48.6 4697.59
238 48.6 4639.29
238.2 48.6 4580.42
238.4 48.6 4520.96
238.6 48.6 4460.95
238.8 48.6 4400.47
239 48.6 4339.67
252.6 48.6 4048.13
252.8 48.6 3973.52
257.8 48.6 2621.39
258 48.6 2582.8
258.2 48.6 2544.52
258.4 48.6 2506.48
258.6 48.6 2468.63
258.8 48.6 2430.91
259 48.6 2393.27
259.2 48.6 2355.69
259.4 48.6 2318.13
259.6 48.6 2280.57
235.4 48.8 5348.03
235.6 48.8 5295.11
235.8 48.8 5241.9
236 48.8 5188.32
236.2 48.8 5134.29
236.4 48.8 5079.76
236.6 48.8 5024.7
236.8 48.8 4969.11
237 48.8 4913
237.2 48.8 4856.39
237.4 48.8 4799.3
237.6 48.8 4741.76
237.8 48.8 4683.79
238 48.8 4625.41
238.2 48.8 4566.63
238.4 48.8 4507.51
238.6 48.8 4448.1
238.8 48.8 4388.52
252.6 48.8 4039.14
252.8 48.8 3964.98
257.8 48.8 2603.82
258 48.8 2564.93
258.2 48.8 2526.37
258.4 48.8 2488.07
258.6 48.8 2449.97
258.8 48.8 2412.03
259 48.8 2374.18
259.2 48.8 2336.39
259.4 48.8 2298.63
259.6 48.8 2260.87
235.4 49 5343.51
235.6 49 5289.38
235.8 49 5235.02
236 49 5180.35
236.2 49 5125.31
236.4 49 5069.88
236.6 49 5014.02
236.8 49 4957.73
237 49 4901.02
237.2 49 4843.92
237.4 49 4786.45
237.6 49 4728.65
237.8 49 4670.55
238 49 4612.19
238.2 49 4553.64
238.4 49 4494.95
238.6 49 4436.24
252.6 49 4030.42
252.8 49 3956.59
257.8 49 2586.4
258 49 2547.19
258.2 49 2508.34
258.4 49 2469.77
258.6 49 2431.42
258.8 49 2393.23
259 49 2355.14
259.2 49 2317.13
259.4 49 2279.16
259.6 49 2241.2
235.4 49.2 5338.95
235.6 49.2 5283.67
235.8 49.2 5228.2
236 49.2 5172.48
236.2 49.2 5116.49
236.4 49.2 5060.18
236.6 49.2 5003.54
236.8 49.2 4946.58
237 49.2 4889.31
237.2 49.2 4831.76
237.4 49.2 4773.96
237.6 49.2 4715.96
237.8 49.2 4657.81
238 49.2 4599.57
238.2 49.2 4541.33
238.4 49.2 4483.16
252.6 49.2 4021.93
252.8 49.2 3948.34
257.8 49.2 2569.11
258 49.2 2529.58
258.2 49.2 2490.42
258.4 49.2 2451.56
258.6 49.2 2412.94
258.8 49.2 2374.49
259 49.2 2336.16
259.2 49.2 2297.92
259.4 49.2 2259.72
259.6 49.2 2221.54
235.4 49.4 5334.4
235.6 49.4 5278.01
235.8 49.4 5221.47
236 49.4 5164.75
236.2 49.4 5107.83
236.4 49.4 5050.67
236.6 49.4 4993.29
236.8 49.4 4935.68
237 49.4 4877.88
237.2 49.4 4819.91
237.4 49.4 4761.82
237.6 49.4 4703.67
237.8 49.4 4645.53
238 49.4 4587.47
238.2 49.4 4529.59
252.4 49.4 4086.83
252.6 49.4 4013.62
252.8 49.4 3940.19
257.8 49.4 2551.93
258 49.4 2512.05
258.2 49.4 2472.57
258.4 49.4 2433.42
258.6 49.4 2394.51
258.8 49.4 2355.8
259 49.4 2317.22
259.2 49.4 2278.74
259.4 49.4 2240.31
259.6 49.4 2201.9
235.4 49.6 5329.88
235.6 49.6 5272.41
235.8 49.6 5214.84
236 49.6 5157.15
236.2 49.6 5099.32
236.4 49.6 5041.34
236.6 49.6 4983.23
236.8 49.6 4925
237 49.6 4866.69
237.2 49.6 4808.33
237.4 49.6 4749.98
237.6 49.6 4691.72
237.8 49.6 4633.63
238 49.6 4575.79
252.4 49.6 4078.61
252.6 49.6 4005.44
252.8 49.6 3932.12
258 49.6 2494.59
258.2 49.6 2454.79
258.4 49.6 2415.33
258.6 49.6 2376.14
258.8 49.6 2337.15
259 49.6 2298.31
259.2 49.6 2259.58
259.4 49.6 2220.91
259.6 49.6 2182.26
