247.923 -29.5779 0
243.333 33.4915 1796.14
243.263 33.5654 1797.5
243.398 33.4947 1795.65
243.288 33.7141 1802.2
243.439 33.3516 1791.17
243.577 32.8927 1778.18
243.541 33.6117 1799.52
243.152 33.63 1799.19
242.829 33.4577 1794.92
243.387 33.5519 1796.9
243.574 33.5234 1795.93
243.325 33.5736 1798.16
238.134 37.954 1930.87
239.613 38.0346 1929.51
237.542 38.3453 1943.39
236.999 37.6978 1924.1
237.284 39.6547 1981.19
236.928 38.9935 1962.93
237.043 42.6071 2064.28
235.97 40.8175 2016.96
240.681 37.3236 1908.01
237.12 38.1448 1937.84
237.557 38.8787 1958.48
239.697 41.9025 2043.93
238.5 39.5545 1975.57
238.713 37.008 1902.24
239.458 35.9452 1870.01
237.459 40.5799 2006.1
238.243 37.6221 1921.17
237.29 41.732 2038.03
242.566 34.5505 1826.17
241.17 35.1269 1843.94
243.328 32.6801 1771.33
243.079 34.2623 1818.2
244.546 33.6551 1801.27
244.002 34.0006 1810.99
242.341 34.2388 1817.59
241.974 34.3334 1820.05
241.585 33.4019 1793.8
241.92 36.4399 1881.93
241.666 34.2535 1817.93
242.991 33.65 1800.43
241.545 34.1062 1814.03
243.899 32.6591 1770.58
242.006 34.8811 1835.75
241.706 33.7126 1802.71
243.137 36.467 1883.38
245.173 33.0515 1783.72
244.34 34.7846 1834.25
242.634 36.9961 1898.57
243.194 35.3018 1849.27
243.665 34.8294 1838.14
244.855 34.1574 1815.79
241.526 35.6628 1858.14
243.404 33.0859 1784.06
240.934 34.1082 1814.86
242.318 35.4795 1854.1
241.164 37.6302 1916.52
242.511 36.058 1871.54
240.186 34.8885 1838.63
242.805 33.6 1798.89
241.942 34.2236 1817.15
245.381 34.7676 1833.29
241.276 34.6145 1827.55
245.858 34.3034 1819.61
239.454 35.4077 1855.39
243.137 33.3536 1792.28
240.756 36.3052 1878.21
241.596 33.7435 1803.67
243.003 34.8753 1836.07
240.285 34.4408 1825.68
241.453 32.9799 1782.01
240.365 33.9954 1812.47
242.338 33.5526 1797.59
243.725 35.8995 1866.99
242.717 35.8909 1866.42
240.004 35.3142 1851.06
240.476 33.2479 1790.88
242.902 34.1065 1813.56
244.2 32.9451 1780.04
241.77 37.0542 1900.07
241.18 34.1561 1815.58
244.076 35.4358 1853.54
241.714 34.0192 1811.31
241.882 34.4837 1824.58
240.915 35.8409 1864.81
242.67 34.5607 1828.47
253.543 34.9459 1854.67
236.695 44.5855 2122.55
249.215 32.3098 1764.63
239.64 39.8666 1985.51
240.241 39.3104 1966.59
242.895 32.8889 1778.4
247.772 32.7006 1774.04
248.296 32.5618 1770.54
237.293 48.7197 2242.98
237.915 48.9983 2251.03
238.52 49.0983 2252.92
239.616 49.048 2250.35
240.728 48.9534 2248.2
241.415 48.9752 2249.19
242.441 48.9813 2249.16
243.637 48.958 2246.67
244.347 48.9339 2244.72
245.587 48.933 2243.58
236.496 48.0575 2223.91
237.904 48.2641 2228.95
238.516 48.5183 2236.12
239.88 48.4607 2233.87
240.667 48.3584 2231.19
241.851 48.4226 2233.34
242.775 48.2995 2229.37
243.633 48.4366 2231.74
244.411 48.4694 2231.33
245.532 48.3739 2228.07
237.827 37.1311 1907.57
235.434 47.9475 2220.87
237.028 47.7172 2213.18
238.31 47.6947 2212.09
239.106 47.923 2218.93
239.939 47.6902 2212.5
240.955 47.7849 2215.34
241.726 47.8006 2215.77
242.692 47.8192 2215.48
245.427 47.6795 2208.72
246.253 47.7687 2211.41
236.229 47.1161 2195.94
237.197 47.1109 2194.75
238.011 47.1881 2197.15
239.156 47.1935 2198.37
240.027 47.1936 2198.56
241.079 47.0573 2194.43
241.691 47.0615 2194.26
242.724 47.0547 2193
243.665 47.0477 2191.62
244.647 47.0528 2191.29
245.541 47.0943 2192.43
246.494 47.0816 2191.91
247.48 47.0418 2190.62
236.437 46.5459 2178.75
237.28 46.5934 2179.19
238.239 46.5605 2179.21
239.021 46.5433 2179.78
240.145 46.5585 2180.48
240.94 46.4911 2178.27
241.855 46.5139 2177.79
242.89 46.485 2175.54
243.791 46.3559 2172.2
245.812 46.4423 2173.93
246.507 46.4162 2173.19
247.359 46.4246 2173.14
239.272 40.6183 2005.92
236.441 45.9306 2160.85
237.581 45.9325 2160.21
238.541 45.8839 2159.96
239.218 45.7664 2157.07
240.072 45.8951 2161.41
241.223 45.7971 2158.05
242.091 45.7087 2154.03
242.772 45.9734 2160.9
243.845 45.8883 2158.92
244.745 45.7565 2155.57
245.668 45.7893 2155.6
246.63 45.8122 2155.76
247.507 45.8409 2156.58
236.719 45.3153 2143.52
237.522 45.2059 2139.21
238.683 45.2422 2141.03
239.365 45.2357 2141.77
240.331 45.2664 2143.95
241.041 45.2904 2144.09
242.22 45.2781 2141.49
242.88 45.2925 2141.51
243.732 45.3997 2144.89
245.767 45.0931 2136.17
246.54 45.2432 2139.44
247.511 45.166 2137.3
236 44.6764 2126.44
236.708 44.6765 2125.06
237.814 44.6837 2122.57
238.773 44.6473 2124.06
239.665 44.7344 2128.09
240.435 44.5913 2124.44
241.33 44.5191 2121.26
242.336 44.6653 2123.82
243.253 44.589 2121.37
243.987 44.7035 2124.8
245.145 44.5494 2120.96
245.745 44.5642 2121.32
238.449 36.3887 1884.81
238.539 40.8161 2011.23
240.977 36.6801 1889.04
236.17 44.0035 2106.49
236.722 43.9726 2104.49
237.589 43.7941 2098.64
238.733 44.1626 2110.55
239.789 43.9437 2105.31
240.496 44.082 2109.51
241.431 43.9104 2103.27
242.259 43.9733 2103.84
243.197 44.086 2106.46
244.042 43.9121 2101.78
245.883 43.9146 2102.42
236.425 43.3654 2087.49
237.035 43.3717 2086.48
237.891 43.2406 2082.56
238.764 43.2843 2084.92
239.847 43.2515 2084.49
240.69 43.3736 2088
241.526 43.358 2086.91
242.246 43.3471 2085.47
243.233 43.4275 2086.7
244.172 43.4151 2086.85
244.902 43.25 2082.62
245.826 43.3979 2087.53
235.531 42.8088 2075.35
236.51 42.7667 2070.17
238.269 42.6133 2064.65
239.107 42.7258 2068.59
239.749 42.7991 2071.03
240.753 42.6912 2067.43
241.514 42.7308 2068.28
242.275 42.6996 2066.63
243.13 42.7779 2067.8
243.968 42.7713 2067.27
245.097 42.636 2064.32
246.824 42.5452 2061.06
236.398 42.156 2053.58
238.109 42.175 2051.23
239.166 42.0472 2048.19
240.66 42.0187 2047.17
241.656 42.1901 2051.97
242.333 42.0192 2046.55
243.529 42.0773 2047.37
244.984 42.146 2049.26
246.056 42.0886 2048.32
239.26 38.7552 1951.08
235.878 41.8473 2046.68
237.146 41.392 2029.64
237.878 41.2742 2025.22
238.161 41.7826 2040.14
238.854 41.3593 2027.76
239.523 41.2047 2023.23
240.829 41.3884 2028.27
241.621 41.4483 2029.93
242.55 41.423 2028.71
243.46 41.522 2031.14
244.209 41.4311 2028.01
245.085 41.4157 2027.52
245.834 41.3602 2026.69
246.653 41.503 2031.1
247.552 41.4632 2029.09
236.694 40.822 2014.87
240.165 40.7484 2009.69
241.029 40.7797 2010.04
241.866 40.7811 2009.55
242.476 40.852 2011.82
243.492 40.7186 2007.89
244.264 40.8167 2010.18
244.961 40.8522 2011.04
245.796 40.8556 2011.64
236.18 40.1398 1996.22
237.212 40.1767 1995.68
237.968 39.9971 1988.99
238.914 40.32 1996.88
239.082 39.962 1986.41
240.173 40.165 1992.4
241.123 40.1614 1991.95
241.845 40.2903 1995.05
242.81 40.1697 1990.97
243.5 40.2917 1994.72
244.343 40.1313 1990.12
245.255 40.2679 1993.85
236.662 39.469 1977.23
239.392 39.3028 1966.83
240.102 39.6785 1977.84
241.111 39.5399 1973.74
241.92 39.6946 1977.78
242.861 39.5516 1972.68
243.536 39.6202 1974.72
244.246 39.553 1972.74
245.093 39.4731 1971.3
237.986 38.6333 1950.75
238.623 38.839 1954.89
241.192 38.9383 1955.65
242.068 38.8606 1953
242.818 38.834 1951.97
243.6 38.8247 1951.68
244.346 38.8455 1952.4
245.17 39.04 1958.36
239.064 38.2571 1937.16
239.924 38.7028 1948.85
240.549 38.5226 1943.66
240.953 38.089 1930.51
241.894 38.3489 1938.27
242.928 38.2397 1934.91
243.698 38.2886 1936.13
245.392 38.3281 1937.84
238.672 37.5049 1916.75
239.67 37.346 1909.85
240.151 37.8817 1924.68
241.829 37.4993 1912.95
242.775 37.7243 1919.81
243.405 37.923 1925.67
244.253 37.6444 1917.49
245.151 37.6083 1916.8
246.832 37.7601 1920.88
238.214 39.2291 1967.12
239.326 36.8953 1897.69
240.291 37.0069 1898.89
245.285 36.7256 1890.85
246.093 37.0195 1899.4
246.916 37.0615 1900.41
239.217 36.3627 1882.74
239.88 36.3356 1880.71
243.67 36.4193 1882.01
244.617 36.423 1881.84
245.461 36.4321 1882.31
238.764 36.0214 1873.63
239.13 35.636 1862.15
240.097 35.8667 1866.81
244.57 35.8384 1864.86
245.149 35.7266 1861.14
245.13 35.301 1848.89
246.115 35.099 1842.83
246.917 35.2127 1846.58
247.733 35.1787 1845.85
246.17 34.5935 1827.89
247.109 34.4692 1824.85
247.763 34.4866 1825.81
245.476 33.7503 1803.61
246.171 33.8142 1805.42
246.995 33.9383 1809.36
253.079 34.0741 1828.67
247.054 33.3627 1792.69
248.9 42.7654 2094.76
258.319 34.8837 1862.58
242.694 44.8525 2128.75
248.37 45.597 2149.13
250.442 42.7667 2063.98
255.804 48.4702 2234.47
247.187 40.195 1993.16
250.245 48.024 2216.85
244.761 40.7448 2008.05
240.467 46.3925 2175.58
245.586 43.5625 2092.18
248.435 41.6069 2031.64
254.387 39.7997 1996.85
253.777 46.6885 2181.07
249.6 44.5652 2113.61
254.618 31.6985 1763.72
246.059 46.8292 2184.59
251.507 37.1996 1911.39
242.877 48.2642 2228.14
236.131 47.3917 2204.1
250.733 45.1221 2131.72
254.499 37.7456 1938.97
248.626 35.5169 1856.09
241.363 42.4339 2059.34
