243.333 33.4915 4.12663e-07
243.263 33.5654 4.09727e-07
243.398 33.4947 4.24785e-07
243.288 33.7141 4.10322e-07
243.439 33.3516 4.14948e-07
243.577 32.8927 4.18134e-07
243.541 33.6117 3.73519e-07
243.152 33.63 3.80134e-07
242.829 33.4577 3.94775e-07
243.387 33.5519 3.77841e-07
243.574 33.5234 4.13529e-07
243.325 33.5736 4.20189e-07
238.134 37.954 4.05311e-07
239.613 38.0346 3.54192e-07
237.542 38.3453 3.94734e-07
236.999 37.6978 3.58754e-07
237.284 39.6547 4.63778e-07
236.928 38.9935 3.86583e-07
237.043 42.6071 3.47498e-07
235.97 40.8175 3.5106e-07
240.681 37.3236 3.76418e-07
237.12 38.1448 3.45492e-07
237.557 38.8787 4.28176e-07
239.697 41.9025 3.76285e-07
238.5 39.5545 3.98036e-07
238.713 37.008 4.03814e-07
239.458 35.9452 4.27278e-07
237.459 40.5799 3.81731e-07
238.243 37.6221 3.5156e-07
237.29 41.732 3.47385e-07
242.566 34.5505 3.26892e-07
241.17 35.1269 4.07719e-07
243.328 32.6801 3.50683e-07
243.079 34.2623 3.75623e-07
244.546 33.6551 3.97183e-07
244.002 34.0006 3.70568e-07
242.341 34.2388 3.84646e-07
241.974 34.3334 3.8275e-07
241.585 33.4019 3.92446e-07
241.92 36.4399 4.14925e-07
241.666 34.2535 3.9171e-07
242.991 33.65 4.28148e-07
241.545 34.1062 3.95881e-07
243.899 32.6591 3.41484e-07
242.006 34.8811 4.01658e-07
241.706 33.7126 4.16045e-07
243.137 36.467 3.92051e-07
245.173 33.0515 3.91443e-07
244.34 34.7846 3.72892e-07
242.634 36.9961 4.0372e-07
243.194 35.3018 3.63468e-07
243.665 34.8294 3.65545e-07
244.855 34.1574 3.87313e-07
241.526 35.6628 3.17516e-07
243.404 33.0859 3.77687e-07
240.934 34.1082 3.98768e-07
242.318 35.4795 3.55787e-07
241.164 37.6302 3.84295e-07
242.511 36.058 3.86149e-07
240.186 34.8885 3.94592e-07
242.805 33.6 4.19666e-07
241.942 34.2236 3.87995e-07
245.381 34.7676 3.64241e-07
241.276 34.6145 3.67203e-07
245.858 34.3034 3.74437e-07
239.454 35.4077 3.31355e-07
243.137 33.3536 4.11826e-07
240.756 36.3052 3.69657e-07
241.596 33.7435 4.11272e-07
243.003 34.8753 3.6318e-07
240.285 34.4408 4.0744e-07
241.453 32.9799 3.94874e-07
240.365 33.9954 3.93951e-07
242.338 33.5526 3.9721e-07
243.725 35.8995 4.10216e-07
242.717 35.8909 3.91794e-07
240.004 35.3142 4.23149e-07
240.476 33.2479 4.21576e-07
242.902 34.1065 4.23029e-07
244.2 32.9451 4.24403e-07
241.77 37.0542 4.08814e-07
241.18 34.1561 4.07346e-07
244.076 35.4358 3.72735e-07
241.714 34.0192 4.00755e-07
241.882 34.4837 3.84187e-07
240.915 35.8409 3.83563e-07
242.67 34.5607 2.91702e-07
253.543 34.9459 3.52587e-07
236.695 44.5855 3.10803e-07
249.215 32.3098 4.27196e-07
239.64 39.8666 3.51841e-07
240.241 39.3104 3.50552e-07
242.895 32.8889 4.10661e-07
247.772 32.7006 4.19292e-07
248.296 32.5618 4.26412e-07
237.293 48.7197 2.45469e-07
237.915 48.9983 2.56969e-07
238.52 49.0983 2.93789e-07
239.616 49.048 3.68535e-07
240.728 48.9534 3.82503e-07
241.415 48.9752 3.65985e-07
242.441 48.9813 3.33781e-07
243.637 48.958 3.09053e-07
244.347 48.9339 3.10205e-07
245.587 48.933 3.46541e-07
236.496 48.0575 2.40246e-07
237.904 48.2641 2.51615e-07
238.516 48.5183 2.98298e-07
239.88 48.4607 3.87005e-07
240.667 48.3584 3.72082e-07
241.851 48.4226 3.36977e-07
242.775 48.2995 2.99481e-07
243.633 48.4366 2.75284e-07
244.411 48.4694 3.14928e-07
245.532 48.3739 3.5658e-07
237.827 37.1311 3.55384e-07
235.434 47.9475 3.144e-07
237.028 47.7172 2.49311e-07
238.31 47.6947 2.83377e-07
239.106 47.923 3.45228e-07
239.939 47.6902 3.88409e-07
240.955 47.7849 3.56069e-07
241.726 47.8006 3.2285e-07
242.692 47.8192 2.82033e-07
245.427 47.6795 3.52543e-07
246.253 47.7687 3.75221e-07
236.229 47.1161 2.78796e-07
237.197 47.1109 2.44625e-07
238.011 47.1881 2.64812e-07
239.156 47.1935 3.63836e-07
240.027 47.1936 3.81806e-07
241.079 47.0573 3.4527e-07
241.691 47.0615 3.02602e-07
242.724 47.0547 2.62843e-07
243.665 47.0477 2.97877e-07
244.647 47.0528 3.33759e-07
245.541 47.0943 3.60012e-07
246.494 47.0816 3.69616e-07
247.48 47.0418 3.4804e-07
236.437 46.5459 2.84397e-07
237.28 46.5934 2.59216e-07
238.239 46.5605 3.05784e-07
239.021 46.5433 3.46526e-07
240.145 46.5585 3.85328e-07
240.94 46.4911 3.6214e-07
241.855 46.5139 3.04026e-07
242.89 46.485 2.68476e-07
243.791 46.3559 3.05589e-07
245.812 46.4423 3.69861e-07
246.507 46.4162 3.71829e-07
247.359 46.4246 3.58912e-07
239.272 40.6183 3.63554e-07
236.441 45.9306 3.01128e-07
237.581 45.9325 2.78905e-07
238.541 45.8839 3.19485e-07
239.218 45.7664 3.55286e-07
240.072 45.8951 3.96354e-07
241.223 45.7971 3.52132e-07
242.091 45.7087 2.89176e-07
242.772 45.9734 2.86669e-07
243.845 45.8883 2.9383e-07
244.745 45.7565 3.59624e-07
245.668 45.7893 3.83658e-07
246.63 45.8122 3.77814e-07
247.507 45.8409 3.56548e-07
236.719 45.3153 3.04972e-07
237.522 45.2059 2.85457e-07
238.683 45.2422 3.20657e-07
239.365 45.2357 3.67069e-07
240.331 45.2664 3.93899e-07
241.041 45.2904 3.5191e-07
242.22 45.2781 3.35004e-07
242.88 45.2925 3.21384e-07
243.732 45.3997 3.18635e-07
245.767 45.0931 4.09848e-07
246.54 45.2432 3.90708e-07
247.511 45.166 3.69795e-07
236 44.6764 3.23004e-07
236.708 44.6765 3.12875e-07
237.814 44.6837 2.39704e-07
238.773 44.6473 3.68548e-07
239.665 44.7344 3.98928e-07
240.435 44.5913 3.75814e-07
241.33 44.5191 3.77612e-07
242.336 44.6653 3.55561e-07
243.253 44.589 3.25335e-07
243.987 44.7035 3.3433e-07
245.145 44.5494 3.81332e-07
245.745 44.5642 3.99198e-07
238.449 36.3887 3.93805e-07
238.539 40.8161 2.92925e-07
240.977 36.6801 3.73751e-07
236.17 44.0035 3.33136e-07
236.722 43.9726 3.20071e-07
237.589 43.7941 3.24057e-07
238.733 44.1626 3.63787e-07
239.789 43.9437 3.39092e-07
240.496 44.082 3.87276e-07
241.431 43.9104 3.78376e-07
242.259 43.9733 3.63325e-07
243.197 44.086 3.24962e-07
244.042 43.9121 3.35784e-07
245.883 43.9146 4.14504e-07
236.425 43.3654 3.32655e-07
237.035 43.3717 3.17652e-07
237.891 43.2406 3.40579e-07
238.764 43.2843 3.85404e-07
239.847 43.2515 3.81011e-07
240.69 43.3736 3.64564e-07
241.526 43.358 3.8102e-07
242.246 43.3471 3.75649e-07
243.233 43.4275 3.47892e-07
244.172 43.4151 3.37845e-07
244.902 43.25 3.35279e-07
245.826 43.3979 4.17494e-07
235.531 42.8088 3.33248e-07
236.51 42.7667 3.54304e-07
238.269 42.6133 3.64431e-07
239.107 42.7258 3.73765e-07
239.749 42.7991 3.61976e-07
240.753 42.6912 3.62409e-07
241.514 42.7308 3.6707e-07
242.275 42.6996 3.85684e-07
243.13 42.7779 3.84007e-07
243.968 42.7713 3.53641e-07
245.097 42.636 3.73994e-07
246.824 42.5452 3.93426e-07
236.398 42.156 3.77781e-07
238.109 42.175 3.61028e-07
239.166 42.0472 3.61613e-07
240.66 42.0187 3.52672e-07
241.656 42.1901 3.63364e-07
242.333 42.0192 3.68421e-07
243.529 42.0773 3.88757e-07
244.984 42.146 3.60436e-07
246.056 42.0886 3.89439e-07
239.26 38.7552 3.62485e-07
235.878 41.8473 3.65917e-07
237.146 41.392 3.90439e-07
237.878 41.2742 3.75948e-07
238.161 41.7826 3.66425e-07
238.854 41.3593 3.73755e-07
239.523 41.2047 3.8373e-07
240.829 41.3884 3.65568e-07
241.621 41.4483 3.56669e-07
242.55 41.423 3.68718e-07
243.46 41.522 3.61606e-07
244.209 41.4311 3.88669e-07
245.085 41.4157 3.75705e-07
245.834 41.3602 3.77907e-07
246.653 41.503 3.88746e-07
247.552 41.4632 3.38544e-07
236.694 40.822 2.03458e-07
240.165 40.7484 3.73025e-07
241.029 40.7797 3.51647e-07
241.866 40.7811 3.36498e-07
242.476 40.852 3.55753e-07
243.492 40.7186 2.87988e-07
244.264 40.8167 3.75657e-07
244.961 40.8522 3.51716e-07
245.796 40.8556 3.51983e-07
236.18 40.1398 3.60167e-07
237.212 40.1767 4.31036e-07
237.968 39.9971 3.72728e-07
238.914 40.32 3.97846e-07
239.082 39.962 3.62472e-07
240.173 40.165 3.57905e-07
241.123 40.1614 3.69271e-07
241.845 40.2903 3.54372e-07
242.81 40.1697 3.63274e-07
243.5 40.2917 3.57003e-07
244.343 40.1313 3.75355e-07
245.255 40.2679 3.52224e-07
236.662 39.469 3.74494e-07
239.392 39.3028 3.419e-07
240.102 39.6785 3.52087e-07
241.111 39.5399 3.5548e-07
241.92 39.6946 3.61909e-07
242.861 39.5516 3.67193e-07
243.536 39.6202 3.68841e-07
244.246 39.553 3.65464e-07
245.093 39.4731 3.79149e-07
237.986 38.6333 4.11286e-07
238.623 38.839 4.10199e-07
241.192 38.9383 3.68058e-07
242.068 38.8606 3.68902e-07
242.818 38.834 3.62294e-07
243.6 38.8247 3.90137e-07
244.346 38.8455 3.70086e-07
245.17 39.04 3.7626e-07
239.064 38.2571 4.13592e-07
239.924 38.7028 3.64238e-07
240.549 38.5226 3.6417e-07
240.953 38.089 3.76249e-07
241.894 38.3489 3.68238e-07
242.928 38.2397 3.72969e-07
243.698 38.2886 3.80319e-07
245.392 38.3281 3.79796e-07
238.672 37.5049 4.10612e-07
239.67 37.346 3.39447e-07
240.151 37.8817 3.72919e-07
241.829 37.4993 3.94021e-07
242.775 37.7243 3.91681e-07
243.405 37.923 3.88509e-07
244.253 37.6444 3.72419e-07
245.151 37.6083 3.73623e-07
246.832 37.7601 3.7798e-07
238.214 39.2291 4.07522e-07
239.326 36.8953 4.02489e-07
240.291 37.0069 3.72605e-07
245.285 36.7256 3.60795e-07
246.093 37.0195 3.50366e-07
246.916 37.0615 3.90116e-07
239.217 36.3627 4.06424e-07
239.88 36.3356 3.5882e-07
243.67 36.4193 4.00273e-07
244.617 36.423 3.78666e-07
245.461 36.4321 3.56174e-07
238.764 36.0214 4.15038e-07
239.13 35.636 4.12664e-07
240.097 35.8667 3.9426e-07
244.57 35.8384 3.92466e-07
245.149 35.7266 3.66076e-07
245.13 35.301 3.8103e-07
246.115 35.099 3.66582e-07
246.917 35.2127 3.97823e-07
247.733 35.1787 4.18025e-07
246.17 34.5935 3.43381e-07
247.109 34.4692 3.4186e-07
247.763 34.4866 3.91403e-07
245.476 33.7503 3.77124e-07
246.171 33.8142 3.82628e-07
246.995 33.9383 3.87126e-07
253.079 34.0741 3.35942e-07
247.054 33.3627 3.49974e-07
248.9 42.7654 0.000226558
258.319 34.8837 2.73519e-07
242.694 44.8525 3.35021e-07
248.37 45.597 3.52813e-07
250.442 42.7667 2.33747e-07
255.804 48.4702 3.80294e-07
247.187 40.195 3.80545e-07
250.245 48.024 1.47105e-07
244.761 40.7448 3.86537e-07
240.467 46.3925 3.83115e-07
245.586 43.5625 4.04345e-07
248.435 41.6069 3.28521e-07
254.387 39.7997 4.04959e-07
253.777 46.6885 2.98923e-07
249.6 44.5652 1.77808e-07
254.618 31.6985 2.82608e-07
246.059 46.8292 2.38813e-07
251.507 37.1996 3.40214e-07
242.877 48.2642 2.93957e-07
236.131 47.3917 2.8291e-07
250.733 45.1221 1.82869e-07
254.499 37.7456 4.35003e-07
248.626 35.5169 3.88927e-07
241.363 42.4339 3.68335e-07
