97.2644 0.3841 0
243.333 33.4915 5463.87
243.263 33.5654 5400.76
243.398 33.4947 5464.16
243.288 33.7141 5639.11
243.439 33.3516 5527.94
243.577 32.8927 4760.57
243.152 33.63 5578.1
241.512 32.915 5658.25
242.829 33.4577 5996.74
243.387 33.5519 5583.17
243.574 33.5234 4626.16
243.325 33.5736 4981.89
238.134 37.954 5347.88
239.613 38.0346 5068.27
237.542 38.3453 5390.93
236.999 37.6978 5399.44
237.284 39.6547 5178.86
236.928 38.9935 5367.12
237.043 42.6071 4615.44
235.97 40.8175 5133.61
240.681 37.3236 5101.2
237.12 38.1448 5389.93
237.557 38.8787 5259.25
238.5 39.5545 4720.97
238.713 37.008 4295.89
239.458 35.9452 5110.75
237.459 40.5799 4864.69
241.17 35.1269 5334.86
240.896 35.3444 4957.12
243.328 32.6801 5060.19
243.079 34.2623 5442.33
244.546 33.6551 4520.87
244.002 34.0006 4623.04
242.341 34.2388 4830.19
241.974 34.3334 5423.56
241.585 33.4019 4179.48
241.92 36.4399 4959.32
241.666 34.2535 5059.52
242.991 33.65 5094.12
241.545 34.1062 5362.02
242.006 34.8811 4451.54
243.137 36.467 4500.12
245.173 33.0515 4242.49
244.34 34.7846 4852.78
242.634 36.9961 4719.84
243.194 35.3018 5483.29
244.855 34.1574 3853.65
241.526 35.6628 5386.42
243.404 33.0859 5234.12
240.934 34.1082 5173.53
242.318 35.4795 5285.84
241.164 37.6302 4743.22
242.511 36.058 5217.41
240.186 34.8885 5265.14
242.805 33.6 5452.24
241.942 34.2236 4884.35
241.276 34.6145 5285.49
245.858 34.3034 4470.56
239.454 35.4077 5184.25
243.137 33.3536 5103.67
240.756 36.3052 4762.16
241.596 33.7435 4829.57
243.003 34.8753 5430.73
240.285 34.4408 5336.19
241.453 32.9799 4906.17
240.365 33.9954 5408.88
242.338 33.5526 5746.13
243.725 35.8995 4038.18
242.717 35.8909 5883.54
240.004 35.3142 5313.05
240.476 33.2479 5368.35
242.902 34.1065 5203.01
241.77 37.0542 5185.76
244.076 35.4358 4236.86
241.714 34.0192 5367.01
241.882 34.4837 5358.24
236.695 44.5855 5211.16
240.241 39.3104 4156.66
242.895 32.8889 5528.99
247.772 32.7006 4654.01
244.411 48.4694 3831.49
237.827 37.1311 5361.42
245.427 47.6795 4561.7
245.541 47.0943 3899.94
245.812 46.4423 3781.53
246.507 46.4162 3975.4
236.441 45.9306 5225.19
237.581 45.9325 5003.38
246.63 45.8122 3914.45
247.507 45.8409 4291.94
236.719 45.3153 5219.62
237.522 45.2059 5172.9
238.683 45.2422 5135.28
247.511 45.166 3692.01
236 44.6764 5198.23
236.708 44.6765 5152.62
237.814 44.6837 5173.79
238.773 44.6473 5014.15
240.435 44.5913 3608.93
238.449 36.3887 5448.06
236.17 44.0035 5196.76
236.722 43.9726 5206.67
237.589 43.7941 5224.81
238.733 44.1626 5130.79
239.789 43.9437 3714
236.425 43.3654 5200.74
237.035 43.3717 5212.71
237.891 43.2406 5170.93
238.764 43.2843 4890.48
239.847 43.2515 4014.56
240.69 43.3736 3851.09
241.526 43.358 3629.76
235.531 42.8088 5485.63
236.51 42.7667 4723.52
238.269 42.6133 4642.38
239.107 42.7258 4180.72
239.749 42.7991 3715.16
240.753 42.6912 3614.44
241.514 42.7308 3688.5
242.275 42.6996 3646.33
238.109 42.175 4281.63
241.656 42.1901 3815.89
239.26 38.7552 5350.03
235.878 41.8473 3971.76
236.694 40.822 5207.68
242.476 40.852 3591.93
236.18 40.1398 5271.48
237.212 40.1767 5226.5
237.968 39.9971 4703.06
239.082 39.962 4124.68
241.845 40.2903 3652.86
245.255 40.2679 3697.33
236.662 39.469 5234.19
239.392 39.3028 5162.01
237.986 38.6333 5271.98
239.064 38.2571 5236.09
239.924 38.7028 4462.18
240.549 38.5226 4536.8
240.953 38.089 4790.93
238.672 37.5049 5185.28
239.67 37.346 4904.44
240.151 37.8817 4901.31
241.829 37.4993 4697.54
238.214 39.2291 5263.88
239.326 36.8953 5208.03
240.291 37.0069 4860.92
239.217 36.3627 5219.17
239.88 36.3356 5169.49
243.67 36.4193 4810.43
238.764 36.0214 5280.39
239.13 35.636 5053.96
240.097 35.8667 5063.7
247.109 34.4692 4730.43
245.476 33.7503 3861.56
246.171 33.8142 4364.23
246.995 33.9383 4316.86
244.761 40.7448 3677.2
254.387 39.7997 3830.01
253.777 46.6885 3692.16
249.6 44.5652 4753.65
254.618 31.6985 4019.03
246.059 46.8292 3908.92
254.499 37.7456 3878.65
