243.333 33.4915 9.62677e-08
243.263 33.5654 8.77924e-08
243.398 33.4947 9.05552e-08
243.288 33.7141 8.39238e-08
243.439 33.3516 9.78353e-08
243.577 32.8927 7.3744e-08
243.152 33.63 8.45854e-08
241.512 32.915 1.10003e-05
242.829 33.4577 8.57389e-08
243.387 33.5519 8.33871e-08
243.574 33.5234 7.73701e-08
243.325 33.5736 8.67773e-08
238.134 37.954 1.69484e-07
239.613 38.0346 1.40467e-07
237.542 38.3453 1.79934e-07
236.999 37.6978 1.83649e-07
237.284 39.6547 1.4548e-07
236.928 38.9935 1.84475e-07
237.043 42.6071 1.03864e-07
235.97 40.8175 1.79835e-07
240.681 37.3236 1.17532e-07
237.12 38.1448 1.64771e-07
237.557 38.8787 1.79584e-07
238.5 39.5545 9.02521e-08
238.713 37.008 1.38801e-07
239.458 35.9452 1.49549e-07
237.459 40.5799 9.06808e-08
241.17 35.1269 1.38735e-07
240.896 35.3444 7.42895e-06
243.328 32.6801 8.79617e-08
243.079 34.2623 1.0811e-07
244.546 33.6551 7.79458e-08
244.002 34.0006 7.38776e-08
242.341 34.2388 1.02769e-07
241.974 34.3334 1.06101e-07
241.585 33.4019 9.40444e-08
241.92 36.4399 1.24089e-07
241.666 34.2535 1.06101e-07
242.991 33.65 9.16437e-08
241.545 34.1062 1.23954e-07
242.006 34.8811 1.04069e-07
243.137 36.467 7.8733e-08
245.173 33.0515 6.82262e-08
244.34 34.7846 8.66948e-08
242.634 36.9961 7.79625e-08
243.194 35.3018 1.02485e-07
244.855 34.1574 7.14641e-08
241.526 35.6628 8.61454e-08
243.404 33.0859 9.86454e-08
240.934 34.1082 1.27234e-07
242.318 35.4795 9.70705e-08
241.164 37.6302 9.85363e-08
242.511 36.058 1.11704e-07
240.186 34.8885 1.53233e-07
242.805 33.6 8.64741e-08
241.942 34.2236 8.99676e-08
241.276 34.6145 1.24767e-07
245.858 34.3034 7.03999e-08
239.454 35.4077 1.21204e-07
243.137 33.3536 8.25564e-08
240.756 36.3052 1.10673e-07
241.596 33.7435 1.0846e-07
243.003 34.8753 1.0971e-07
240.285 34.4408 1.45752e-07
241.453 32.9799 1.09431e-07
240.365 33.9954 1.45956e-07
242.338 33.5526 1.02996e-07
243.725 35.8995 7.05653e-08
242.717 35.8909 5.65282e-08
240.004 35.3142 1.49074e-07
240.476 33.2479 1.42448e-07
242.902 34.1065 1.12291e-07
241.77 37.0542 1.12829e-07
244.076 35.4358 7.50387e-08
241.714 34.0192 1.16818e-07
241.882 34.4837 1.14946e-07
236.695 44.5855 2.44444e-07
240.241 39.3104 4.52288e-08
242.895 32.8889 9.83437e-08
247.772 32.7006 5.86645e-08
244.411 48.4694 8.82303e-08
237.827 37.1311 1.6192e-07
245.427 47.6795 1.43066e-07
245.541 47.0943 1.0504e-07
245.812 46.4423 7.84349e-08
246.507 46.4162 1.06614e-07
236.441 45.9306 2.0879e-07
237.581 45.9325 2.19452e-07
246.63 45.8122 8.39764e-08
247.507 45.8409 1.2246e-07
236.719 45.3153 2.52793e-07
237.522 45.2059 2.26559e-07
238.683 45.2422 2.10621e-07
247.511 45.166 7.35155e-08
236 44.6764 2.77092e-07
236.708 44.6765 2.65224e-07
237.814 44.6837 2.24933e-07
238.773 44.6473 2.20129e-07
240.435 44.5913 1.35095e-07
238.449 36.3887 1.58719e-07
236.17 44.0035 2.79347e-07
236.722 43.9726 2.56079e-07
237.589 43.7941 2.16687e-07
238.733 44.1626 2.18061e-07
239.789 43.9437 1.18341e-07
236.425 43.3654 2.02768e-07
237.035 43.3717 2.08638e-07
237.891 43.2406 1.74368e-07
238.764 43.2843 1.83499e-07
239.847 43.2515 1.34846e-07
240.69 43.3736 1.32192e-07
241.526 43.358 1.1073e-07
235.531 42.8088 1.31014e-07
236.51 42.7667 1.49354e-07
238.269 42.6133 1.10018e-07
239.107 42.7258 1.08863e-07
239.749 42.7991 9.37268e-08
240.753 42.6912 9.89899e-08
241.514 42.7308 9.75217e-08
242.275 42.6996 8.45458e-08
238.109 42.175 6.73151e-08
241.656 42.1901 8.63009e-08
239.26 38.7552 1.1846e-07
235.878 41.8473 4.60157e-08
236.694 40.822 5.60863e-08
242.476 40.852 5.1828e-08
236.18 40.1398 1.99844e-07
237.212 40.1767 1.47697e-07
237.968 39.9971 9.39838e-08
239.082 39.962 5.63277e-08
241.845 40.2903 6.88156e-08
245.255 40.2679 1.07702e-07
236.662 39.469 1.93273e-07
239.392 39.3028 9.01212e-08
237.986 38.6333 1.76165e-07
239.064 38.2571 1.43315e-07
239.924 38.7028 9.40391e-08
240.549 38.5226 9.32874e-08
240.953 38.089 9.27166e-08
238.672 37.5049 1.67491e-07
239.67 37.346 1.22972e-07
240.151 37.8817 1.21044e-07
241.829 37.4993 8.13473e-08
238.214 39.2291 1.31946e-07
239.326 36.8953 1.49174e-07
240.291 37.0069 1.21625e-07
239.217 36.3627 1.47606e-07
239.88 36.3356 1.47091e-07
243.67 36.4193 8.30109e-08
238.764 36.0214 1.54402e-07
239.13 35.636 1.45219e-07
240.097 35.8667 1.54573e-07
247.109 34.4692 5.78703e-08
245.476 33.7503 6.06293e-08
246.171 33.8142 6.14034e-08
246.995 33.9383 5.91568e-08
244.761 40.7448 9.50684e-08
254.387 39.7997 1.76305e-07
253.777 46.6885 5.04226e-08
249.6 44.5652 2.50533e-07
254.618 31.6985 5.81763e-08
246.059 46.8292 6.67971e-08
254.499 37.7456 2.02459e-07
