X14501 104.896 24.6674
X14502 105.105 24.9262
X14503 105.620 24.5656
X14504 105.424 24.3583
X14505 105.184 24.5116
X14506 105.859 24.3511
X14507 106.138 24.5861
X14508 106.199 24.1874
X14509 106.663 24.934
X14510 106.740 24.3495
X14511 106.471 24.6132
X14512 106.517 23.9963
X14513 106.957 23.9798
X14514 106.421 23.7062
X14515 106.761 23.6816
X14516 106.961 23.3989
X14517 105.858 23.3255
X14518 106.619 23.3315
X14519 106.289 23.4376
X14520 106.237 23.1586
X14521 106.601 23.0229
X14522 106.954 23.0535
X14523 106.645 22.4706
X14524 107.020 22.5114
X14525 107.013 24.8759
X152026 104.066 26.7611
X152027 104.529 26.7580
X152028 104.994 26.7614
X152029 105.727 26.6939
X152030 106.106 26.6808
X152031 106.630 26.7400
X152032 104.689 26.3071
X152033 105.129 26.2104
X152034 105.565 26.2984
X152035 106.649 26.3581
X152036 104.546 25.9002
X152037 104.971 25.9151
X152038 105.581 25.9114
X152039 106.123 25.9263
X152040 106.588 25.9383
X152041 104.980 25.4681
X152042 105.619 25.6054
X152043 106.173 25.6325
X152044 106.702 25.6066
X152045 106.602 25.3087
X152046 106.139 25.2994
X152047 105.650 25.2400
X152048 105.060 25.2093
X152049 105.530 24.9500
X152050 105.940 24.8200
X151001 105.5 29.16
X151002 105.981 29.1578
X151003 106.388 29.1086
X151004 106.82 29.08
X151005 107.09 29.06
X151006 104.796 28.8202
X151007 105.157 28.8073
X151008 105.746 28.9201
X151009 106.141 28.8744
X151010 106.619 28.8763
X151011 105.249 28.5589
X151012 105.677 28.6477
X151013 106.095 28.5551
X151014 106.41 28.61
X151015 106.75 28.65
X151016 106.977 28.6462
X151017 104.871 28.3692
X151018 105.18 28.24
X151019 105.536 28.2978
X151020 105.817 28.3475
X151021 106.238 28.3118
X151022 106.559 28.3159
X151023 106.976 28.1985
X151024 104.839 28.0948
X151025 105.336 28.0034
X151026 105.77 28.04
X151027 106.127 27.9707
X151028 106.565 28.0154
X151029 107.111 27.9383
X151030 105.586 27.816
X151031 105.955 27.7034
X151032 106.285 27.7092
X151033 106.648 27.726
X151034 107.015 27.6866
X151035 105.57 27.3942
X151036 106.061 27.3922
X151037 106.441 27.4058
X151038 106.959 27.3651
X151039 103.88 27.1038
X151040 104.459 27.0543
X151041 104.915 27.0848
X151042 105.42 27.05
X151043 105.861 27.0242
X151044 106.335 27.0559
X151045 106.888 27.0677
X151046 99.2871 28.8089
X151047 99.8921 28.7181
X151048 100.298 29.0376
X151049 100.35 28.56
X151050 101.93 28.62
X151051 101.63 28.23
X151052 99.2546 28.418
X151053 100.86 28.54
X151054 100.732 27.8002
X151055 100.849 28.1583
X151056 101.934 27.7508
X151057 101.468 27.7565
X151058 101.486 27.1347
X151059 101.88 27.21
X151060 99.36 29.01
X153001 98.6124 29.0273
X153002 99.0227 28.9518
X153003 98.6851 28.7346
X153004 98.9107 28.4907
X153005 98.9073 28.0673
X153006 99.2933 28.2489
X153007 99.6839 28.5758
X153008 99.4917 28.0262
X153009 99.7434 28.1529
X153010 100.207 27.799
X153011 100.064 27.4977
X153012 100.024 27.247
X153013 99.0588 27.6911
X153014 99.0865 27.3635
X153015 99.1723 27.0979
X153016 99.4114 27.6054
X153017 98.6083 28.0224
X153018 98.34 27.87
X153019 98.8433 27.377
X153020 98.8688 27.0277
X153021 98.8986 26.6923
X153022 99.3807 26.8658
X153023 99.1532 26.7372
X153024 99.5506 26.6653
X153025 99.4184 26.4634
X153026 99.1423 26.4552
X153027 98.8863 26.3577
X153028 99.1301 26.2005
X153029 99.8962 26.538
X153030 100.175 26.3647
X153031 100.252 26.1294
X153032 99.4303 26.2036
X153033 99.4024 25.6322
X153034 100.517 25.8486
X153035 100.856 25.9242
X153036 99.8317 25.8148
X153037 99.7276 25.5407
X153038 99.4137 25.2954
X153039 99.777 25.3418
X153040 100.493 25.3512
X153041 100.216 25.0148
X153042 99.9868 25.4893
X153043 100.322 25.2415
X153044 100.523 25.0541
X153045 100.896 25.5945
X153046 100.499 25.5666
X153047 100.899 25.323
X153048 100.095 25.9077
X153049 99.6385 27.2991
X153050 99.9 26.84
X153051 100.411 27.4246
X153052 100.398 27.1527
X153053 100.64 27.7747
X153054 100.791 26.9949
X153055 100.842 27.2945
X153056 100.999 26.9939
X153057 100.481 26.7524
X153058 100.493 26.5425
X153059 100.596 26.2944
X153060 101.028 26.4412
X153061 98.5434 25.5117
X153062 98.34 25.22
X153063 98.6668 24.9037
X153064 98.4848 24.7484
X153065 99.2375 25.4847
X153066 98.8431 25.1963
X153067 98.8634 25.4504
X153068 98.8349 24.6942
X153069 99.0327 24.5548
X153070 99.0384 24.3221
X153071 99.4801 25.048
X153072 99.6452 24.8769
X153073 99.8346 24.9958
X153074 99.3405 24.5305
X153075 99.62 24.53
X153076 99.1663 24.7523
X153077 97.9351 25.1078
X153078 97.9699 24.723
X153079 97.6569 24.6108
X153080 98.2174 24.6619
X153081 98.0252 24.4972
X153082 97.7332 24.3999
X153083 97.7857 24.1827
X153084 97.6622 23.9026
X153085 98.3382 24.3368
X153086 98.5653 24.1349
X153087 100.091 24.865
X153088 99.8799 24.7112
X153089 100.199 24.7084
X153090 99.9445 24.3191
X153091 100.469 24.5924
X153092 100.369 24.1604
X153093 99.5529 24.2045
X153094 99.0266 23.8965
X153095 99.7357 24.0106
X153096 99.5713 23.7032
X153097 99.3924 23.5461
X153098 98.88 23.56
X153099 99.8433 23.4663
X153100 100.04 23.4268
X153101 99.0983 23.2908
X153102 100.72 24.6418
X153103 100.808 24.4547
X153104 100.412 23.9585
X153105 100.781 24.1994
X153106 101.105 23.9973
X153107 100.967 23.6958
X153108 100.29 23.59
X153109 100.75 23.3
X153110 100.631 23.0675
X153111 100.215 23.2228
X153112 101.053 23.014
X153113 101.46 22.78
X153114 101.392 23.2763
X153115 101.28 23.5963
X153116 101.632 23.0255
X153117 101.694 23.3731
X153118 100.568 22.5705
X153119 100.613 22.826
X153120 99.9146 23.1331
X153121 99.7644 22.8708
X153122 100.204 22.8035
X153123 100.267 22.5753
X153124 100.044 22.2647
X153125 101.868 22.5751
X153126 101.539 22.4532
X153127 102.207 22.4943
X153128 99.6086 22.5937
X153129 99.2088 22.1759
X153130 101.054 22.5031
X153131 100.861 22.118
X153132 100.723 21.6888
X153133 100.51 22.31
X153134 100.44 21.9176
X153135 100.033 21.6972
X153136 100.362 21.5583
X153137 101.488 22.1643
X153138 101.243 21.8993
X153139 101.191 21.6945
X153140 101.366 21.6513
X153141 101.628 21.7239
X153142 101.294 21.2684
X153143 101.693 21.1886
X153144 101.19 26.3549
X153145 101.081 26.0078
X153146 101.654 26.0612
X153147 101.935 25.4711
X153148 102.103 25.8259
X153149 101.541 25.3069
X153150 102.076 25.1538
X153151 100.816 25.0394
X153152 101.241 24.7623
X153153 101.632 24.6878
X153154 101.587 24.3764
X153155 102.571 26.1743
X153156 102.455 25.8697
X153157 102.85 25.9078
X153158 102.661 25.388
X153159 102.492 25.2151
X153160 102.343 24.9789
X153161 103.146 24.9133
X153162 103.393 25.0685
X153163 102.6 24.789
X153164 103.434 24.6617
X153165 102.996 24.6289
X153166 102.98 24.41
X153167 102.438 24.4435
X153168 102.4 24.172
X153169 102.005 24.0461
X153170 101.569 24.0307
X153171 103.758 24.5411
X153172 103.644 24.2527
X153173 103.44 24.0734
X153174 103.127 24.0201
X153175 102.361 23.854
X153176 103.235 23.702
X153177 103.552 23.2028
X153178 103.508 23.4483
X153179 101.976 23.2752
X153180 102.34 23.3627
X153181 101.962 22.9602
X153182 102.388 22.9849
X153183 102.239 22.8056
X153184 102.785 23.1817
X153185 102.804 22.9312
X153186 103.161 22.6065
X153187 103.197 23.0956
X153188 103.707 22.9606
X153189 103.961 22.8105
X153190 103.998 22.526
X153191 104.042 24.2996
X153192 104.423 24.2851
X153193 103.837 24.058
X153194 104.374 24.0768
X153195 103.619 23.7528
X153196 104.245 23.7898
X153197 104.573 23.7579
X153198 103.886 23.5849
X153199 104.008 23.1963
X153200 104.784 24.1396
X153201 104.391 23.0317
X153202 105.045 23.3674
X153203 105.589 23.975
X153204 104.717 22.8804
X153205 105.439 23.3279
X153206 105.968 23.772
X153207 105.057 24.2999
X153208 105.097 24.039
X153209 105.199 23.762
X153210 104.669 23.4411
X153211 103.991 24.8184
X153212 104.076 24.5394
X153213 104.447 24.6927
X153214 104.387 25.3524
X153215 104.619 24.9768
X153216 103.531 24.8953
X153217 104.073 25.206
X153218 103.765 25.4834
X153219 103.895 25.7508
X153220 104.309 25.6494
X153221 104.698 25.2619
X153222 104.367 26.342
X153223 103.292 26.4083
X153224 103.564 26.1227
X153225 103.853 26.4646
X153226 103.175 25.5252
X153227 103.346 26.9948
X153228 103.188 27.2286
X153229 103.517 27.6011
X153230 103.642 28.2275
X153231 103.538 27.9992
X153232 103.481 27.7601
X153233 103.309 27.6376
X153234 104.123 28.2702
X153235 104.05 27.6343
X153236 104.095 27.3593
X153237 104.475 27.856
X153238 105.041 27.8516
X153239 104.464 27.5002
X153240 104.867 27.4406
