216.3 60.3932 190.05
208.846 60.7683 149.662
208.763 59.5251 185.269
209.738 62.4058 101.138
217.513 60.0823 208.079
212.624 63.0753 97.9637
214.25 60.5487 173.526
196.582 54.8564 362.614
213.401 60.7277 160.886
188.296 63.7758 260.635
203.121 64.7461 74.784
218.244 60.7315 199.223
216.976 61.3836 172.827
211.14 63.4056 78.8445
198.929 70.2043 164.309
203.383 71.3221 164.911
205.026 71.0033 151.213
198.198 69.3641 152.767
202.84 70.0079 133.254
205.387 69.6211 113.068
206.58 70.34 131.083
194.656 68.2746 169.175
196.822 68.4753 149.433
205.217 69.1565 101.131
209.387 69.836 113.581
211.299 69.72 114.668
215.088 69.9175 135.688
216.289 69.626 137.187
196.917 67.6988 141.134
201.885 68.4946 107.11
203.387 68.7132 102.078
207.318 68.8799 87.178
209.319 68.9656 90.0542
211.177 69.1532 100.01
213.625 69.322 113.844
219.035 69.243 151.688
221.263 69.3286 171.282
198.174 67.082 122.78
199.397 67.4213 112.162
202.768 67.4572 79.3144
203.811 68.2575 86.7981
206.028 68.4414 80.7602
214.432 68.1207 92.6275
218.405 68.1861 128.252
220.465 68.6043 153.029
222.103 68.3889 166.079
223.281 66.3701 171.284
193.671 65.4742 181.49
195.352 65.7077 160.424
198.75 66.442 116.269
200.349 66.6001 96.7166
202.227 66.8332 77.8572
214.357 67.5933 82.0392
215.855 67.6946 96.762
220.128 67.6136 139.933
224.214 67.6106 183.446
226.258 67.441 204.705
195.961 64.9941 157.767
197.645 65.3936 134.644
199.349 65.5011 113.541
201.346 65.895 88.3307
216.215 66.9498 93.1119
218.345 66.8088 115.531
221.978 66.9116 157.246
223.778 66.9808 176.437
225.729 66.9227 198.283
197.761 64.6379 139.377
200.087 64.937 109.24
201.637 65.1527 89.225
218.473 66.2305 117.38
221.631 66.2191 153.3
225.657 65.8052 199.507
214.843 62.3987 132.026
199.305 63.8864 128.337
216.846 65.3064 100.675
218.385 65.6035 117.68
220.064 65.4483 137.745
221.694 65.3609 157.443
223.623 65.2225 179.825
196.446 62.7492 177.27
199.398 63.2842 135.222
200.922 63.3965 116.163
203.285 63.465 95.9506
204.379 63.994 74.9363
214.63 64.613 79.5018
216.436 64.5012 101.267
221.784 64.453 165.972
221.784 64.4525 165.326
223.67 64.5753 186.219
195.344 61.9331 202.834
198.469 62.2938 164.231
201.699 62.7161 127.273
205.93 63.3569 81.7638
214.222 63.8036 89.8348
217.924 64.0292 123.125
222.48 63.8433 179.063
197.317 61.3416 194.952
198.513 61.678 176.616
200.525 61.7105 159.854
201.703 62.1344 140.659
203.311 62.2195 125.915
205.146 62.1816 116.205
206.12 62.4787 103.896
216.652 63.0254 127.325
218.173 63.0618 141.723
221.871 63.109 181.316
193.799 60.3849 249.413
196.65 60.4135 222.329
198.04 60.7515 202.07
199.312 60.6947 192.833
201.041 61.0224 173.238
202.562 61.4009 151.478
204.176 61.4907 139.167
205.609 61.9037 121.958
206.868 61.8823 118.152
209.88 61.7531 119.257
212.274 61.7929 128.012
213.825 62.1067 129.779
217.004 62.4013 147.494
218.122 62.3579 157.501
221.538 62.4435 187.459
223.206 62.5763 205.053
225.609 62.2024 237.516
198.315 59.9237 217.787
199.908 60.1686 201.459
201.231 60.4742 184.516
202.813 60.5269 172.82
204.11 60.6801 162.785
205.516 60.8132 154.138
207.791 61.2001 136.45
215.402 61.6061 153.983
222.911 61.4593 220.69
224.22 61.4862 234.457
226.918 61.1512 268.34
198.736 59.2533 232.061
200.175 59.1767 226.703
201.907 59.5938 205.131
202.905 59.7733 194.235
204.792 59.8542 182.666
205.68 60.1952 170.076
207.376 60.0815 169.987
210.276 60.4814 158.591
219.809 60.7718 212.153
221.424 60.3024 237.844
223.909 60.7704 244.532
190.452 56.6011 366.572
202.009 59.0314 219.334
203.561 59.1953 206.688
204.771 59.3922 196.688
206.768 59.6524 183.365
212.597 59.9979 177.109
222.262 59.6304 260.921
223.04 60.1218 257.089
226.285 59.5898 290.984
227.183 60.2114 289.191
203.344 58.6774 221.618
204.113 58.2637 230.637
204.991 58.6484 216.741
206.355 58.9287 204.975
207.606 58.6097 212.433
227.731 58.9601 316.677
202.426 57.5673 258.688
203.613 57.6397 250.142
205.548 57.5665 247.417
224.26 58.4133 305.331
225.482 58.2747 320.229
229.033 59.3946 325.627
197.939 55.703 332.532
200.447 56.2848 304.843
223.768 57.9616 310.708
225.424 57.4688 336.961
226.879 56.1146 381.071
228.385 55.3279 414.569
