194.627 64.5646 190.006
217.909 60.4896 247.801
217.654 61.036 231.396
217.507 60.403 246.559
218.338 61.0595 236.989
220.363 59.9534 296.274
216.3 60.3932 236.652
225.144 58.5792 370.077
216.716 60.1205 253.36
215.395 60.9677 209.739
209.013 64.0997 62.3473
209.094 59.7511 220.442
209.259 59.7417 221.306
210.701 64.1732 75.6825
208.846 60.7683 179.748
207.916 63.4188 80.4559
212.195 64.6453 82.4356
204.377 55.8218 350.234
200.411 54.831 407.157
207.685 63.8827 63.5813
208.763 59.5251 224.526
209.796 67.2269 66.2038
216.907 60.7523 229.934
218.66 60.9649 243.248
209.738 62.4058 122.465
217.513 60.0823 259.538
212.624 63.0753 124.707
215.93 63.6482 148.755
214.25 60.5487 212.761
196.582 54.8564 426.947
213.401 60.7277 198.134
209.784 61.1426 168.405
214.766 66.5657 114.29
188.296 63.7758 291.598
203.121 64.7461 66.1829
211.074 61.771 149.411
216.188 61.4417 204.591
212.904 60.8792 190.138
215.271 60.5805 221.569
216.679 60.2805 244.852
218.244 60.7315 245.572
213.052 64.4091 97.9963
213.496 60.396 210.847
215.738 60.3351 233.294
208.349 59.6572 217.364
217.659 60.6024 242.444
225.615 58.2758 391.261
215.581 59.9268 252.593
216.749 60.4427 239.538
214.077 61.4924 181.653
197.4 66.8951 146.687
209.077 63.5527 80.0178
217.277 60.2474 250.768
218.995 60.824 250.428
216.976 61.3836 215.088
211.063 63.7318 91.1277
211.768 64.9602 72.4149
218.049 60.1785 259.754
209.256 65.0304 37.6414
210.931 64.5928 67.3649
216.031 60.2361 230.851
214.53 62.9699 147.214
219.748 60.0959 280.064
220.599 59.667 302.351
214.475 65.5174 103.802
207.811 62.8962 98.4801
217.533 61.1871 226.033
215.323 60.3863 230.011
210.261 61.0889 169.324
197.092 68.0541 165.337
215.154 63.7399 138.14
218.652 60.2994 261.516
211.14 63.4056 101.061
219.217 60.1294 273.25
211.668 61.807 151.769
212.671 61.832 159.214
216.01 63.9761 142.269
205.816 56.5593 318.824
208.468 61.98 132.74
209.777 60.5117 191.047
189.752 57.1766 413.232
209.253 61.4636 153.941
217.161 60.1791 252.811
210.547 60.1043 203.444
218.856 60.4399 259.923
217.171 60.7541 232.478
192.073 65.5598 217.471
209.711 63.4502 87.6797
216.546 61.2275 214.057
211.449 62.8295 120.397
211.415 62.9628 116.13
211.462 62.6812 124.847
212.058 62.8349 125.699
211.771 63.0624 116.547
212.26 62.5808 134.167
211.152 62.8331 117.881
217.147 60.448 242.595
211.908 64.4716 82.1551
218.249 60.3583 256.022
198.929 70.2043 210.815
203.382 71.3221 224.877
198.198 69.3641 191.077
202.84 70.0079 180.888
205.387 69.6211 150.924
206.58 70.34 176.65
194.656 68.2746 199.747
196.822 68.4753 176.361
198.806 68.6483 158.579
200.413 69.1049 160.157
205.217 69.1565 132.647
209.387 69.836 162.786
211.299 69.72 162.339
215.088 69.9175 185.574
216.289 69.626 187.184
235.93 69.3475 402.145
196.917 67.6988 161.22
201.885 68.4946 127.205
203.387 68.7132 124.002
207.318 68.8799 117.108
209.319 68.9656 124.864
211.177 69.1532 139.699
213.625 69.322 156.653
219.035 69.243 205.283
221.263 69.3286 231.29
198.174 67.082 135.464
199.397 67.4213 125.727
202.768 67.4572 88.4271
203.811 68.2575 104.991
206.028 68.4414 99.9523
208.187 68.1343 89.0765
210.384 68.0584 95.7685
211.513 68.0748 104.624
214.432 68.1207 130.873
222.103 68.3889 224.785
223.281 66.3701 233.484
193.671 65.4742 195.181
195.352 65.7077 170.278
198.75 66.442 122.532
200.349 66.6001 101.571
202.227 66.8332 80.5856
204.275 67.0486 64.0928
206.517 67.2221 55.9515
207.821 67.5076 66.0092
212.113 67.5187 93.7376
214.357 67.5933 120.062
215.855 67.6946 140.219
220.128 67.6136 194.065
224.214 67.6106 246.978
226.258 67.441 276.075
195.961 64.9941 165.952
197.645 65.3936 138.412
199.349 65.5011 113.677
201.346 65.895 84.5578
202.913 66.1434 62.8771
208.493 66.9214 48.4331
209.976 66.7108 53.5302
212.525 66.7004 84.499
213.899 66.7653 103.655
216.215 66.9498 137.034
218.345 66.8088 164.762
221.978 66.9116 214.921
223.778 66.9808 240.456
225.729 66.9227 266.803
197.761 64.6379 143.627
200.087 64.937 107.206
201.637 65.1527 82.5969
203.551 65.5276 52.7193
210.457 65.8251 46.9712
212.122 65.8371 70.8051
214.181 66.267 103.491
218.474 66.2305 163.084
221.631 66.2191 209.491
225.657 65.8052 268.671
214.843 62.3987 164.551
199.305 63.8864 131.827
205.522 64.7962 38.6001
210.64 65.1479 53.2161
218.385 65.6035 165.436
223.623 65.2225 236.445
196.446 62.7492 191.655
200.922 63.3965 121.651
203.285 63.465 95.2611
204.379 63.994 71.5687
205.853 64.1767 55.2206
214.63 64.613 116.185
216.436 64.5012 140.11
221.784 64.453 215.258
221.784 64.4525 215.186
223.67 64.5753 239.763
195.345 61.9331 223.345
198.469 62.2938 176.929
201.699 62.7161 129.445
205.93 63.3569 82.1899
214.222 63.8036 125.403
222.48 63.8433 233.157
197.317 61.3416 213.233
198.513 61.678 191.326
200.525 61.7105 168.85
201.703 62.1344 147.228
203.311 62.2195 134.447
205.146 62.1816 125.58
206.12 62.4787 112.269
216.652 63.0254 172.155
218.173 63.0618 186.388
221.871 63.109 236.298
199.312 60.6947 209.686
201.041 61.0224 186.628
202.562 61.4009 166.382
204.176 61.4907 152.508
205.608 61.9037 133.473
206.868 61.8823 133.121
209.88 61.7531 145.065
212.274 61.7929 156.999
213.825 62.1067 162.689
217.004 62.4013 190.476
218.122 62.3579 204.944
221.538 62.4435 243.584
223.207 62.5763 263.285
225.609 62.2024 301.028
198.315 59.9237 241.112
199.908 60.1686 221.495
201.231 60.4742 203.788
202.813 60.5269 193.051
204.11 60.6801 179.557
205.516 60.8132 170.559
207.791 61.2001 158.909
215.402 61.6061 192.907
222.911 61.4593 284.17
224.22 61.4862 298.515
226.918 61.1512 340.505
198.736 59.2533 258.697
200.175 59.1767 253.114
201.907 59.5938 229.251
202.905 59.7733 215.405
204.792 59.8542 205.277
205.68 60.1952 191.547
207.376 60.0815 194.876
210.276 60.4814 189.289
219.809 60.7718 266.406
221.424 60.3024 294.699
223.909 60.7704 311.524
190.452 56.6011 425.933
203.561 59.1953 230.172
204.771 59.3922 220.425
206.768 59.6524 209.99
212.597 59.9979 216.875
222.262 59.6304 321.134
223.04 60.1218 312.974
226.285 59.5898 368.478
227.183 60.2114 364.103
212.566 65.1171 80.5522
203.344 58.6774 247.997
204.113 58.2637 259.174
204.991 58.6484 244.163
206.355 58.9287 234.599
207.606 58.6097 247.232
213.66 59.4296 252.011
227.731 58.9601 401.248
202.426 57.5673 292.547
203.613 57.6397 282.191
205.548 57.5665 282.76
224.26 58.4133 373.829
225.482 58.2747 390.371
229.033 59.3946 405.351
197.939 55.703 386.75
223.768 57.9616 382.571
225.424 57.4688 410.987
228.869 57.9128 441.638
227.048 56.8144 426.546
212.138 64.8735 78.6207
210.428 68.6408 115.832
226.879 56.1146 463.487
228.385 55.3279 502.256
210.84 64.6544 65.2148
210.867 64.709 64.5049
210.853 64.7716 63.0297
210.847 64.8338 62.0099
210.819 64.8857 60.578
210.44 64.87 54.9908
210.174 64.8537 52.1021
210.069 64.7653 52.7795
210.917 64.5498 68.2332
210.782 64.5716 65.6651
210.554 64.5756 63.2016
210.901 64.613 66.6734
211.172 64.6917 68.9137
209.518 60.7351 184.462
