194.627 64.5646 274.412
217.909 60.4896 156.196
217.654 61.036 138.071
218.338 61.0595 143.947
220.363 59.9534 195.489
225.144 58.5792 279.814
215.395 60.9677 124.844
209.013 64.0997 60.4827
209.094 59.7511 170.199
209.259 59.7417 168.667
208.846 60.7683 146.721
209.796 67.2269 107.715
216.907 60.7523 140.143
218.66 60.9649 149.686
209.738 62.4058 85.035
221.785 59.0906 232.167
212.624 63.0753 47.3807
214.225 61.1292 114.907
215.93 63.6482 50.1582
214.25 60.5487 136.068
213.401 60.7277 126.747
209.784 61.1426 122.837
214.766 66.5657 77.2618
188.296 63.7758 373.548
211.074 61.771 94.5605
212.904 60.8792 120.767
215.271 60.5805 138.283
218.244 60.7315 151.622
213.496 60.396 138.877
215.738 60.3351 148.155
208.349 59.6572 189.128
217.659 60.6024 150.973
225.615 58.2758 293.982
215.581 59.9268 167.853
216.749 60.4427 148.852
217.639 60.9231 140.96
214.077 61.4924 102.224
211.542 61.4131 103.593
209.077 63.5527 67.0139
218.995 60.824 157.125
216.976 61.3836 122.063
218.049 60.1785 168.163
209.256 65.0304 60.2189
216.031 60.2361 153.351
191.145 52.9721 557.195
214.53 62.9699 55.3651
219.748 60.0959 184.553
220.599 59.667 193.154
214.475 65.5174 42.1603
207.811 62.8962 96.0087
217.533 61.1871 120.797
211.667 60.8584 122.568
215.323 60.3863 146.241
210.261 61.0889 121.563
197.092 68.0541 256.559
215.154 63.7399 39.2187
218.652 60.2994 168.291
211.14 63.4056 45.2001
219.217 60.1294 178.856
211.668 61.807 90.6306
212.671 61.832 88.0829
216.01 63.9761 45.5918
214.792 60.5341 139.688
208.468 61.98 110.185
209.777 60.5117 141.744
189.752 57.1766 460.919
209.253 61.4636 115.407
210.547 60.1043 149.902
218.856 60.4399 153.864
217.171 60.7541 142.174
192.073 65.5598 306.403
209.711 63.4502 60.9611
216.546 61.2275 123.042
211.449 62.8295 59.2803
211.415 62.9628 55.7655
211.462 62.6812 64.5575
212.058 62.8349 56.6585
211.771 63.0624 49.9493
212.26 62.5808 63.974
211.152 62.8331 60.9737
217.147 60.448 152.016
218.249 60.3583 163.101
226.475 68.3065 228.044
234.753 71.9871 384.063
235.93 69.3475 345.493
223.281 66.3701 160.797
210.64 65.1479 44.0723
217.924 64.0292 72.674
216.652 63.0254 72.4759
213.825 62.1067 81.1357
215.402 61.6061 102.703
210.276 60.4814 139.639
213.66 59.4296 178.501
210.428 68.6408 153.35
