221.171 59.4924 342.544
194.627 64.5646 260.094
217.909 60.4896 303.099
217.654 61.036 285.339
218.338 61.0595 287.551
220.363 59.9534 335.834
225.144 58.5792 408.947
215.395 60.9677 277.098
209.013 64.0997 160.078
209.094 59.7511 316.434
209.259 59.7417 314.737
210.701 64.1732 157.706
208.846 60.7683 279.884
207.916 63.4188 185.034
212.195 64.6453 142.992
204.377 55.8218 456.173
200.411 54.831 507.728
207.685 63.8827 170.528
208.763 59.5251 325.21
209.796 67.2269 51.0087
216.907 60.7523 279.848
218.66 60.9649 292.94
209.738 62.4058 219.104
221.785 59.0906 371.278
212.624 63.0753 198.559
214.225 61.1292 267.774
215.93 63.6482 189.594
214.25 60.5487 288.78
196.582 54.8564 529.085
213.401 60.7277 278.6
209.784 61.1426 262.907
214.766 66.5657 95.7518
203.121 64.7461 168.887
211.074 61.771 239.985
212.904 60.8792 272.638
215.271 60.5805 290.425
218.244 60.7315 299.015
213.052 64.4091 153.326
213.496 60.396 291.18
215.738 60.3351 301.004
208.349 59.6572 324.218
217.659 60.6024 297.557
225.615 58.2758 422.688
215.581 59.9268 320.878
217.639 60.9231 288.405
214.077 61.4924 254.618
211.542 61.4131 252.124
209.077 63.5527 178.714
218.995 60.824 299.981
216.976 61.3836 270.992
211.063 63.7318 173.353
211.768 64.9602 131.448
218.049 60.1785 315.482
209.256 65.0304 127.691
210.931 64.5928 143.493
216.031 60.2361 306.195
191.145 52.9721 631.977
214.53 62.9699 206.835
219.748 60.0959 328.858
220.599 59.667 346.671
214.475 65.5174 124.836
207.811 62.8962 203.63
217.533 61.1871 280.23
211.667 60.8584 271.608
215.323 60.3863 298.206
210.261 61.0889 263.673
197.092 68.0541 182.654
215.154 63.7399 183.075
218.652 60.2994 315.396
211.14 63.4056 184.444
219.217 60.1294 325.851
211.668 61.807 238.592
212.671 61.832 239.002
216.01 63.9761 180.531
214.792 60.5341 292.415
205.816 56.5593 425.033
208.468 61.98 234.278
209.777 60.5117 284.277
189.752 57.1766 506.747
209.253 61.4636 251.827
216.221 60.072 311.645
210.547 60.1043 295.912
218.856 60.4399 312.663
217.171 60.7541 284.566
209.711 63.4502 182.805
216.546 61.2275 270.44
211.449 62.8295 204.551
211.415 62.9628 200.017
211.462 62.6812 209.426
212.058 62.8349 193.042
211.771 63.0624 184.847
212.26 62.5808 213.927
211.152 62.8331 204.459
217.147 60.448 302.939
211.908 64.4716 148.473
218.249 60.3583 310.448
226.475 68.3065 209.312
198.929 70.2043 176.585
203.382 71.3221 137.979
205.026 71.0033 115.645
198.198 69.3641 177.592
205.387 69.6211 82.9346
206.58 70.34 84.9431
200.413 69.1049 144.255
209.387 69.836 49.122
215.088 69.9175 76.2764
216.289 69.626 81.6919
235.93 69.3475 326.772
201.885 68.4946 114.485
203.387 68.7132 98.5164
207.318 68.8799 45.5886
219.035 69.243 109.719
198.174 67.082 171.857
199.397 67.4213 153.108
202.768 67.4572 109.655
203.811 68.2575 89.1833
206.028 68.4414 58.9458
214.432 68.1207 56.5396
218.405 68.1861 105.961
220.465 68.6043 130.366
222.103 68.3889 151.913
223.281 66.3701 191.779
198.75 66.442 174.156
200.349 66.6001 153.467
204.275 67.0486 100.182
206.517 67.2221 72.9172
207.821 67.5076 54.0153
212.113 67.5187 46.89
214.357 67.5933 65.831
215.855 67.6946 81.3293
220.128 67.6136 133.069
224.214 67.6106 185.355
226.258 67.441 212.834
199.349 65.5011 185.928
201.346 65.895 155.827
202.913 66.1434 134.18
206.494 66.5156 92.0999
208.493 66.9214 66.3052
209.976 66.7108 68.6844
212.525 66.7004 74.8786
213.899 66.7653 82.9389
216.215 66.9498 101.46
218.345 66.8088 126.36
221.978 66.9116 166.797
223.778 66.9808 189.742
225.729 66.9227 213.476
197.761 64.6379 222.914
200.087 64.937 192.057
203.551 65.5276 143.675
205.119 65.4924 131.701
207.195 65.6571 113.909
208.623 65.8937 99.8913
210.457 65.8251 99.3831
212.122 65.8371 102.814
214.18 66.267 100.144
214.181 66.267 100.129
218.474 66.2305 140.176
221.631 66.2191 174.959
225.657 65.8052 229.714
214.843 62.3987 226.505
213.052 64.4091 153.35
199.305 63.8864 226.037
205.522 64.7962 150.279
208.018 65.18 125.45
210.64 65.1479 123.361
216.846 65.3064 148.16
218.385 65.6035 155.305
220.065 65.4483 175.42
221.694 65.3609 194.303
223.623 65.2225 217.711
196.446 62.7492 285.15
199.398 63.2842 240.862
200.922 63.3965 225.03
203.285 63.465 204.604
204.379 63.994 181.696
205.853 64.1767 168.155
214.63 64.613 152.42
216.201 64.5654 164.793
216.436 64.5012 168.309
221.784 64.453 218.602
221.784 64.4525 218.839
223.67 64.5753 233.373
195.345 61.9331 317.827
198.469 62.2938 276.749
205.93 63.3569 194.116
214.222 63.8036 177.177
217.924 64.0292 193.183
222.48 63.8433 241.213
197.317 61.3416 313.743
198.513 61.678 294.475
200.525 61.7105 277.615
201.703 62.1344 255.592
203.311 62.2195 244.466
205.146 62.1816 236.361
206.12 62.4787 222.866
216.652 63.0254 213.261
218.173 63.0618 224.053
193.799 60.3849 376.105
196.65 60.4135 347.168
198.04 60.7515 325.665
201.041 61.0224 295.187
202.562 61.4009 275.642
204.176 61.4907 263.338
205.608 61.9037 244.061
206.868 61.8823 241.033
209.88 61.7531 241.224
212.274 61.7929 240.161
213.825 62.1067 233.473
217.004 62.4013 229.965
218.122 62.3579 244.641
221.538 62.4435 266.463
223.207 62.5763 280.627
225.609 62.2024 313.384
199.908 60.1686 329.085
201.231 60.4742 318.668
202.813 60.5269 302.147
204.11 60.6801 290.242
205.516 60.8132 280.082
207.791 61.2001 262.179
215.402 61.6061 255.016
222.911 61.4593 306.803
226.918 61.1512 355.81
198.736 59.2533 364.784
200.175 59.1767 362.535
201.907 59.5938 337.31
202.905 59.7733 326.109
204.792 59.8542 314.649
205.68 60.1952 299.837
207.376 60.0815 299.451
210.276 60.4814 283.707
219.809 60.7718 307.245
221.424 60.3024 332.166
223.909 60.7704 334.205
190.452 56.6011 521.799
202.009 59.0314 355.059
203.561 59.1953 339.82
204.771 59.3922 328.833
206.768 59.6524 315.374
212.597 59.9979 302.207
222.262 59.6304 358.542
223.04 60.1218 348.604
226.285 59.5898 387.494
227.183 60.2114 370.7
212.566 65.1171 128.504
203.344 58.6774 357.486
204.113 58.2637 367.521
204.991 58.6484 352.714
206.355 58.9287 341.264
207.606 58.6097 360.295
213.66 59.4296 330.491
227.731 58.9601 423.094
202.426 57.5673 400.116
203.613 57.6397 390.093
205.548 57.5665 389.825
224.26 58.4133 409.217
225.482 58.2747 421.233
229.033 59.3946 424.024
200.447 56.2848 459.436
223.768 57.9616 407.111
225.424 57.4688 444.781
227.048 56.8144 477.564
229.75 56.9811 499.295
212.138 64.8735 135.308
226.879 56.1146 496.073
229.974 55.9154 533.498
228.385 55.3279 533.294
210.84 64.6544 141.09
210.867 64.709 139.389
210.853 64.7716 137.183
210.847 64.8338 135.001
210.819 64.8857 133.249
210.44 64.87 132.864
210.174 64.8537 133.16
210.069 64.7653 136.222
210.917 64.5498 144.992
210.782 64.5716 143.957
210.554 64.5756 143.214
210.901 64.613 142.769
211.172 64.6917 140.337
212.567 65.1173 128.603
212.57 65.1176 128.569
