194.627 64.5646 264.78
217.654 61.036 160.593
217.507 60.403 179.865
218.338 61.0595 167.031
220.363 59.9534 218.599
216.3 60.3932 171.971
215.395 60.9677 147.621
209.013 64.0997 55.6281
209.259 59.7417 183.552
208.846 60.7683 163.269
207.916 63.4188 82.7787
207.685 63.8827 77.4425
208.763 59.5251 210.232
209.796 67.2269 90.3609
216.907 60.7523 162.635
218.66 60.9649 172.795
209.738 62.4058 94.8803
221.785 59.0906 256.003
212.624 63.0753 64.4148
214.225 61.1292 135.639
215.93 63.6482 70.909
214.25 60.5487 156.801
196.582 54.8564 452.679
213.401 60.7277 145.79
209.784 61.1426 136.527
214.766 66.5657 71.2991
188.296 63.7758 364.745
203.121 64.7461 135.938
211.074 61.771 108.994
216.188 61.4417 134.055
212.904 60.8792 138.877
215.271 60.5805 161.166
218.244 60.7315 174.312
213.496 60.396 158.331
215.738 60.3351 171.825
208.349 59.6572 203.675
217.659 60.6024 173.845
225.615 58.2758 313.285
215.581 59.9268 192.968
216.749 60.4427 173.291
217.639 60.9231 163.213
214.077 61.4924 122.411
211.542 61.4131 119.637
197.4 66.8951 214.805
209.077 63.5527 66.0869
218.995 60.824 180.032
216.976 61.3836 144.426
211.063 63.7318 43.5652
218.049 60.1785 192.032
209.256 65.0304 43.7492
216.031 60.2361 176.974
214.53 62.9699 77.2105
219.748 60.0959 208.253
220.599 59.667 228.939
214.475 65.5174 40.529
207.811 62.8962 97.0859
217.533 61.1871 155.464
211.667 60.8584 139.398
215.323 60.3863 169.287
210.261 61.0889 134.601
197.092 68.0541 241.876
215.154 63.7399 60.3348
218.652 60.2994 191.278
211.14 63.4056 54.1275
219.217 60.1294 203.089
211.668 61.807 106.092
212.671 61.832 106.184
216.01 63.9761 64.1994
214.792 60.5341 160.628
205.816 56.5593 316.274
208.468 61.98 117.153
209.777 60.5117 155.753
189.752 57.1766 466.186
209.253 61.4636 127.707
216.221 60.072 169.239
210.547 60.1043 166.088
218.856 60.4399 188.473
217.171 60.7541 165.219
192.073 65.5598 294.222
209.711 63.4502 62.3135
216.546 61.2275 146.281
211.449 62.8295 72.5604
211.415 62.9628 68.2362
211.462 62.6812 77.6468
212.058 62.8349 71.9741
211.771 63.0624 64.0851
212.26 62.5808 80.4277
211.152 62.8331 73.4433
217.147 60.448 174.8
218.249 60.3583 186.1
226.475 68.3065 231.339
203.382 71.3221 277.933
206.58 70.34 225.385
196.822 68.4753 252.979
198.806 68.6483 223.285
200.413 69.1049 229.254
205.217 69.1565 185.844
209.387 69.836 191.636
211.299 69.72 176.972
215.088 69.9175 185.97
216.289 69.626 180.51
235.93 69.3475 353.6
201.885 68.4946 196.35
203.387 68.7132 185.702
207.318 68.8799 160.454
209.319 68.9656 155.472
211.177 69.1532 156.24
213.625 69.322 160.392
219.035 69.243 172.82
199.397 67.4213 202.741
202.768 67.4572 161.955
203.811 68.2575 179.757
206.028 68.4414 153.529
208.187 68.1343 129.116
210.384 68.0584 116.688
211.513 68.0748 114.647
214.432 68.1207 120.795
218.405 68.1861 146.383
220.465 68.6043 174.735
223.281 66.3701 168.379
193.671 65.4742 272.636
195.352 65.7077 247.436
202.227 66.8332 157.671
204.275 67.0486 137.436
206.517 67.2221 116.723
207.821 67.5076 111.82
212.113 67.5187 94.0107
214.357 67.5933 102.625
215.855 67.6946 113.836
224.214 67.6106 186.13
226.258 67.441 219.398
197.645 65.3936 214.906
199.349 65.5011 190.498
201.346 65.895 161.731
202.913 66.1434 140.913
206.494 66.5156 100.708
208.493 66.9214 89.9824
209.976 66.7108 72.1978
212.525 66.7004 65.1143
213.899 66.7653 72.044
216.215 66.9498 94.6237
218.345 66.8088 111.668
221.978 66.9116 156.801
223.778 66.9808 181.64
225.729 66.9227 206.627
197.761 64.6379 216.288
200.087 64.937 181.396
201.637 65.1527 156.484
203.551 65.5276 129.057
205.119 65.4924 105.374
207.195 65.6571 78.6207
208.623 65.8937 63.6132
210.457 65.8251 42.5732
212.122 65.8371 34.0976
214.18 66.267 58.5164
214.181 66.267 59.2548
218.474 66.2305 102.541
221.631 66.2191 144.019
225.657 65.8052 199.914
214.843 62.3987 96.2927
199.305 63.8864 199.648
205.522 64.7962 100.376
208.018 65.18 62.3088
216.846 65.3064 68.456
218.385 65.6035 93.5743
220.065 65.4483 116.182
221.694 65.3609 138.074
223.623 65.2225 166.895
196.446 62.7492 254.656
199.398 63.2842 202.57
200.922 63.3965 178.097
203.285 63.465 144.246
204.379 63.994 121.885
205.853 64.1767 98.5657
216.201 64.5654 59.6337
216.436 64.5012 63.6435
195.345 61.9331 282.837
198.469 62.2938 231.479
201.699 62.7161 178.81
205.93 63.3569 110.363
214.222 63.8036 49.8216
217.924 64.0292 89.9589
222.48 63.8433 158.115
197.317 61.3416 264.019
198.513 61.678 241.845
200.525 61.7105 214.635
201.703 62.1344 190.7
203.311 62.2195 167.608
205.146 62.1816 144.706
206.12 62.4787 126.166
216.652 63.0254 94.8427
218.173 63.0618 109.868
221.871 63.109 158.049
193.799 60.3849 333.16
196.65 60.4135 294.656
198.04 60.7515 268.76
199.312 60.6947 253.843
202.562 61.4009 196.244
205.608 61.9037 146.314
206.868 61.8823 133.286
209.88 61.7531 114.144
212.274 61.7929 106.575
213.825 62.1067 100.952
217.004 62.4013 115.293
218.122 62.3579 127.58
221.538 62.4435 160.383
223.207 62.5763 185.461
198.315 59.9237 284.131
199.908 60.1686 258.158
201.231 60.4742 235.452
202.813 60.5269 212.32
204.11 60.6801 194.309
205.516 60.8132 177.099
207.791 61.2001 147.915
215.402 61.6061 125.876
222.911 61.4593 205.529
224.22 61.4862 220.907
226.918 61.1512 262.055
201.907 59.5938 247.087
202.905 59.7733 231.166
204.792 59.8542 209.987
205.68 60.1952 192.613
210.276 60.4814 154.283
219.809 60.7718 189.541
221.424 60.3024 218.165
223.909 60.7704 223.084
202.009 59.0314 263.422
203.561 59.1953 240.385
204.771 59.3922 224.262
206.768 59.6524 202.461
212.597 59.9979 169.607
222.262 59.6304 245.005
223.04 60.1218 236.19
226.285 59.5898 278.777
227.183 60.2114 286.705
203.344 58.6774 258.391
204.113 58.2637 262.522
204.991 58.6484 243.974
206.355 58.9287 229.74
213.66 59.4296 201.496
227.731 58.9601 323.055
203.613 57.6397 286.577
205.548 57.5665 280.316
224.26 58.4133 297.975
225.482 58.2747 303.649
229.033 59.3946 317.903
200.447 56.2848 365.911
223.768 57.9616 306.224
225.424 57.4688 334.971
228.869 57.9128 363.355
227.048 56.8144 362.194
229.75 56.9811 396.596
210.428 68.6408 138.254
226.879 56.1146 387.699
228.385 55.3279 423.511
209.518 60.7351 153.929
